<?xml version="1.0" encoding="UTF-8"?>
<testsuite xmlns:xsi="http://www.w3.org/2001/XMLSchema-instance" xsi:noNamespaceSchemaLocation="https://maven.apache.org/surefire/maven-surefire-plugin/xsd/surefire-test-report-3.0.xsd" version="3.0" name="com.cobolrag.rag.RagServiceIntegrationTest" time="66.614" tests="7" errors="0" skipped="0" failures="0">
  <properties>
    <property name="java.specification.version" value="23"/>
    <property name="sun.jnu.encoding" value="UTF-8"/>
    <property name="java.class.path" value="/Users/amoghmargoor/src/luemyn/target/test-classes:/Users/amoghmargoor/src/luemyn/target/classes:/Users/amoghmargoor/.m2/repository/dev/langchain4j/langchain4j/0.27.1/langchain4j-0.27.1.jar:/Users/amoghmargoor/.m2/repository/dev/langchain4j/langchain4j-core/0.27.1/langchain4j-core-0.27.1.jar:/Users/amoghmargoor/.m2/repository/com/google/code/gson/gson/2.10.1/gson-2.10.1.jar:/Users/amoghmargoor/.m2/repository/com/squareup/retrofit2/retrofit/2.9.0/retrofit-2.9.0.jar:/Users/amoghmargoor/.m2/repository/org/apache/opennlp/opennlp-tools/1.9.4/opennlp-tools-1.9.4.jar:/Users/amoghmargoor/.m2/repository/org/jsoup/jsoup/1.16.1/jsoup-1.16.1.jar:/Users/amoghmargoor/.m2/repository/dev/langchain4j/langchain4j-open-ai/0.27.1/langchain4j-open-ai-0.27.1.jar:/Users/amoghmargoor/.m2/repository/dev/ai4j/openai4j/0.13.0/openai4j-0.13.0.jar:/Users/amoghmargoor/.m2/repository/com/squareup/retrofit2/converter-gson/2.9.0/converter-gson-2.9.0.jar:/Users/amoghmargoor/.m2/repository/com/squareup/okhttp3/okhttp-sse/4.10.0/okhttp-sse-4.10.0.jar:/Users/amoghmargoor/.m2/repository/com/knuddels/jtokkit/0.6.1/jtokkit-0.6.1.jar:/Users/amoghmargoor/.m2/repository/org/apache/commons/commons-lang3/3.12.0/commons-lang3-3.12.0.jar:/Users/amoghmargoor/.m2/repository/org/slf4j/slf4j-api/2.0.5/slf4j-api-2.0.5.jar:/Users/amoghmargoor/.m2/repository/ch/qos/logback/logback-classic/1.4.7/logback-classic-1.4.7.jar:/Users/amoghmargoor/.m2/repository/ch/qos/logback/logback-core/1.4.7/logback-core-1.4.7.jar:/Users/amoghmargoor/.m2/repository/org/neo4j/driver/neo4j-java-driver/5.14.0/neo4j-java-driver-5.14.0.jar:/Users/amoghmargoor/.m2/repository/org/reactivestreams/reactive-streams/1.0.4/reactive-streams-1.0.4.jar:/Users/amoghmargoor/.m2/repository/io/netty/netty-handler/4.1.100.Final/netty-handler-4.1.100.Final.jar:/Users/amoghmargoor/.m2/repository/io/netty/netty-common/4.1.100.Final/netty-common-4.1.100.Final.jar:/Users/amoghmargoor/.m2/repository/io/netty/netty-resolver/4.1.100.Final/netty-resolver-4.1.100.Final.jar:/Users/amoghmargoor/.m2/repository/io/netty/netty-buffer/4.1.100.Final/netty-buffer-4.1.100.Final.jar:/Users/amoghmargoor/.m2/repository/io/netty/netty-transport/4.1.100.Final/netty-transport-4.1.100.Final.jar:/Users/amoghmargoor/.m2/repository/io/netty/netty-transport-native-unix-common/4.1.100.Final/netty-transport-native-unix-common-4.1.100.Final.jar:/Users/amoghmargoor/.m2/repository/io/netty/netty-codec/4.1.100.Final/netty-codec-4.1.100.Final.jar:/Users/amoghmargoor/.m2/repository/io/netty/netty-tcnative-classes/2.0.61.Final/netty-tcnative-classes-2.0.61.Final.jar:/Users/amoghmargoor/.m2/repository/io/projectreactor/reactor-core/3.5.11/reactor-core-3.5.11.jar:/Users/amoghmargoor/.m2/repository/io/github/uwol/proleap-cobol-parser/2.4.0/proleap-cobol-parser-2.4.0.jar:/Users/amoghmargoor/.m2/repository/org/antlr/antlr4/4.7/antlr4-4.7.jar:/Users/amoghmargoor/.m2/repository/org/antlr/antlr-runtime/3.5.2/antlr-runtime-3.5.2.jar:/Users/amoghmargoor/.m2/repository/org/antlr/ST4/4.0.8/ST4-4.0.8.jar:/Users/amoghmargoor/.m2/repository/org/abego/treelayout/org.abego.treelayout.core/1.0.3/org.abego.treelayout.core-1.0.3.jar:/Users/amoghmargoor/.m2/repository/org/glassfish/javax.json/1.0.4/javax.json-1.0.4.jar:/Users/amoghmargoor/.m2/repository/com/ibm/icu/icu4j/58.2/icu4j-58.2.jar:/Users/amoghmargoor/.m2/repository/org/antlr/antlr4-runtime/4.7/antlr4-runtime-4.7.jar:/Users/amoghmargoor/.m2/repository/org/antlr/antlr4-maven-plugin/4.7/antlr4-maven-plugin-4.7.jar:/Users/amoghmargoor/.m2/repository/org/apache/maven/maven-plugin-api/3.0.5/maven-plugin-api-3.0.5.jar:/Users/amoghmargoor/.m2/repository/org/apache/maven/maven-model/3.0.5/maven-model-3.0.5.jar:/Users/amoghmargoor/.m2/repository/org/apache/maven/maven-artifact/3.0.5/maven-artifact-3.0.5.jar:/Users/amoghmargoor/.m2/repository/org/sonatype/sisu/sisu-inject-plexus/2.3.0/sisu-inject-plexus-2.3.0.jar:/Users/amoghmargoor/.m2/repository/org/codehaus/plexus/plexus-component-annotations/1.5.5/plexus-component-annotations-1.5.5.jar:/Users/amoghmargoor/.m2/repository/org/codehaus/plexus/plexus-classworlds/2.4/plexus-classworlds-2.4.jar:/Users/amoghmargoor/.m2/repository/org/sonatype/sisu/sisu-inject-bean/2.3.0/sisu-inject-bean-2.3.0.jar:/Users/amoghmargoor/.m2/repository/org/sonatype/sisu/sisu-guice/3.1.0/sisu-guice-3.1.0-no_aop.jar:/Users/amoghmargoor/.m2/repository/org/sonatype/sisu/sisu-guava/0.9.9/sisu-guava-0.9.9.jar:/Users/amoghmargoor/.m2/repository/org/codehaus/plexus/plexus-compiler-api/2.2/plexus-compiler-api-2.2.jar:/Users/amoghmargoor/.m2/repository/org/codehaus/plexus/plexus-utils/3.0.8/plexus-utils-3.0.8.jar:/Users/amoghmargoor/.m2/repository/org/sonatype/plexus/plexus-build-api/0.0.7/plexus-build-api-0.0.7.jar:/Users/amoghmargoor/.m2/repository/org/apache/maven/maven-project/2.2.1/maven-project-2.2.1.jar:/Users/amoghmargoor/.m2/repository/org/apache/maven/maven-settings/2.2.1/maven-settings-2.2.1.jar:/Users/amoghmargoor/.m2/repository/org/apache/maven/maven-profile/2.2.1/maven-profile-2.2.1.jar:/Users/amoghmargoor/.m2/repository/org/apache/maven/maven-artifact-manager/2.2.1/maven-artifact-manager-2.2.1.jar:/Users/amoghmargoor/.m2/repository/org/apache/maven/maven-repository-metadata/2.2.1/maven-repository-metadata-2.2.1.jar:/Users/amoghmargoor/.m2/repository/org/apache/maven/wagon/wagon-provider-api/1.0-beta-6/wagon-provider-api-1.0-beta-6.jar:/Users/amoghmargoor/.m2/repository/backport-util-concurrent/backport-util-concurrent/3.1/backport-util-concurrent-3.1.jar:/Users/amoghmargoor/.m2/repository/org/apache/maven/maven-plugin-registry/2.2.1/maven-plugin-registry-2.2.1.jar:/Users/amoghmargoor/.m2/repository/org/codehaus/plexus/plexus-interpolation/1.11/plexus-interpolation-1.11.jar:/Users/amoghmargoor/.m2/repository/org/codehaus/plexus/plexus-container-default/1.0-alpha-9-stable-1/plexus-container-default-1.0-alpha-9-stable-1.jar:/Users/amoghmargoor/.m2/repository/classworlds/classworlds/1.1-alpha-2/classworlds-1.1-alpha-2.jar:/Users/amoghmargoor/.m2/repository/commons-io/commons-io/2.5/commons-io-2.5.jar:/Users/amoghmargoor/.m2/repository/org/apache/logging/log4j/log4j-api/2.8.2/log4j-api-2.8.2.jar:/Users/amoghmargoor/.m2/repository/org/apache/logging/log4j/log4j-core/2.8.2/log4j-core-2.8.2.jar:/Users/amoghmargoor/.m2/repository/com/typesafe/config/1.4.3/config-1.4.3.jar:/Users/amoghmargoor/.m2/repository/org/junit/jupiter/junit-jupiter-api/5.8.2/junit-jupiter-api-5.8.2.jar:/Users/amoghmargoor/.m2/repository/org/opentest4j/opentest4j/1.2.0/opentest4j-1.2.0.jar:/Users/amoghmargoor/.m2/repository/org/junit/platform/junit-platform-commons/1.8.2/junit-platform-commons-1.8.2.jar:/Users/amoghmargoor/.m2/repository/org/apiguardian/apiguardian-api/1.1.2/apiguardian-api-1.1.2.jar:/Users/amoghmargoor/.m2/repository/org/junit/jupiter/junit-jupiter-engine/5.8.2/junit-jupiter-engine-5.8.2.jar:/Users/amoghmargoor/.m2/repository/org/junit/platform/junit-platform-engine/1.8.2/junit-platform-engine-1.8.2.jar:/Users/amoghmargoor/.m2/repository/org/mockito/mockito-core/5.17.0/mockito-core-5.17.0.jar:/Users/amoghmargoor/.m2/repository/net/bytebuddy/byte-buddy/1.15.11/byte-buddy-1.15.11.jar:/Users/amoghmargoor/.m2/repository/net/bytebuddy/byte-buddy-agent/1.15.11/byte-buddy-agent-1.15.11.jar:/Users/amoghmargoor/.m2/repository/org/objenesis/objenesis/3.3/objenesis-3.3.jar:/Users/amoghmargoor/.m2/repository/org/mockito/mockito-junit-jupiter/5.17.0/mockito-junit-jupiter-5.17.0.jar:/Users/amoghmargoor/.m2/repository/org/testcontainers/chromadb/1.20.0/chromadb-1.20.0.jar:/Users/amoghmargoor/.m2/repository/org/testcontainers/junit-jupiter/1.19.3/junit-jupiter-1.19.3.jar:/Users/amoghmargoor/.m2/repository/com/squareup/okhttp3/okhttp/4.12.0/okhttp-4.12.0.jar:/Users/amoghmargoor/.m2/repository/com/squareup/okio/okio/3.6.0/okio-3.6.0.jar:/Users/amoghmargoor/.m2/repository/com/squareup/okio/okio-jvm/3.6.0/okio-jvm-3.6.0.jar:/Users/amoghmargoor/.m2/repository/org/jetbrains/kotlin/kotlin-stdlib-common/1.9.10/kotlin-stdlib-common-1.9.10.jar:/Users/amoghmargoor/.m2/repository/org/jetbrains/kotlin/kotlin-stdlib-jdk8/1.8.21/kotlin-stdlib-jdk8-1.8.21.jar:/Users/amoghmargoor/.m2/repository/org/jetbrains/kotlin/kotlin-stdlib/1.8.21/kotlin-stdlib-1.8.21.jar:/Users/amoghmargoor/.m2/repository/org/jetbrains/kotlin/kotlin-stdlib-jdk7/1.8.21/kotlin-stdlib-jdk7-1.8.21.jar:/Users/amoghmargoor/.m2/repository/com/fasterxml/jackson/core/jackson-databind/2.15.2/jackson-databind-2.15.2.jar:/Users/amoghmargoor/.m2/repository/com/fasterxml/jackson/core/jackson-annotations/2.15.2/jackson-annotations-2.15.2.jar:/Users/amoghmargoor/.m2/repository/com/fasterxml/jackson/core/jackson-core/2.15.2/jackson-core-2.15.2.jar:/Users/amoghmargoor/.m2/repository/org/testcontainers/testcontainers/1.19.3/testcontainers-1.19.3.jar:/Users/amoghmargoor/.m2/repository/junit/junit/4.13.2/junit-4.13.2.jar:/Users/amoghmargoor/.m2/repository/org/hamcrest/hamcrest-core/1.3/hamcrest-core-1.3.jar:/Users/amoghmargoor/.m2/repository/org/apache/commons/commons-compress/1.24.0/commons-compress-1.24.0.jar:/Users/amoghmargoor/.m2/repository/org/rnorth/duct-tape/duct-tape/1.0.8/duct-tape-1.0.8.jar:/Users/amoghmargoor/.m2/repository/org/jetbrains/annotations/17.0.0/annotations-17.0.0.jar:/Users/amoghmargoor/.m2/repository/com/github/docker-java/docker-java-api/3.3.4/docker-java-api-3.3.4.jar:/Users/amoghmargoor/.m2/repository/com/github/docker-java/docker-java-transport-zerodep/3.3.4/docker-java-transport-zerodep-3.3.4.jar:/Users/amoghmargoor/.m2/repository/com/github/docker-java/docker-java-transport/3.3.4/docker-java-transport-3.3.4.jar:/Users/amoghmargoor/.m2/repository/net/java/dev/jna/jna/5.13.0/jna-5.13.0.jar:/Users/amoghmargoor/.m2/repository/org/testcontainers/neo4j/1.19.3/neo4j-1.19.3.jar:"/>
    <property name="java.vm.vendor" value="Homebrew"/>
    <property name="sun.arch.data.model" value="64"/>
    <property name="java.vendor.url" value="https://github.com/Homebrew/homebrew-core/issues"/>
    <property name="user.timezone" value="Europe/London"/>
    <property name="os.name" value="Mac OS X"/>
    <property name="java.vm.specification.version" value="23"/>
    <property name="sun.java.launcher" value="SUN_STANDARD"/>
    <property name="user.country" value="US"/>
    <property name="sun.boot.library.path" value="/opt/homebrew/Cellar/openjdk/23.0.2/libexec/openjdk.jdk/Contents/Home/lib"/>
    <property name="sun.java.command" value="/Users/amoghmargoor/src/luemyn/target/surefire/surefirebooter-20250626134405548_3.jar /Users/amoghmargoor/src/luemyn/target/surefire 2025-06-26T13-44-05_511-jvmRun1 surefire-20250626134405548_1tmp surefire_0-20250626134405548_2tmp"/>
    <property name="http.nonProxyHosts" value="local|*.local|169.254/16|*.169.254/16"/>
    <property name="jdk.debug" value="release"/>
    <property name="surefire.test.class.path" value="/Users/amoghmargoor/src/luemyn/target/test-classes:/Users/amoghmargoor/src/luemyn/target/classes:/Users/amoghmargoor/.m2/repository/dev/langchain4j/langchain4j/0.27.1/langchain4j-0.27.1.jar:/Users/amoghmargoor/.m2/repository/dev/langchain4j/langchain4j-core/0.27.1/langchain4j-core-0.27.1.jar:/Users/amoghmargoor/.m2/repository/com/google/code/gson/gson/2.10.1/gson-2.10.1.jar:/Users/amoghmargoor/.m2/repository/com/squareup/retrofit2/retrofit/2.9.0/retrofit-2.9.0.jar:/Users/amoghmargoor/.m2/repository/org/apache/opennlp/opennlp-tools/1.9.4/opennlp-tools-1.9.4.jar:/Users/amoghmargoor/.m2/repository/org/jsoup/jsoup/1.16.1/jsoup-1.16.1.jar:/Users/amoghmargoor/.m2/repository/dev/langchain4j/langchain4j-open-ai/0.27.1/langchain4j-open-ai-0.27.1.jar:/Users/amoghmargoor/.m2/repository/dev/ai4j/openai4j/0.13.0/openai4j-0.13.0.jar:/Users/amoghmargoor/.m2/repository/com/squareup/retrofit2/converter-gson/2.9.0/converter-gson-2.9.0.jar:/Users/amoghmargoor/.m2/repository/com/squareup/okhttp3/okhttp-sse/4.10.0/okhttp-sse-4.10.0.jar:/Users/amoghmargoor/.m2/repository/com/knuddels/jtokkit/0.6.1/jtokkit-0.6.1.jar:/Users/amoghmargoor/.m2/repository/org/apache/commons/commons-lang3/3.12.0/commons-lang3-3.12.0.jar:/Users/amoghmargoor/.m2/repository/org/slf4j/slf4j-api/2.0.5/slf4j-api-2.0.5.jar:/Users/amoghmargoor/.m2/repository/ch/qos/logback/logback-classic/1.4.7/logback-classic-1.4.7.jar:/Users/amoghmargoor/.m2/repository/ch/qos/logback/logback-core/1.4.7/logback-core-1.4.7.jar:/Users/amoghmargoor/.m2/repository/org/neo4j/driver/neo4j-java-driver/5.14.0/neo4j-java-driver-5.14.0.jar:/Users/amoghmargoor/.m2/repository/org/reactivestreams/reactive-streams/1.0.4/reactive-streams-1.0.4.jar:/Users/amoghmargoor/.m2/repository/io/netty/netty-handler/4.1.100.Final/netty-handler-4.1.100.Final.jar:/Users/amoghmargoor/.m2/repository/io/netty/netty-common/4.1.100.Final/netty-common-4.1.100.Final.jar:/Users/amoghmargoor/.m2/repository/io/netty/netty-resolver/4.1.100.Final/netty-resolver-4.1.100.Final.jar:/Users/amoghmargoor/.m2/repository/io/netty/netty-buffer/4.1.100.Final/netty-buffer-4.1.100.Final.jar:/Users/amoghmargoor/.m2/repository/io/netty/netty-transport/4.1.100.Final/netty-transport-4.1.100.Final.jar:/Users/amoghmargoor/.m2/repository/io/netty/netty-transport-native-unix-common/4.1.100.Final/netty-transport-native-unix-common-4.1.100.Final.jar:/Users/amoghmargoor/.m2/repository/io/netty/netty-codec/4.1.100.Final/netty-codec-4.1.100.Final.jar:/Users/amoghmargoor/.m2/repository/io/netty/netty-tcnative-classes/2.0.61.Final/netty-tcnative-classes-2.0.61.Final.jar:/Users/amoghmargoor/.m2/repository/io/projectreactor/reactor-core/3.5.11/reactor-core-3.5.11.jar:/Users/amoghmargoor/.m2/repository/io/github/uwol/proleap-cobol-parser/2.4.0/proleap-cobol-parser-2.4.0.jar:/Users/amoghmargoor/.m2/repository/org/antlr/antlr4/4.7/antlr4-4.7.jar:/Users/amoghmargoor/.m2/repository/org/antlr/antlr-runtime/3.5.2/antlr-runtime-3.5.2.jar:/Users/amoghmargoor/.m2/repository/org/antlr/ST4/4.0.8/ST4-4.0.8.jar:/Users/amoghmargoor/.m2/repository/org/abego/treelayout/org.abego.treelayout.core/1.0.3/org.abego.treelayout.core-1.0.3.jar:/Users/amoghmargoor/.m2/repository/org/glassfish/javax.json/1.0.4/javax.json-1.0.4.jar:/Users/amoghmargoor/.m2/repository/com/ibm/icu/icu4j/58.2/icu4j-58.2.jar:/Users/amoghmargoor/.m2/repository/org/antlr/antlr4-runtime/4.7/antlr4-runtime-4.7.jar:/Users/amoghmargoor/.m2/repository/org/antlr/antlr4-maven-plugin/4.7/antlr4-maven-plugin-4.7.jar:/Users/amoghmargoor/.m2/repository/org/apache/maven/maven-plugin-api/3.0.5/maven-plugin-api-3.0.5.jar:/Users/amoghmargoor/.m2/repository/org/apache/maven/maven-model/3.0.5/maven-model-3.0.5.jar:/Users/amoghmargoor/.m2/repository/org/apache/maven/maven-artifact/3.0.5/maven-artifact-3.0.5.jar:/Users/amoghmargoor/.m2/repository/org/sonatype/sisu/sisu-inject-plexus/2.3.0/sisu-inject-plexus-2.3.0.jar:/Users/amoghmargoor/.m2/repository/org/codehaus/plexus/plexus-component-annotations/1.5.5/plexus-component-annotations-1.5.5.jar:/Users/amoghmargoor/.m2/repository/org/codehaus/plexus/plexus-classworlds/2.4/plexus-classworlds-2.4.jar:/Users/amoghmargoor/.m2/repository/org/sonatype/sisu/sisu-inject-bean/2.3.0/sisu-inject-bean-2.3.0.jar:/Users/amoghmargoor/.m2/repository/org/sonatype/sisu/sisu-guice/3.1.0/sisu-guice-3.1.0-no_aop.jar:/Users/amoghmargoor/.m2/repository/org/sonatype/sisu/sisu-guava/0.9.9/sisu-guava-0.9.9.jar:/Users/amoghmargoor/.m2/repository/org/codehaus/plexus/plexus-compiler-api/2.2/plexus-compiler-api-2.2.jar:/Users/amoghmargoor/.m2/repository/org/codehaus/plexus/plexus-utils/3.0.8/plexus-utils-3.0.8.jar:/Users/amoghmargoor/.m2/repository/org/sonatype/plexus/plexus-build-api/0.0.7/plexus-build-api-0.0.7.jar:/Users/amoghmargoor/.m2/repository/org/apache/maven/maven-project/2.2.1/maven-project-2.2.1.jar:/Users/amoghmargoor/.m2/repository/org/apache/maven/maven-settings/2.2.1/maven-settings-2.2.1.jar:/Users/amoghmargoor/.m2/repository/org/apache/maven/maven-profile/2.2.1/maven-profile-2.2.1.jar:/Users/amoghmargoor/.m2/repository/org/apache/maven/maven-artifact-manager/2.2.1/maven-artifact-manager-2.2.1.jar:/Users/amoghmargoor/.m2/repository/org/apache/maven/maven-repository-metadata/2.2.1/maven-repository-metadata-2.2.1.jar:/Users/amoghmargoor/.m2/repository/org/apache/maven/wagon/wagon-provider-api/1.0-beta-6/wagon-provider-api-1.0-beta-6.jar:/Users/amoghmargoor/.m2/repository/backport-util-concurrent/backport-util-concurrent/3.1/backport-util-concurrent-3.1.jar:/Users/amoghmargoor/.m2/repository/org/apache/maven/maven-plugin-registry/2.2.1/maven-plugin-registry-2.2.1.jar:/Users/amoghmargoor/.m2/repository/org/codehaus/plexus/plexus-interpolation/1.11/plexus-interpolation-1.11.jar:/Users/amoghmargoor/.m2/repository/org/codehaus/plexus/plexus-container-default/1.0-alpha-9-stable-1/plexus-container-default-1.0-alpha-9-stable-1.jar:/Users/amoghmargoor/.m2/repository/classworlds/classworlds/1.1-alpha-2/classworlds-1.1-alpha-2.jar:/Users/amoghmargoor/.m2/repository/commons-io/commons-io/2.5/commons-io-2.5.jar:/Users/amoghmargoor/.m2/repository/org/apache/logging/log4j/log4j-api/2.8.2/log4j-api-2.8.2.jar:/Users/amoghmargoor/.m2/repository/org/apache/logging/log4j/log4j-core/2.8.2/log4j-core-2.8.2.jar:/Users/amoghmargoor/.m2/repository/com/typesafe/config/1.4.3/config-1.4.3.jar:/Users/amoghmargoor/.m2/repository/org/junit/jupiter/junit-jupiter-api/5.8.2/junit-jupiter-api-5.8.2.jar:/Users/amoghmargoor/.m2/repository/org/opentest4j/opentest4j/1.2.0/opentest4j-1.2.0.jar:/Users/amoghmargoor/.m2/repository/org/junit/platform/junit-platform-commons/1.8.2/junit-platform-commons-1.8.2.jar:/Users/amoghmargoor/.m2/repository/org/apiguardian/apiguardian-api/1.1.2/apiguardian-api-1.1.2.jar:/Users/amoghmargoor/.m2/repository/org/junit/jupiter/junit-jupiter-engine/5.8.2/junit-jupiter-engine-5.8.2.jar:/Users/amoghmargoor/.m2/repository/org/junit/platform/junit-platform-engine/1.8.2/junit-platform-engine-1.8.2.jar:/Users/amoghmargoor/.m2/repository/org/mockito/mockito-core/5.17.0/mockito-core-5.17.0.jar:/Users/amoghmargoor/.m2/repository/net/bytebuddy/byte-buddy/1.15.11/byte-buddy-1.15.11.jar:/Users/amoghmargoor/.m2/repository/net/bytebuddy/byte-buddy-agent/1.15.11/byte-buddy-agent-1.15.11.jar:/Users/amoghmargoor/.m2/repository/org/objenesis/objenesis/3.3/objenesis-3.3.jar:/Users/amoghmargoor/.m2/repository/org/mockito/mockito-junit-jupiter/5.17.0/mockito-junit-jupiter-5.17.0.jar:/Users/amoghmargoor/.m2/repository/org/testcontainers/chromadb/1.20.0/chromadb-1.20.0.jar:/Users/amoghmargoor/.m2/repository/org/testcontainers/junit-jupiter/1.19.3/junit-jupiter-1.19.3.jar:/Users/amoghmargoor/.m2/repository/com/squareup/okhttp3/okhttp/4.12.0/okhttp-4.12.0.jar:/Users/amoghmargoor/.m2/repository/com/squareup/okio/okio/3.6.0/okio-3.6.0.jar:/Users/amoghmargoor/.m2/repository/com/squareup/okio/okio-jvm/3.6.0/okio-jvm-3.6.0.jar:/Users/amoghmargoor/.m2/repository/org/jetbrains/kotlin/kotlin-stdlib-common/1.9.10/kotlin-stdlib-common-1.9.10.jar:/Users/amoghmargoor/.m2/repository/org/jetbrains/kotlin/kotlin-stdlib-jdk8/1.8.21/kotlin-stdlib-jdk8-1.8.21.jar:/Users/amoghmargoor/.m2/repository/org/jetbrains/kotlin/kotlin-stdlib/1.8.21/kotlin-stdlib-1.8.21.jar:/Users/amoghmargoor/.m2/repository/org/jetbrains/kotlin/kotlin-stdlib-jdk7/1.8.21/kotlin-stdlib-jdk7-1.8.21.jar:/Users/amoghmargoor/.m2/repository/com/fasterxml/jackson/core/jackson-databind/2.15.2/jackson-databind-2.15.2.jar:/Users/amoghmargoor/.m2/repository/com/fasterxml/jackson/core/jackson-annotations/2.15.2/jackson-annotations-2.15.2.jar:/Users/amoghmargoor/.m2/repository/com/fasterxml/jackson/core/jackson-core/2.15.2/jackson-core-2.15.2.jar:/Users/amoghmargoor/.m2/repository/org/testcontainers/testcontainers/1.19.3/testcontainers-1.19.3.jar:/Users/amoghmargoor/.m2/repository/junit/junit/4.13.2/junit-4.13.2.jar:/Users/amoghmargoor/.m2/repository/org/hamcrest/hamcrest-core/1.3/hamcrest-core-1.3.jar:/Users/amoghmargoor/.m2/repository/org/apache/commons/commons-compress/1.24.0/commons-compress-1.24.0.jar:/Users/amoghmargoor/.m2/repository/org/rnorth/duct-tape/duct-tape/1.0.8/duct-tape-1.0.8.jar:/Users/amoghmargoor/.m2/repository/org/jetbrains/annotations/17.0.0/annotations-17.0.0.jar:/Users/amoghmargoor/.m2/repository/com/github/docker-java/docker-java-api/3.3.4/docker-java-api-3.3.4.jar:/Users/amoghmargoor/.m2/repository/com/github/docker-java/docker-java-transport-zerodep/3.3.4/docker-java-transport-zerodep-3.3.4.jar:/Users/amoghmargoor/.m2/repository/com/github/docker-java/docker-java-transport/3.3.4/docker-java-transport-3.3.4.jar:/Users/amoghmargoor/.m2/repository/net/java/dev/jna/jna/5.13.0/jna-5.13.0.jar:/Users/amoghmargoor/.m2/repository/org/testcontainers/neo4j/1.19.3/neo4j-1.19.3.jar:"/>
    <property name="sun.cpu.endian" value="little"/>
    <property name="user.home" value="/Users/amoghmargoor"/>
    <property name="user.language" value="en"/>
    <property name="java.specification.vendor" value="Oracle Corporation"/>
    <property name="java.version.date" value="2025-01-21"/>
    <property name="java.home" value="/opt/homebrew/Cellar/openjdk/23.0.2/libexec/openjdk.jdk/Contents/Home"/>
    <property name="file.separator" value="/"/>
    <property name="basedir" value="/Users/amoghmargoor/src/luemyn"/>
    <property name="java.vm.compressedOopsMode" value="Zero based"/>
    <property name="line.separator" value="&#10;"/>
    <property name="java.vm.specification.vendor" value="Oracle Corporation"/>
    <property name="java.specification.name" value="Java Platform API Specification"/>
    <property name="apple.awt.application.name" value="ForkedBooter"/>
    <property name="surefire.real.class.path" value="/Users/amoghmargoor/src/luemyn/target/surefire/surefirebooter-20250626134405548_3.jar"/>
    <property name="sun.management.compiler" value="HotSpot 64-Bit Tiered Compilers"/>
    <property name="ftp.nonProxyHosts" value="local|*.local|169.254/16|*.169.254/16"/>
    <property name="java.runtime.version" value="23.0.2"/>
    <property name="user.name" value="amoghmargoor"/>
    <property name="stdout.encoding" value="UTF-8"/>
    <property name="path.separator" value=":"/>
    <property name="os.version" value="14.4.1"/>
    <property name="java.runtime.name" value="OpenJDK Runtime Environment"/>
    <property name="file.encoding" value="UTF-8"/>
    <property name="java.vm.name" value="OpenJDK 64-Bit Server VM"/>
    <property name="java.vendor.version" value="Homebrew"/>
    <property name="localRepository" value="/Users/amoghmargoor/.m2/repository"/>
    <property name="java.vendor.url.bug" value="https://github.com/Homebrew/homebrew-core/issues"/>
    <property name="java.io.tmpdir" value="/var/folders/vz/xk1grx0n7j3d545nd0j9nr240000gn/T/"/>
    <property name="java.version" value="23.0.2"/>
    <property name="user.dir" value="/Users/amoghmargoor/src/luemyn"/>
    <property name="os.arch" value="aarch64"/>
    <property name="java.vm.specification.name" value="Java Virtual Machine Specification"/>
    <property name="native.encoding" value="UTF-8"/>
    <property name="java.library.path" value="/Users/amoghmargoor/Library/Java/Extensions:/Library/Java/Extensions:/Network/Library/Java/Extensions:/System/Library/Java/Extensions:/usr/lib/java:."/>
    <property name="java.vm.info" value="mixed mode, sharing"/>
    <property name="stderr.encoding" value="UTF-8"/>
    <property name="java.vendor" value="Homebrew"/>
    <property name="java.vm.version" value="23.0.2"/>
    <property name="sun.io.unicode.encoding" value="UnicodeBig"/>
    <property name="socksNonProxyHosts" value="local|*.local|169.254/16|*.169.254/16"/>
    <property name="java.class.version" value="67.0"/>
  </properties>
  <testcase name="shouldHandleMultipleQueries" classname="com.cobolrag.rag.RagServiceIntegrationTest" time="35.559">
    <system-out><![CDATA[13:44:45.210 [main] DEBUG org.testcontainers.utility.PrefixingImageNameSubstitutor -- No prefix is configured
13:44:45.210 [main] DEBUG org.testcontainers.utility.ImageNameSubstitutor -- Did not find a substitute image for neo4j:4.4 (using image substitutor: DefaultImageNameSubstitutor (composite of 'ConfigurationFileImageNameSubstitutor' and 'PrefixingImageNameSubstitutor'))
13:44:45.210 [main] DEBUG org.testcontainers.images.AbstractImagePullPolicy -- Using locally available and not pulling image: neo4j:4.4
13:44:45.210 [main] DEBUG tc.neo4j:4.4 -- Starting container: neo4j:4.4
13:44:45.210 [main] DEBUG tc.neo4j:4.4 -- Trying to start container: neo4j:4.4 (attempt 1/1)
13:44:45.210 [main] DEBUG tc.neo4j:4.4 -- Starting container: neo4j:4.4
13:44:45.210 [main] INFO tc.neo4j:4.4 -- Creating container for image: neo4j:4.4
13:44:45.210 [main] DEBUG org.testcontainers.utility.RegistryAuthLocator -- Looking up auth config for image: neo4j:4.4 at registry: https://index.docker.io/v1/
13:44:45.210 [main] DEBUG org.testcontainers.utility.RegistryAuthLocator -- Cached auth found: [AuthConfig{username=amargoor, password=hidden non-blank value, auth=blank, email=null, registryAddress=https://index.docker.io/v1/, registryToken=blank}]
13:44:45.210 [main] DEBUG org.testcontainers.dockerclient.AuthDelegatingDockerClientConfig -- Effective auth config [AuthConfig{username=amargoor, password=hidden non-blank value, auth=blank, email=null, registryAddress=https://index.docker.io/v1/, registryToken=blank}]
13:44:45.210 [main] DEBUG org.testcontainers.shaded.com.github.dockerjava.core.command.AbstrDockerCmd -- Cmd: org.testcontainers.shaded.com.github.dockerjava.core.command.CreateContainerCmdImpl@5e947087[aliases=<null>,argsEscaped=<null>,attachStderr=<null>,attachStdin=<null>,attachStdout=<null>,authConfig=AuthConfig(username=amargoor, email=null, registryAddress=https://index.docker.io/v1/, stackOrchestrator=null),cmd={},domainName=<null>,entrypoint=<null>,env={NEO4J_AUTH=neo4j/testpassword},exposedPorts=ExposedPorts(exposedPorts=[7687/tcp, 7474/tcp, 7473/tcp]),healthcheck=<null>,hostConfig=HostConfig(binds=[], blkioWeight=null, blkioWeightDevice=null, blkioDeviceReadBps=null, blkioDeviceWriteBps=null, blkioDeviceReadIOps=null, blkioDeviceWriteIOps=null, memorySwappiness=null, nanoCPUs=null, capAdd=null, capDrop=null, containerIDFile=null, cpuPeriod=null, cpuRealtimePeriod=null, cpuRealtimeRuntime=null, cpuShares=null, cpuQuota=null, cpusetCpus=null, cpusetMems=null, devices=null, deviceCgroupRules=null, deviceRequests=null, diskQuota=null, dns=null, dnsOptions=null, dnsSearch=null, extraHosts=[], groupAdd=null, ipcMode=null, cgroup=null, links=[], logConfig=LogConfig(type=null, config=null), lxcConf=null, memory=null, memorySwap=null, memoryReservation=null, kernelMemory=null, networkMode=null, oomKillDisable=null, init=null, autoRemove=null, oomScoreAdj=null, portBindings={7687/tcp=[Lcom.github.dockerjava.api.model.Ports$Binding;@2bb13ed3, 7474/tcp=[Lcom.github.dockerjava.api.model.Ports$Binding;@22cd6d1e, 7473/tcp=[Lcom.github.dockerjava.api.model.Ports$Binding;@1d1ae2fa}, privileged=null, publishAllPorts=null, readonlyRootfs=null, restartPolicy=null, ulimits=null, cpuCount=null, cpuPercent=null, ioMaximumIOps=null, ioMaximumBandwidth=null, volumesFrom=[], mounts=null, pidMode=null, isolation=null, securityOpts=null, storageOpt=null, cgroupParent=null, volumeDriver=null, shmSize=null, pidsLimit=null, runtime=null, tmpFs=null, utSMode=null, usernsMode=null, sysctls=null, consoleSize=null, cgroupnsMode=null),hostName=<null>,image=neo4j:4.4,ipv4Address=<null>,ipv6Address=<null>,labels={org.testcontainers=true, org.testcontainers.lang=java, org.testcontainers.version=1.19.3, org.testcontainers.sessionId=54378b7d-3a0f-415e-bde3-36e7018731d0},macAddress=<null>,name=<null>,networkDisabled=<null>,networkingConfig=<null>,onBuild=<null>,platform=<null>,portSpecs=<null>,shell=<null>,stdInOnce=<null>,stdinOpen=<null>,stopSignal=<null>,stopTimeout=<null>,tty=<null>,user=<null>,volumes=Volumes(volumes=[]),workingDir=<null>]
13:44:45.211 [main] DEBUG com.github.dockerjava.zerodep.shaded.org.apache.hc.client5.http.impl.classic.InternalHttpClient -- ex-0000001E: preparing request execution
13:44:45.211 [main] DEBUG com.github.dockerjava.zerodep.shaded.org.apache.hc.client5.http.protocol.RequestAddCookies -- Cookie spec selected: strict
13:44:45.211 [main] DEBUG com.github.dockerjava.zerodep.shaded.org.apache.hc.client5.http.protocol.RequestAuthCache -- Auth cache not set in the context
13:44:45.211 [main] DEBUG com.github.dockerjava.zerodep.shaded.org.apache.hc.client5.http.impl.classic.ProtocolExec -- ex-0000001E: target auth state: UNCHALLENGED
13:44:45.211 [main] DEBUG com.github.dockerjava.zerodep.shaded.org.apache.hc.client5.http.impl.classic.ProtocolExec -- ex-0000001E: proxy auth state: UNCHALLENGED
13:44:45.211 [main] DEBUG com.github.dockerjava.zerodep.shaded.org.apache.hc.client5.http.impl.classic.ConnectExec -- ex-0000001E: acquiring connection with route {}->unix://localhost:2375
13:44:45.211 [main] DEBUG com.github.dockerjava.zerodep.shaded.org.apache.hc.client5.http.impl.classic.InternalHttpClient -- ex-0000001E: acquiring endpoint (3 MINUTES)
13:44:45.211 [main] DEBUG com.github.dockerjava.zerodep.shaded.org.apache.hc.client5.http.impl.io.PoolingHttpClientConnectionManager -- ex-0000001E: endpoint lease request (3 MINUTES) [route: {}->unix://localhost:2375][total available: 1; route allocated: 1 of 2147483647; total allocated: 1 of 2147483647]
13:44:45.211 [main] DEBUG com.github.dockerjava.zerodep.shaded.org.apache.hc.client5.http.impl.io.PoolingHttpClientConnectionManager -- ex-0000001E: endpoint leased [route: {}->unix://localhost:2375][total available: 0; route allocated: 1 of 2147483647; total allocated: 1 of 2147483647]
13:44:45.211 [main] DEBUG com.github.dockerjava.zerodep.shaded.org.apache.hc.client5.http.impl.io.PoolingHttpClientConnectionManager -- ex-0000001E: acquired ep-0000001D
13:44:45.211 [main] DEBUG com.github.dockerjava.zerodep.shaded.org.apache.hc.client5.http.impl.classic.InternalHttpClient -- ex-0000001E: acquired endpoint ep-0000001D
13:44:45.211 [main] DEBUG com.github.dockerjava.zerodep.shaded.org.apache.hc.client5.http.impl.classic.MainClientExec -- ex-0000001E: executing POST /v1.32/containers/create HTTP/1.1
13:44:45.211 [main] DEBUG com.github.dockerjava.zerodep.shaded.org.apache.hc.client5.http.impl.classic.InternalHttpClient -- ep-0000001D: start execution ex-0000001E
13:44:45.211 [main] DEBUG com.github.dockerjava.zerodep.shaded.org.apache.hc.client5.http.impl.io.PoolingHttpClientConnectionManager -- ep-0000001D: executing exchange ex-0000001E over http-outgoing-2
13:44:45.211 [main] DEBUG com.github.dockerjava.zerodep.shaded.org.apache.hc.client5.http.headers -- http-outgoing-2 >> POST /v1.32/containers/create HTTP/1.1
13:44:45.211 [main] DEBUG com.github.dockerjava.zerodep.shaded.org.apache.hc.client5.http.headers -- http-outgoing-2 >> X-Registry-Auth: eyJ1c2VybmFtZSI6ImFtYXJnb29yIiwicGFzc3dvcmQiOiJkY2tyX3BhdF9Fd19oZ2x6Vm1tUTNQbl8tdUZ4TDNTOUxKOFkiLCJlbWFpbCI6bnVsbCwic2VydmVyYWRkcmVzcyI6Imh0dHBzOi8vaW5kZXguZG9ja2VyLmlvL3YxLyIsImF1dGgiOm51bGwsInJlZ2lzdHJ5dG9rZW4iOm51bGwsImlkZW50aXR5dG9rZW4iOm51bGwsInN0YWNrT3JjaGVzdHJhdG9yIjpudWxsfQ==
13:44:45.211 [main] DEBUG com.github.dockerjava.zerodep.shaded.org.apache.hc.client5.http.headers -- http-outgoing-2 >> accept: application/json
13:44:45.211 [main] DEBUG com.github.dockerjava.zerodep.shaded.org.apache.hc.client5.http.headers -- http-outgoing-2 >> content-type: application/json
13:44:45.211 [main] DEBUG com.github.dockerjava.zerodep.shaded.org.apache.hc.client5.http.headers -- http-outgoing-2 >> x-tc-sid: 54378b7d-3a0f-415e-bde3-36e7018731d0
13:44:45.211 [main] DEBUG com.github.dockerjava.zerodep.shaded.org.apache.hc.client5.http.headers -- http-outgoing-2 >> User-Agent: tc-java/1.19.3
13:44:45.211 [main] DEBUG com.github.dockerjava.zerodep.shaded.org.apache.hc.client5.http.headers -- http-outgoing-2 >> Accept-Encoding: gzip, x-gzip, deflate
13:44:45.211 [main] DEBUG com.github.dockerjava.zerodep.shaded.org.apache.hc.client5.http.headers -- http-outgoing-2 >> Content-Length: 2103
13:44:45.211 [main] DEBUG com.github.dockerjava.zerodep.shaded.org.apache.hc.client5.http.headers -- http-outgoing-2 >> Host: localhost:2375
13:44:45.211 [main] DEBUG com.github.dockerjava.zerodep.shaded.org.apache.hc.client5.http.headers -- http-outgoing-2 >> Connection: keep-alive
13:44:45.211 [main] DEBUG com.github.dockerjava.zerodep.shaded.org.apache.hc.client5.http.wire -- http-outgoing-2 >> "POST /v1.32/containers/create HTTP/1.1[\r][\n]"
13:44:45.211 [main] DEBUG com.github.dockerjava.zerodep.shaded.org.apache.hc.client5.http.wire -- http-outgoing-2 >> "X-Registry-Auth: eyJ1c2VybmFtZSI6ImFtYXJnb29yIiwicGFzc3dvcmQiOiJkY2tyX3BhdF9Fd19oZ2x6Vm1tUTNQbl8tdUZ4TDNTOUxKOFkiLCJlbWFpbCI6bnVsbCwic2VydmVyYWRkcmVzcyI6Imh0dHBzOi8vaW5kZXguZG9ja2VyLmlvL3YxLyIsImF1dGgiOm51bGwsInJlZ2lzdHJ5dG9rZW4iOm51bGwsImlkZW50aXR5dG9rZW4iOm51bGwsInN0YWNrT3JjaGVzdHJhdG9yIjpudWxsfQ==[\r][\n]"
13:44:45.211 [main] DEBUG com.github.dockerjava.zerodep.shaded.org.apache.hc.client5.http.wire -- http-outgoing-2 >> "accept: application/json[\r][\n]"
13:44:45.211 [main] DEBUG com.github.dockerjava.zerodep.shaded.org.apache.hc.client5.http.wire -- http-outgoing-2 >> "content-type: application/json[\r][\n]"
13:44:45.211 [main] DEBUG com.github.dockerjava.zerodep.shaded.org.apache.hc.client5.http.wire -- http-outgoing-2 >> "x-tc-sid: 54378b7d-3a0f-415e-bde3-36e7018731d0[\r][\n]"
13:44:45.211 [main] DEBUG com.github.dockerjava.zerodep.shaded.org.apache.hc.client5.http.wire -- http-outgoing-2 >> "User-Agent: tc-java/1.19.3[\r][\n]"
13:44:45.211 [main] DEBUG com.github.dockerjava.zerodep.shaded.org.apache.hc.client5.http.wire -- http-outgoing-2 >> "Accept-Encoding: gzip, x-gzip, deflate[\r][\n]"
13:44:45.211 [main] DEBUG com.github.dockerjava.zerodep.shaded.org.apache.hc.client5.http.wire -- http-outgoing-2 >> "Content-Length: 2103[\r][\n]"
13:44:45.211 [main] DEBUG com.github.dockerjava.zerodep.shaded.org.apache.hc.client5.http.wire -- http-outgoing-2 >> "Host: localhost:2375[\r][\n]"
13:44:45.211 [main] DEBUG com.github.dockerjava.zerodep.shaded.org.apache.hc.client5.http.wire -- http-outgoing-2 >> "Connection: keep-alive[\r][\n]"
13:44:45.211 [main] DEBUG com.github.dockerjava.zerodep.shaded.org.apache.hc.client5.http.wire -- http-outgoing-2 >> "[\r][\n]"
13:44:45.211 [main] DEBUG com.github.dockerjava.zerodep.shaded.org.apache.hc.client5.http.wire -- http-outgoing-2 >> "{"Hostname":null,"Domainname":null,"User":null,"AttachStdin":null,"AttachStdout":null,"AttachStderr":null,"PortSpecs":null,"Tty":null,"OpenStdin":null,"StdinOnce":null,"Env":["NEO4J_AUTH=neo4j/testpassword"],"Cmd":[],"Healthcheck":null,"ArgsEscaped":null,"Entrypoint":null,"Image":"neo4j:4.4","Volumes":{},"WorkingDir":null,"MacAddress":null,"OnBuild":null,"NetworkDisabled":null,"ExposedPorts":{"7473/tcp":{},"7687/tcp":{},"7474/tcp":{}},"StopSignal":null,"StopTimeout":null,"HostConfig":{"Binds":[],"BlkioWeight":null,"BlkioWeightDevice":null,"BlkioDeviceReadBps":null,"BlkioDeviceWriteBps":null,"BlkioDeviceReadIOps":null,"BlkioDeviceWriteIOps":null,"MemorySwappiness":null,"NanoCpus":null,"CapAdd":null,"CapDrop":null,"ContainerIDFile":null,"CpuPeriod":null,"CpuRealtimePeriod":null,"CpuRealtimeRuntime":null,"CpuShares":null,"CpuQuota":null,"CpusetCpus":null,"CpusetMems":null,"Devices":null,"DeviceCgroupRules":null,"DeviceRequests":null,"DiskQuota":null,"Dns":null,"DnsOptions":null,"DnsSearch":null,"ExtraHosts":[],"GroupAdd":null,"IpcMode":null,"Cgroup":null,"Links":[],"LogConfig":null,"LxcConf":null,"Memory":null,"MemorySwap":null,"MemoryReservation":null,"KernelMemory":null,"NetworkMode":null,"OomKillDisable":null,"Init":null,"AutoRemove":null,"OomScoreAdj":null,"PortBindings":{"7687/tcp":[{"HostIp":"","HostPort":""}],"7473/tcp":[{"HostIp":"","HostPort":""}],"7474/tcp":[{"HostIp":"","HostPort":""}]},"Privileged":null,"PublishAllPorts":null,"ReadonlyRootfs":null,"RestartPolicy":null,"Ulimits":null,"CpuCount":null,"CpuPercent":null,"IOMaximumIOps":null,"IOMaximumBandwidth":null,"VolumesFrom":[],"Mounts":null,"PidMode":null,"Isolation":null,"SecurityOpt":null,"StorageOpt":null,"CgroupParent":null,"VolumeDriver":null,"ShmSize":null,"PidsLimit":null,"Runtime":null,"Tmpfs":null,"UTSMode":null,"UsernsMode":null,"Sysctls":null,"ConsoleSize":null,"CgroupnsMode":null},"Labels":{"org.testcontainers":"true","org.testcontainers.lang":"java","org.testcontainers.version":"1.19.3","org.testcontainers.sessionId":"54378b7d-3a0f-415e-bde3-36e7018731d0"},"Shell":null,"NetworkingConfig":null}"
13:44:45.253 [main] DEBUG com.github.dockerjava.zerodep.shaded.org.apache.hc.client5.http.wire -- http-outgoing-2 << "HTTP/1.1 201 Created[\r][\n]"
13:44:45.253 [main] DEBUG com.github.dockerjava.zerodep.shaded.org.apache.hc.client5.http.wire -- http-outgoing-2 << "Api-Version: 1.49[\r][\n]"
13:44:45.253 [main] DEBUG com.github.dockerjava.zerodep.shaded.org.apache.hc.client5.http.wire -- http-outgoing-2 << "Content-Type: application/json[\r][\n]"
13:44:45.253 [main] DEBUG com.github.dockerjava.zerodep.shaded.org.apache.hc.client5.http.wire -- http-outgoing-2 << "Date: Thu, 26 Jun 2025 12:44:45 GMT[\r][\n]"
13:44:45.253 [main] DEBUG com.github.dockerjava.zerodep.shaded.org.apache.hc.client5.http.wire -- http-outgoing-2 << "Docker-Experimental: false[\r][\n]"
13:44:45.253 [main] DEBUG com.github.dockerjava.zerodep.shaded.org.apache.hc.client5.http.wire -- http-outgoing-2 << "Ostype: linux[\r][\n]"
13:44:45.253 [main] DEBUG com.github.dockerjava.zerodep.shaded.org.apache.hc.client5.http.wire -- http-outgoing-2 << "Server: Docker/28.1.1 (linux)[\r][\n]"
13:44:45.253 [main] DEBUG com.github.dockerjava.zerodep.shaded.org.apache.hc.client5.http.wire -- http-outgoing-2 << "Transfer-Encoding: chunked[\r][\n]"
13:44:45.253 [main] DEBUG com.github.dockerjava.zerodep.shaded.org.apache.hc.client5.http.wire -- http-outgoing-2 << "[\r][\n]"
13:44:45.253 [main] DEBUG com.github.dockerjava.zerodep.shaded.org.apache.hc.client5.http.headers -- http-outgoing-2 << HTTP/1.1 201 Created
13:44:45.253 [main] DEBUG com.github.dockerjava.zerodep.shaded.org.apache.hc.client5.http.headers -- http-outgoing-2 << Api-Version: 1.49
13:44:45.253 [main] DEBUG com.github.dockerjava.zerodep.shaded.org.apache.hc.client5.http.headers -- http-outgoing-2 << Content-Type: application/json
13:44:45.253 [main] DEBUG com.github.dockerjava.zerodep.shaded.org.apache.hc.client5.http.headers -- http-outgoing-2 << Date: Thu, 26 Jun 2025 12:44:45 GMT
13:44:45.253 [main] DEBUG com.github.dockerjava.zerodep.shaded.org.apache.hc.client5.http.headers -- http-outgoing-2 << Docker-Experimental: false
13:44:45.253 [main] DEBUG com.github.dockerjava.zerodep.shaded.org.apache.hc.client5.http.headers -- http-outgoing-2 << Ostype: linux
13:44:45.253 [main] DEBUG com.github.dockerjava.zerodep.shaded.org.apache.hc.client5.http.headers -- http-outgoing-2 << Server: Docker/28.1.1 (linux)
13:44:45.253 [main] DEBUG com.github.dockerjava.zerodep.shaded.org.apache.hc.client5.http.headers -- http-outgoing-2 << Transfer-Encoding: chunked
13:44:45.253 [main] DEBUG com.github.dockerjava.zerodep.shaded.org.apache.hc.client5.http.impl.classic.MainClientExec -- ex-0000001E: connection can be kept alive for 3 MINUTES
13:44:45.253 [main] DEBUG com.github.dockerjava.zerodep.shaded.org.apache.hc.client5.http.wire -- http-outgoing-2 << "58[\r][\n]"
13:44:45.253 [main] DEBUG com.github.dockerjava.zerodep.shaded.org.apache.hc.client5.http.wire -- http-outgoing-2 << "{"Id":"2588312df33108e5baaf8c1c406e6d531f2f7d339fd5ce139579a2f5c416b5e1","Warnings":[]}[\n]"
13:44:45.253 [main] DEBUG com.github.dockerjava.zerodep.shaded.org.apache.hc.client5.http.wire -- http-outgoing-2 << "[\r][\n]"
13:44:45.253 [main] DEBUG com.github.dockerjava.zerodep.shaded.org.apache.hc.client5.http.wire -- http-outgoing-2 << "0[\r][\n]"
13:44:45.253 [main] DEBUG com.github.dockerjava.zerodep.shaded.org.apache.hc.client5.http.wire -- http-outgoing-2 << "[\r][\n]"
13:44:45.254 [main] DEBUG com.github.dockerjava.zerodep.shaded.org.apache.hc.client5.http.impl.classic.InternalHttpClient -- ep-0000001D: releasing valid endpoint
13:44:45.254 [main] DEBUG com.github.dockerjava.zerodep.shaded.org.apache.hc.client5.http.impl.io.PoolingHttpClientConnectionManager -- ep-0000001D: releasing endpoint
13:44:45.254 [main] DEBUG com.github.dockerjava.zerodep.shaded.org.apache.hc.client5.http.impl.io.PoolingHttpClientConnectionManager -- ep-0000001D: connection http-outgoing-2 can be kept alive for 3 MINUTES
13:44:45.254 [main] DEBUG com.github.dockerjava.zerodep.shaded.org.apache.hc.client5.http.impl.io.PoolingHttpClientConnectionManager -- ep-0000001D: connection released [route: {}->unix://localhost:2375][total available: 1; route allocated: 1 of 2147483647; total allocated: 1 of 2147483647]
13:44:45.254 [main] INFO tc.neo4j:4.4 -- Container neo4j:4.4 is starting: 2588312df33108e5baaf8c1c406e6d531f2f7d339fd5ce139579a2f5c416b5e1
13:44:45.254 [main] DEBUG org.testcontainers.shaded.com.github.dockerjava.core.command.AbstrDockerCmd -- Cmd: 2588312df33108e5baaf8c1c406e6d531f2f7d339fd5ce139579a2f5c416b5e1
13:44:45.254 [main] DEBUG com.github.dockerjava.zerodep.shaded.org.apache.hc.client5.http.impl.classic.InternalHttpClient -- ex-0000001F: preparing request execution
13:44:45.254 [main] DEBUG com.github.dockerjava.zerodep.shaded.org.apache.hc.client5.http.protocol.RequestAddCookies -- Cookie spec selected: strict
13:44:45.254 [main] DEBUG com.github.dockerjava.zerodep.shaded.org.apache.hc.client5.http.protocol.RequestAuthCache -- Auth cache not set in the context
13:44:45.254 [main] DEBUG com.github.dockerjava.zerodep.shaded.org.apache.hc.client5.http.impl.classic.ProtocolExec -- ex-0000001F: target auth state: UNCHALLENGED
13:44:45.254 [main] DEBUG com.github.dockerjava.zerodep.shaded.org.apache.hc.client5.http.impl.classic.ProtocolExec -- ex-0000001F: proxy auth state: UNCHALLENGED
13:44:45.254 [main] DEBUG com.github.dockerjava.zerodep.shaded.org.apache.hc.client5.http.impl.classic.ConnectExec -- ex-0000001F: acquiring connection with route {}->unix://localhost:2375
13:44:45.254 [main] DEBUG com.github.dockerjava.zerodep.shaded.org.apache.hc.client5.http.impl.classic.InternalHttpClient -- ex-0000001F: acquiring endpoint (3 MINUTES)
13:44:45.254 [main] DEBUG com.github.dockerjava.zerodep.shaded.org.apache.hc.client5.http.impl.io.PoolingHttpClientConnectionManager -- ex-0000001F: endpoint lease request (3 MINUTES) [route: {}->unix://localhost:2375][total available: 1; route allocated: 1 of 2147483647; total allocated: 1 of 2147483647]
13:44:45.254 [main] DEBUG com.github.dockerjava.zerodep.shaded.org.apache.hc.client5.http.impl.io.PoolingHttpClientConnectionManager -- ex-0000001F: endpoint leased [route: {}->unix://localhost:2375][total available: 0; route allocated: 1 of 2147483647; total allocated: 1 of 2147483647]
13:44:45.254 [main] DEBUG com.github.dockerjava.zerodep.shaded.org.apache.hc.client5.http.impl.io.PoolingHttpClientConnectionManager -- ex-0000001F: acquired ep-0000001E
13:44:45.254 [main] DEBUG com.github.dockerjava.zerodep.shaded.org.apache.hc.client5.http.impl.classic.InternalHttpClient -- ex-0000001F: acquired endpoint ep-0000001E
13:44:45.254 [main] DEBUG com.github.dockerjava.zerodep.shaded.org.apache.hc.client5.http.impl.classic.MainClientExec -- ex-0000001F: executing POST /v1.32/containers/2588312df33108e5baaf8c1c406e6d531f2f7d339fd5ce139579a2f5c416b5e1/start HTTP/1.1
13:44:45.254 [main] DEBUG com.github.dockerjava.zerodep.shaded.org.apache.hc.client5.http.impl.classic.InternalHttpClient -- ep-0000001E: start execution ex-0000001F
13:44:45.254 [main] DEBUG com.github.dockerjava.zerodep.shaded.org.apache.hc.client5.http.impl.io.PoolingHttpClientConnectionManager -- ep-0000001E: executing exchange ex-0000001F over http-outgoing-2
13:44:45.254 [main] DEBUG com.github.dockerjava.zerodep.shaded.org.apache.hc.client5.http.headers -- http-outgoing-2 >> POST /v1.32/containers/2588312df33108e5baaf8c1c406e6d531f2f7d339fd5ce139579a2f5c416b5e1/start HTTP/1.1
13:44:45.254 [main] DEBUG com.github.dockerjava.zerodep.shaded.org.apache.hc.client5.http.headers -- http-outgoing-2 >> accept: application/json
13:44:45.254 [main] DEBUG com.github.dockerjava.zerodep.shaded.org.apache.hc.client5.http.headers -- http-outgoing-2 >> content-type: application/json
13:44:45.254 [main] DEBUG com.github.dockerjava.zerodep.shaded.org.apache.hc.client5.http.headers -- http-outgoing-2 >> x-tc-sid: 54378b7d-3a0f-415e-bde3-36e7018731d0
13:44:45.254 [main] DEBUG com.github.dockerjava.zerodep.shaded.org.apache.hc.client5.http.headers -- http-outgoing-2 >> User-Agent: tc-java/1.19.3
13:44:45.254 [main] DEBUG com.github.dockerjava.zerodep.shaded.org.apache.hc.client5.http.headers -- http-outgoing-2 >> Accept-Encoding: gzip, x-gzip, deflate
13:44:45.254 [main] DEBUG com.github.dockerjava.zerodep.shaded.org.apache.hc.client5.http.headers -- http-outgoing-2 >> Host: localhost:2375
13:44:45.254 [main] DEBUG com.github.dockerjava.zerodep.shaded.org.apache.hc.client5.http.headers -- http-outgoing-2 >> Connection: keep-alive
13:44:45.254 [main] DEBUG com.github.dockerjava.zerodep.shaded.org.apache.hc.client5.http.wire -- http-outgoing-2 >> "POST /v1.32/containers/2588312df33108e5baaf8c1c406e6d531f2f7d339fd5ce139579a2f5c416b5e1/start HTTP/1.1[\r][\n]"
13:44:45.254 [main] DEBUG com.github.dockerjava.zerodep.shaded.org.apache.hc.client5.http.wire -- http-outgoing-2 >> "accept: application/json[\r][\n]"
13:44:45.254 [main] DEBUG com.github.dockerjava.zerodep.shaded.org.apache.hc.client5.http.wire -- http-outgoing-2 >> "content-type: application/json[\r][\n]"
13:44:45.254 [main] DEBUG com.github.dockerjava.zerodep.shaded.org.apache.hc.client5.http.wire -- http-outgoing-2 >> "x-tc-sid: 54378b7d-3a0f-415e-bde3-36e7018731d0[\r][\n]"
13:44:45.254 [main] DEBUG com.github.dockerjava.zerodep.shaded.org.apache.hc.client5.http.wire -- http-outgoing-2 >> "User-Agent: tc-java/1.19.3[\r][\n]"
13:44:45.254 [main] DEBUG com.github.dockerjava.zerodep.shaded.org.apache.hc.client5.http.wire -- http-outgoing-2 >> "Accept-Encoding: gzip, x-gzip, deflate[\r][\n]"
13:44:45.254 [main] DEBUG com.github.dockerjava.zerodep.shaded.org.apache.hc.client5.http.wire -- http-outgoing-2 >> "Host: localhost:2375[\r][\n]"
13:44:45.254 [main] DEBUG com.github.dockerjava.zerodep.shaded.org.apache.hc.client5.http.wire -- http-outgoing-2 >> "Connection: keep-alive[\r][\n]"
13:44:45.254 [main] DEBUG com.github.dockerjava.zerodep.shaded.org.apache.hc.client5.http.wire -- http-outgoing-2 >> "[\r][\n]"
13:44:45.322 [main] DEBUG com.github.dockerjava.zerodep.shaded.org.apache.hc.client5.http.wire -- http-outgoing-2 << "HTTP/1.1 204 No Content[\r][\n]"
13:44:45.322 [main] DEBUG com.github.dockerjava.zerodep.shaded.org.apache.hc.client5.http.wire -- http-outgoing-2 << "Api-Version: 1.49[\r][\n]"
13:44:45.322 [main] DEBUG com.github.dockerjava.zerodep.shaded.org.apache.hc.client5.http.wire -- http-outgoing-2 << "Date: Thu, 26 Jun 2025 12:44:45 GMT[\r][\n]"
13:44:45.322 [main] DEBUG com.github.dockerjava.zerodep.shaded.org.apache.hc.client5.http.wire -- http-outgoing-2 << "Docker-Experimental: false[\r][\n]"
13:44:45.322 [main] DEBUG com.github.dockerjava.zerodep.shaded.org.apache.hc.client5.http.wire -- http-outgoing-2 << "Ostype: linux[\r][\n]"
13:44:45.322 [main] DEBUG com.github.dockerjava.zerodep.shaded.org.apache.hc.client5.http.wire -- http-outgoing-2 << "Server: Docker/28.1.1 (linux)[\r][\n]"
13:44:45.322 [main] DEBUG com.github.dockerjava.zerodep.shaded.org.apache.hc.client5.http.wire -- http-outgoing-2 << "[\r][\n]"
13:44:45.322 [main] DEBUG com.github.dockerjava.zerodep.shaded.org.apache.hc.client5.http.headers -- http-outgoing-2 << HTTP/1.1 204 No Content
13:44:45.322 [main] DEBUG com.github.dockerjava.zerodep.shaded.org.apache.hc.client5.http.headers -- http-outgoing-2 << Api-Version: 1.49
13:44:45.322 [main] DEBUG com.github.dockerjava.zerodep.shaded.org.apache.hc.client5.http.headers -- http-outgoing-2 << Date: Thu, 26 Jun 2025 12:44:45 GMT
13:44:45.322 [main] DEBUG com.github.dockerjava.zerodep.shaded.org.apache.hc.client5.http.headers -- http-outgoing-2 << Docker-Experimental: false
13:44:45.322 [main] DEBUG com.github.dockerjava.zerodep.shaded.org.apache.hc.client5.http.headers -- http-outgoing-2 << Ostype: linux
13:44:45.322 [main] DEBUG com.github.dockerjava.zerodep.shaded.org.apache.hc.client5.http.headers -- http-outgoing-2 << Server: Docker/28.1.1 (linux)
13:44:45.323 [main] DEBUG com.github.dockerjava.zerodep.shaded.org.apache.hc.client5.http.impl.classic.MainClientExec -- ex-0000001F: connection can be kept alive for 3 MINUTES
13:44:45.323 [main] DEBUG com.github.dockerjava.zerodep.shaded.org.apache.hc.client5.http.impl.classic.InternalHttpClient -- ep-0000001E: releasing valid endpoint
13:44:45.323 [main] DEBUG com.github.dockerjava.zerodep.shaded.org.apache.hc.client5.http.impl.io.PoolingHttpClientConnectionManager -- ep-0000001E: releasing endpoint
13:44:45.323 [main] DEBUG com.github.dockerjava.zerodep.shaded.org.apache.hc.client5.http.impl.io.PoolingHttpClientConnectionManager -- ep-0000001E: connection http-outgoing-2 can be kept alive for 3 MINUTES
13:44:45.323 [main] DEBUG com.github.dockerjava.zerodep.shaded.org.apache.hc.client5.http.impl.io.PoolingHttpClientConnectionManager -- ep-0000001E: connection released [route: {}->unix://localhost:2375][total available: 1; route allocated: 1 of 2147483647; total allocated: 1 of 2147483647]
13:44:45.323 [main] DEBUG org.testcontainers.shaded.com.github.dockerjava.core.command.AbstrDockerCmd -- Cmd: 2588312df33108e5baaf8c1c406e6d531f2f7d339fd5ce139579a2f5c416b5e1,false
13:44:45.323 [main] DEBUG org.testcontainers.shaded.com.github.dockerjava.core.exec.InspectContainerCmdExec -- GET: DefaultWebTarget{path=[/containers/2588312df33108e5baaf8c1c406e6d531f2f7d339fd5ce139579a2f5c416b5e1/json], queryParams={}}
13:44:45.323 [main] DEBUG com.github.dockerjava.zerodep.shaded.org.apache.hc.client5.http.impl.classic.InternalHttpClient -- ex-00000020: preparing request execution
13:44:45.323 [main] DEBUG com.github.dockerjava.zerodep.shaded.org.apache.hc.client5.http.protocol.RequestAddCookies -- Cookie spec selected: strict
13:44:45.323 [main] DEBUG com.github.dockerjava.zerodep.shaded.org.apache.hc.client5.http.protocol.RequestAuthCache -- Auth cache not set in the context
13:44:45.323 [main] DEBUG com.github.dockerjava.zerodep.shaded.org.apache.hc.client5.http.impl.classic.ProtocolExec -- ex-00000020: target auth state: UNCHALLENGED
13:44:45.323 [main] DEBUG com.github.dockerjava.zerodep.shaded.org.apache.hc.client5.http.impl.classic.ProtocolExec -- ex-00000020: proxy auth state: UNCHALLENGED
13:44:45.323 [main] DEBUG com.github.dockerjava.zerodep.shaded.org.apache.hc.client5.http.impl.classic.ConnectExec -- ex-00000020: acquiring connection with route {}->unix://localhost:2375
13:44:45.323 [main] DEBUG com.github.dockerjava.zerodep.shaded.org.apache.hc.client5.http.impl.classic.InternalHttpClient -- ex-00000020: acquiring endpoint (3 MINUTES)
13:44:45.323 [main] DEBUG com.github.dockerjava.zerodep.shaded.org.apache.hc.client5.http.impl.io.PoolingHttpClientConnectionManager -- ex-00000020: endpoint lease request (3 MINUTES) [route: {}->unix://localhost:2375][total available: 1; route allocated: 1 of 2147483647; total allocated: 1 of 2147483647]
13:44:45.323 [main] DEBUG com.github.dockerjava.zerodep.shaded.org.apache.hc.client5.http.impl.io.PoolingHttpClientConnectionManager -- ex-00000020: endpoint leased [route: {}->unix://localhost:2375][total available: 0; route allocated: 1 of 2147483647; total allocated: 1 of 2147483647]
13:44:45.323 [main] DEBUG com.github.dockerjava.zerodep.shaded.org.apache.hc.client5.http.impl.io.PoolingHttpClientConnectionManager -- ex-00000020: acquired ep-0000001F
13:44:45.323 [main] DEBUG com.github.dockerjava.zerodep.shaded.org.apache.hc.client5.http.impl.classic.InternalHttpClient -- ex-00000020: acquired endpoint ep-0000001F
13:44:45.323 [main] DEBUG com.github.dockerjava.zerodep.shaded.org.apache.hc.client5.http.impl.classic.MainClientExec -- ex-00000020: executing GET /v1.32/containers/2588312df33108e5baaf8c1c406e6d531f2f7d339fd5ce139579a2f5c416b5e1/json HTTP/1.1
13:44:45.323 [main] DEBUG com.github.dockerjava.zerodep.shaded.org.apache.hc.client5.http.impl.classic.InternalHttpClient -- ep-0000001F: start execution ex-00000020
13:44:45.323 [main] DEBUG com.github.dockerjava.zerodep.shaded.org.apache.hc.client5.http.impl.io.PoolingHttpClientConnectionManager -- ep-0000001F: executing exchange ex-00000020 over http-outgoing-2
13:44:45.323 [main] DEBUG com.github.dockerjava.zerodep.shaded.org.apache.hc.client5.http.headers -- http-outgoing-2 >> GET /v1.32/containers/2588312df33108e5baaf8c1c406e6d531f2f7d339fd5ce139579a2f5c416b5e1/json HTTP/1.1
13:44:45.323 [main] DEBUG com.github.dockerjava.zerodep.shaded.org.apache.hc.client5.http.headers -- http-outgoing-2 >> accept: application/json
13:44:45.323 [main] DEBUG com.github.dockerjava.zerodep.shaded.org.apache.hc.client5.http.headers -- http-outgoing-2 >> x-tc-sid: 54378b7d-3a0f-415e-bde3-36e7018731d0
13:44:45.323 [main] DEBUG com.github.dockerjava.zerodep.shaded.org.apache.hc.client5.http.headers -- http-outgoing-2 >> User-Agent: tc-java/1.19.3
13:44:45.323 [main] DEBUG com.github.dockerjava.zerodep.shaded.org.apache.hc.client5.http.headers -- http-outgoing-2 >> Accept-Encoding: gzip, x-gzip, deflate
13:44:45.323 [main] DEBUG com.github.dockerjava.zerodep.shaded.org.apache.hc.client5.http.headers -- http-outgoing-2 >> Host: localhost:2375
13:44:45.323 [main] DEBUG com.github.dockerjava.zerodep.shaded.org.apache.hc.client5.http.headers -- http-outgoing-2 >> Connection: keep-alive
13:44:45.323 [main] DEBUG com.github.dockerjava.zerodep.shaded.org.apache.hc.client5.http.wire -- http-outgoing-2 >> "GET /v1.32/containers/2588312df33108e5baaf8c1c406e6d531f2f7d339fd5ce139579a2f5c416b5e1/json HTTP/1.1[\r][\n]"
13:44:45.323 [main] DEBUG com.github.dockerjava.zerodep.shaded.org.apache.hc.client5.http.wire -- http-outgoing-2 >> "accept: application/json[\r][\n]"
13:44:45.323 [main] DEBUG com.github.dockerjava.zerodep.shaded.org.apache.hc.client5.http.wire -- http-outgoing-2 >> "x-tc-sid: 54378b7d-3a0f-415e-bde3-36e7018731d0[\r][\n]"
13:44:45.323 [main] DEBUG com.github.dockerjava.zerodep.shaded.org.apache.hc.client5.http.wire -- http-outgoing-2 >> "User-Agent: tc-java/1.19.3[\r][\n]"
13:44:45.323 [main] DEBUG com.github.dockerjava.zerodep.shaded.org.apache.hc.client5.http.wire -- http-outgoing-2 >> "Accept-Encoding: gzip, x-gzip, deflate[\r][\n]"
13:44:45.323 [main] DEBUG com.github.dockerjava.zerodep.shaded.org.apache.hc.client5.http.wire -- http-outgoing-2 >> "Host: localhost:2375[\r][\n]"
13:44:45.323 [main] DEBUG com.github.dockerjava.zerodep.shaded.org.apache.hc.client5.http.wire -- http-outgoing-2 >> "Connection: keep-alive[\r][\n]"
13:44:45.323 [main] DEBUG com.github.dockerjava.zerodep.shaded.org.apache.hc.client5.http.wire -- http-outgoing-2 >> "[\r][\n]"
13:44:45.324 [main] DEBUG com.github.dockerjava.zerodep.shaded.org.apache.hc.client5.http.wire -- http-outgoing-2 << "HTTP/1.1 200 OK[\r][\n]"
13:44:45.324 [main] DEBUG com.github.dockerjava.zerodep.shaded.org.apache.hc.client5.http.wire -- http-outgoing-2 << "Api-Version: 1.49[\r][\n]"
13:44:45.324 [main] DEBUG com.github.dockerjava.zerodep.shaded.org.apache.hc.client5.http.wire -- http-outgoing-2 << "Content-Type: application/json[\r][\n]"
13:44:45.324 [main] DEBUG com.github.dockerjava.zerodep.shaded.org.apache.hc.client5.http.wire -- http-outgoing-2 << "Date: Thu, 26 Jun 2025 12:44:45 GMT[\r][\n]"
13:44:45.324 [main] DEBUG com.github.dockerjava.zerodep.shaded.org.apache.hc.client5.http.wire -- http-outgoing-2 << "Docker-Experimental: false[\r][\n]"
13:44:45.324 [main] DEBUG com.github.dockerjava.zerodep.shaded.org.apache.hc.client5.http.wire -- http-outgoing-2 << "Ostype: linux[\r][\n]"
13:44:45.324 [main] DEBUG com.github.dockerjava.zerodep.shaded.org.apache.hc.client5.http.wire -- http-outgoing-2 << "Server: Docker/28.1.1 (linux)[\r][\n]"
13:44:45.324 [main] DEBUG com.github.dockerjava.zerodep.shaded.org.apache.hc.client5.http.wire -- http-outgoing-2 << "Transfer-Encoding: chunked[\r][\n]"
13:44:45.324 [main] DEBUG com.github.dockerjava.zerodep.shaded.org.apache.hc.client5.http.wire -- http-outgoing-2 << "[\r][\n]"
13:44:45.324 [main] DEBUG com.github.dockerjava.zerodep.shaded.org.apache.hc.client5.http.headers -- http-outgoing-2 << HTTP/1.1 200 OK
13:44:45.324 [main] DEBUG com.github.dockerjava.zerodep.shaded.org.apache.hc.client5.http.headers -- http-outgoing-2 << Api-Version: 1.49
13:44:45.324 [main] DEBUG com.github.dockerjava.zerodep.shaded.org.apache.hc.client5.http.headers -- http-outgoing-2 << Content-Type: application/json
13:44:45.324 [main] DEBUG com.github.dockerjava.zerodep.shaded.org.apache.hc.client5.http.headers -- http-outgoing-2 << Date: Thu, 26 Jun 2025 12:44:45 GMT
13:44:45.324 [main] DEBUG com.github.dockerjava.zerodep.shaded.org.apache.hc.client5.http.headers -- http-outgoing-2 << Docker-Experimental: false
13:44:45.324 [main] DEBUG com.github.dockerjava.zerodep.shaded.org.apache.hc.client5.http.headers -- http-outgoing-2 << Ostype: linux
13:44:45.324 [main] DEBUG com.github.dockerjava.zerodep.shaded.org.apache.hc.client5.http.headers -- http-outgoing-2 << Server: Docker/28.1.1 (linux)
13:44:45.324 [main] DEBUG com.github.dockerjava.zerodep.shaded.org.apache.hc.client5.http.headers -- http-outgoing-2 << Transfer-Encoding: chunked
13:44:45.324 [main] DEBUG com.github.dockerjava.zerodep.shaded.org.apache.hc.client5.http.impl.classic.MainClientExec -- ex-00000020: connection can be kept alive for 3 MINUTES
13:44:45.325 [main] DEBUG com.github.dockerjava.zerodep.shaded.org.apache.hc.client5.http.wire -- http-outgoing-2 << "153a[\r][\n]"
13:44:45.325 [main] DEBUG com.github.dockerjava.zerodep.shaded.org.apache.hc.client5.http.wire -- http-outgoing-2 << "{"Id":"2588312df33108e5baaf8c1c406e6d531f2f7d339fd5ce139579a2f5c416b5e1","Created":"2025-06-26T12:44:45.227718253Z","Path":"tini","Args":["-g","--","/startup/docker-entrypoint.sh","neo4j"],"State":{"Status":"running","Running":true,"Paused":false,"Restarting":false,"OOMKilled":false,"Dead":false,"Pid":2155,"ExitCode":0,"Error":"","StartedAt":"2025-06-26T12:44:45.263122753Z","FinishedAt":"0001-01-01T00:00:00Z"},"Image":"sha256:16e72e7e36299f0e1ccb14d60a28203a76b868b71c0814735a7481675acc1936","ResolvConfPath":"/var/lib/docker/containers/2588312df33108e5baaf8c1c406e6d531f2f7d339fd5ce139579a2f5c416b5e1/resolv.conf","HostnamePath":"/var/lib/docker/containers/2588312df33108e5baaf8c1c406e6d531f2f7d339fd5ce139579a2f5c416b5e1/hostname","HostsPath":"/var/lib/docker/containers/2588312df33108e5baaf8c1c406e6d531f2f7d339fd5ce139579a2f5c416b5e1/hosts","LogPath":"/var/lib/docker/containers/2588312df33108e5baaf8c1c406e6d531f2f7d339fd5ce139579a2f5c416b5e1/2588312df33108e5baaf8c1c406e6d531f2f7d339fd5ce139579a2f5c416b5e1-json.log","Name":"/jolly_jennings","RestartCount":0,"Driver":"overlayfs","Platform":"linux","MountLabel":"","ProcessLabel":"","AppArmorProfile":"","ExecIDs":null,"HostConfig":{"Binds":[],"ContainerIDFile":"","LogConfig":{"Type":"json-file","Config":{}},"NetworkMode":"bridge","PortBindings":{"7473/tcp":[{"HostIp":"0.0.0.0","HostPort":"0"}],"7474/tcp":[{"HostIp":"0.0.0.0","HostPort":"0"}],"7687/tcp":[{"HostIp":"0.0.0.0","HostPort":"0"}]},"RestartPolicy":{"Name":"no","MaximumRetryCount":0},"AutoRemove":false,"VolumeDriver":"","VolumesFrom":[],"ConsoleSize":[0,0],"CapAdd":null,"CapDrop":null,"CgroupnsMode":"private","Dns":null,"DnsOptions":null,"DnsSearch":null,"ExtraHosts":[],"GroupAdd":null,"IpcMode":"shareable","Cgroup":"","Links":null,"OomScoreAdj":0,"PidMode":"","Privileged":false,"PublishAllPorts":false,"ReadonlyRootfs":false,"SecurityOpt":null,"UTSMode":"","UsernsMode":"","ShmSize":67108864,"Runtime":"runc","Isolation":"","CpuShares":0,"Memory":0,"NanoCpus":0,"CgroupParent":"","BlkioWeight":0,"BlkioWeightDevice":null,"BlkioDeviceReadBps":null,"BlkioDeviceWriteBps":null,"BlkioDeviceReadIOps":null,"BlkioDeviceWriteIOps":null,"CpuPeriod":0,"CpuQuota":0,"CpuRealtimePeriod":0,"CpuRealtimeRuntime":0,"CpusetCpus":"","CpusetMems":"","Devices":null,"DeviceCgroupRules":null,"DeviceRequests":null,"MemoryReservation":0,"MemorySwap":0,"MemorySwappiness":null,"OomKillDisable":null,"PidsLimit":null,"Ulimits":null,"CpuCount":0,"CpuPercent":0,"IOMaximumIOps":0,"IOMaximumBandwidth":0,"MaskedPaths":["/proc/asound","/proc/acpi","/proc/interrupts","/proc/kcore","/proc/keys","/proc/latency_stats","/proc/timer_list","/proc/timer_stats","/proc/sched_debug","/proc/scsi","/sys/firmware","/sys/devices/virtual/powercap"],"ReadonlyPaths":["/proc/bus","/proc/fs","/proc/irq","/proc/sys","/proc/sysrq-trigger"]},"GraphDriver":{"Data":null,"Name":"overlayfs"},"Mounts":[{"Type":"volume","Name":"be8fbbaf6200eeb89c471a0283bb287f2f52a05b0328d5d140675f4582e5107e","Source":"/var/lib/docker/volumes/be8fbbaf6200eeb89c471a0283bb287f2f52a05b0328d5d140675f4582e5107e/_data","Destination":"/data","Driver":"local","Mode":"","RW":true,"Propagation":""},{"Type":"volume","Name":"370012b56885a7d21e88856a4bdd39375b12e4d47c805405de1dbc3817fbac45","Source":"/var/lib/docker/volumes/370012b56885a7d21e88856a4bdd39375b12e4d47c805405de1dbc3817fbac45/_data","Destination":"/logs","Driver":"local","Mode":"","RW":true,"Propagation":""}],"Config":{"Hostname":"2588312df331","Domainname":"","User":"","AttachStdin":false,"AttachStdout":false,"AttachStderr":false,"ExposedPorts":{"7473/tcp":{},"7474/tcp":{},"7687/tcp":{}},"Tty":false,"OpenStdin":false,"StdinOnce":false,"Env":["NEO4J_AUTH=neo4j/testpassword","PATH=/var/lib/neo4j/bin:/opt/java/openjdk/bin:/usr/local/sbin:/usr/local/bin:/usr/sbin:/usr/bin:/sbin:/bin","JAVA_HOME=/opt/java/openjdk","NEO4J_SHA256=7a4652c869dd875bd843ab1204bdcb2c5816abd1b57e27f9d0c6b32e55704814","NEO4J_TARBALL=neo4j-community-4.4.44-unix.tar.gz","NEO4J_EDITION=community","NEO4J_HOME=/var/lib/neo4j","LANG=C.UTF-8"],"Cmd":["neo4j"],"Image":"neo4j:4.4","Volumes":{"/data":{},"/logs":{}},"WorkingDir":"/var/lib/neo4j","Entrypoint":["tini","-g","--","/startup/docker-entrypoint.sh"],"OnBuild":null,"Labels":{"org.testcontainers":"true","org.testcontainers.lang":"java","org.testcontainers.sessionId":"54378b7d-3a0f-415e-bde3-36e7018731d0","org.testcontainers.version":"1.19.3"}},"NetworkSettings":{"Bridge":"","SandboxID":"2dba3d4a2c70b44a2aa79bccbe478c0b7006fd829ef13410479b75c3092defcc","SandboxKey":"/var/run/docker/netns/2dba3d4a2c70","Ports":{"7473/tcp":[],"7474/tcp":[],"7687/tcp":[]},"HairpinMode":false,"LinkLocalIPv6Address":"","LinkLocalIPv6PrefixLen":0,"SecondaryIPAddresses":null,"SecondaryIPv6Addresses":null,"EndpointID":"d7425683800111f5924463d099469d1c81b703610225b7dff7c2464b2d5a04ef","Gateway":"172.17.0.1","GlobalIPv6Address":"","GlobalIPv6PrefixLen":0,"IPAddress":"172.17.0.3","IPPrefixLen":16,"IPv6Gateway":"","MacAddress":"92:ba:d4:15:60:1a","Networks":{"bridge":{"IPAMConfig":null,"Links":null,"Aliases":null,"MacAddress":"92:ba:d4:15:60:1a","DriverOpts":null,"GwPriority":0,"NetworkID":"a84fdec0fe3b830285aec5e493e6278c07f44db1d76a9263149ea6e5da22c0fa","EndpointID":"d7425683800111f5924463d099469d1c81b703610225b7dff7c2464b2d5a04ef","Gateway":"172.17.0.1","IPAddress":"172.17.0.3","IPPrefixLen":16,"IPv6Gateway":"","GlobalIPv6Address":"","GlobalIPv6PrefixLen":0,"DNSNames":null}}}}[\n]"
13:44:45.325 [main] DEBUG com.github.dockerjava.zerodep.shaded.org.apache.hc.client5.http.wire -- http-outgoing-2 << "[\r][\n]"
13:44:45.326 [main] DEBUG com.github.dockerjava.zerodep.shaded.org.apache.hc.client5.http.wire -- http-outgoing-2 << "0[\r][\n]"
13:44:45.326 [main] DEBUG com.github.dockerjava.zerodep.shaded.org.apache.hc.client5.http.wire -- http-outgoing-2 << "[\r][\n]"
13:44:45.326 [main] DEBUG com.github.dockerjava.zerodep.shaded.org.apache.hc.client5.http.impl.classic.InternalHttpClient -- ep-0000001F: releasing valid endpoint
13:44:45.326 [main] DEBUG com.github.dockerjava.zerodep.shaded.org.apache.hc.client5.http.impl.io.PoolingHttpClientConnectionManager -- ep-0000001F: releasing endpoint
13:44:45.326 [main] DEBUG com.github.dockerjava.zerodep.shaded.org.apache.hc.client5.http.impl.io.PoolingHttpClientConnectionManager -- ep-0000001F: connection http-outgoing-2 can be kept alive for 3 MINUTES
13:44:45.326 [main] DEBUG com.github.dockerjava.zerodep.shaded.org.apache.hc.client5.http.impl.io.PoolingHttpClientConnectionManager -- ep-0000001F: connection released [route: {}->unix://localhost:2375][total available: 1; route allocated: 1 of 2147483647; total allocated: 1 of 2147483647]
13:44:45.378 [main] DEBUG org.testcontainers.shaded.com.github.dockerjava.core.command.AbstrDockerCmd -- Cmd: 2588312df33108e5baaf8c1c406e6d531f2f7d339fd5ce139579a2f5c416b5e1,false
13:44:45.378 [main] DEBUG org.testcontainers.shaded.com.github.dockerjava.core.exec.InspectContainerCmdExec -- GET: DefaultWebTarget{path=[/containers/2588312df33108e5baaf8c1c406e6d531f2f7d339fd5ce139579a2f5c416b5e1/json], queryParams={}}
13:44:45.378 [main] DEBUG com.github.dockerjava.zerodep.shaded.org.apache.hc.client5.http.impl.classic.InternalHttpClient -- ex-00000021: preparing request execution
13:44:45.378 [main] DEBUG com.github.dockerjava.zerodep.shaded.org.apache.hc.client5.http.protocol.RequestAddCookies -- Cookie spec selected: strict
13:44:45.378 [main] DEBUG com.github.dockerjava.zerodep.shaded.org.apache.hc.client5.http.protocol.RequestAuthCache -- Auth cache not set in the context
13:44:45.378 [main] DEBUG com.github.dockerjava.zerodep.shaded.org.apache.hc.client5.http.impl.classic.ProtocolExec -- ex-00000021: target auth state: UNCHALLENGED
13:44:45.378 [main] DEBUG com.github.dockerjava.zerodep.shaded.org.apache.hc.client5.http.impl.classic.ProtocolExec -- ex-00000021: proxy auth state: UNCHALLENGED
13:44:45.378 [main] DEBUG com.github.dockerjava.zerodep.shaded.org.apache.hc.client5.http.impl.classic.ConnectExec -- ex-00000021: acquiring connection with route {}->unix://localhost:2375
13:44:45.378 [main] DEBUG com.github.dockerjava.zerodep.shaded.org.apache.hc.client5.http.impl.classic.InternalHttpClient -- ex-00000021: acquiring endpoint (3 MINUTES)
13:44:45.378 [main] DEBUG com.github.dockerjava.zerodep.shaded.org.apache.hc.client5.http.impl.io.PoolingHttpClientConnectionManager -- ex-00000021: endpoint lease request (3 MINUTES) [route: {}->unix://localhost:2375][total available: 1; route allocated: 1 of 2147483647; total allocated: 1 of 2147483647]
13:44:45.379 [main] DEBUG com.github.dockerjava.zerodep.shaded.org.apache.hc.client5.http.impl.io.PoolingHttpClientConnectionManager -- ex-00000021: endpoint leased [route: {}->unix://localhost:2375][total available: 0; route allocated: 1 of 2147483647; total allocated: 1 of 2147483647]
13:44:45.379 [main] DEBUG com.github.dockerjava.zerodep.shaded.org.apache.hc.client5.http.impl.io.PoolingHttpClientConnectionManager -- ex-00000021: acquired ep-00000020
13:44:45.379 [main] DEBUG com.github.dockerjava.zerodep.shaded.org.apache.hc.client5.http.impl.classic.InternalHttpClient -- ex-00000021: acquired endpoint ep-00000020
13:44:45.379 [main] DEBUG com.github.dockerjava.zerodep.shaded.org.apache.hc.client5.http.impl.classic.MainClientExec -- ex-00000021: executing GET /v1.32/containers/2588312df33108e5baaf8c1c406e6d531f2f7d339fd5ce139579a2f5c416b5e1/json HTTP/1.1
13:44:45.379 [main] DEBUG com.github.dockerjava.zerodep.shaded.org.apache.hc.client5.http.impl.classic.InternalHttpClient -- ep-00000020: start execution ex-00000021
13:44:45.379 [main] DEBUG com.github.dockerjava.zerodep.shaded.org.apache.hc.client5.http.impl.io.PoolingHttpClientConnectionManager -- ep-00000020: executing exchange ex-00000021 over http-outgoing-2
13:44:45.379 [main] DEBUG com.github.dockerjava.zerodep.shaded.org.apache.hc.client5.http.headers -- http-outgoing-2 >> GET /v1.32/containers/2588312df33108e5baaf8c1c406e6d531f2f7d339fd5ce139579a2f5c416b5e1/json HTTP/1.1
13:44:45.379 [main] DEBUG com.github.dockerjava.zerodep.shaded.org.apache.hc.client5.http.headers -- http-outgoing-2 >> accept: application/json
13:44:45.379 [main] DEBUG com.github.dockerjava.zerodep.shaded.org.apache.hc.client5.http.headers -- http-outgoing-2 >> x-tc-sid: 54378b7d-3a0f-415e-bde3-36e7018731d0
13:44:45.379 [main] DEBUG com.github.dockerjava.zerodep.shaded.org.apache.hc.client5.http.headers -- http-outgoing-2 >> User-Agent: tc-java/1.19.3
13:44:45.379 [main] DEBUG com.github.dockerjava.zerodep.shaded.org.apache.hc.client5.http.headers -- http-outgoing-2 >> Accept-Encoding: gzip, x-gzip, deflate
13:44:45.379 [main] DEBUG com.github.dockerjava.zerodep.shaded.org.apache.hc.client5.http.headers -- http-outgoing-2 >> Host: localhost:2375
13:44:45.379 [main] DEBUG com.github.dockerjava.zerodep.shaded.org.apache.hc.client5.http.headers -- http-outgoing-2 >> Connection: keep-alive
13:44:45.379 [main] DEBUG com.github.dockerjava.zerodep.shaded.org.apache.hc.client5.http.wire -- http-outgoing-2 >> "GET /v1.32/containers/2588312df33108e5baaf8c1c406e6d531f2f7d339fd5ce139579a2f5c416b5e1/json HTTP/1.1[\r][\n]"
13:44:45.379 [main] DEBUG com.github.dockerjava.zerodep.shaded.org.apache.hc.client5.http.wire -- http-outgoing-2 >> "accept: application/json[\r][\n]"
13:44:45.379 [main] DEBUG com.github.dockerjava.zerodep.shaded.org.apache.hc.client5.http.wire -- http-outgoing-2 >> "x-tc-sid: 54378b7d-3a0f-415e-bde3-36e7018731d0[\r][\n]"
13:44:45.379 [main] DEBUG com.github.dockerjava.zerodep.shaded.org.apache.hc.client5.http.wire -- http-outgoing-2 >> "User-Agent: tc-java/1.19.3[\r][\n]"
13:44:45.379 [main] DEBUG com.github.dockerjava.zerodep.shaded.org.apache.hc.client5.http.wire -- http-outgoing-2 >> "Accept-Encoding: gzip, x-gzip, deflate[\r][\n]"
13:44:45.379 [main] DEBUG com.github.dockerjava.zerodep.shaded.org.apache.hc.client5.http.wire -- http-outgoing-2 >> "Host: localhost:2375[\r][\n]"
13:44:45.379 [main] DEBUG com.github.dockerjava.zerodep.shaded.org.apache.hc.client5.http.wire -- http-outgoing-2 >> "Connection: keep-alive[\r][\n]"
13:44:45.379 [main] DEBUG com.github.dockerjava.zerodep.shaded.org.apache.hc.client5.http.wire -- http-outgoing-2 >> "[\r][\n]"
13:44:45.380 [main] DEBUG com.github.dockerjava.zerodep.shaded.org.apache.hc.client5.http.wire -- http-outgoing-2 << "HTTP/1.1 200 OK[\r][\n]"
13:44:45.380 [main] DEBUG com.github.dockerjava.zerodep.shaded.org.apache.hc.client5.http.wire -- http-outgoing-2 << "Api-Version: 1.49[\r][\n]"
13:44:45.380 [main] DEBUG com.github.dockerjava.zerodep.shaded.org.apache.hc.client5.http.wire -- http-outgoing-2 << "Content-Type: application/json[\r][\n]"
13:44:45.380 [main] DEBUG com.github.dockerjava.zerodep.shaded.org.apache.hc.client5.http.wire -- http-outgoing-2 << "Date: Thu, 26 Jun 2025 12:44:45 GMT[\r][\n]"
13:44:45.380 [main] DEBUG com.github.dockerjava.zerodep.shaded.org.apache.hc.client5.http.wire -- http-outgoing-2 << "Docker-Experimental: false[\r][\n]"
13:44:45.380 [main] DEBUG com.github.dockerjava.zerodep.shaded.org.apache.hc.client5.http.wire -- http-outgoing-2 << "Ostype: linux[\r][\n]"
13:44:45.380 [main] DEBUG com.github.dockerjava.zerodep.shaded.org.apache.hc.client5.http.wire -- http-outgoing-2 << "Server: Docker/28.1.1 (linux)[\r][\n]"
13:44:45.380 [main] DEBUG com.github.dockerjava.zerodep.shaded.org.apache.hc.client5.http.wire -- http-outgoing-2 << "Transfer-Encoding: chunked[\r][\n]"
13:44:45.380 [main] DEBUG com.github.dockerjava.zerodep.shaded.org.apache.hc.client5.http.wire -- http-outgoing-2 << "[\r][\n]"
13:44:45.380 [main] DEBUG com.github.dockerjava.zerodep.shaded.org.apache.hc.client5.http.headers -- http-outgoing-2 << HTTP/1.1 200 OK
13:44:45.380 [main] DEBUG com.github.dockerjava.zerodep.shaded.org.apache.hc.client5.http.headers -- http-outgoing-2 << Api-Version: 1.49
13:44:45.380 [main] DEBUG com.github.dockerjava.zerodep.shaded.org.apache.hc.client5.http.headers -- http-outgoing-2 << Content-Type: application/json
13:44:45.380 [main] DEBUG com.github.dockerjava.zerodep.shaded.org.apache.hc.client5.http.headers -- http-outgoing-2 << Date: Thu, 26 Jun 2025 12:44:45 GMT
13:44:45.380 [main] DEBUG com.github.dockerjava.zerodep.shaded.org.apache.hc.client5.http.headers -- http-outgoing-2 << Docker-Experimental: false
13:44:45.380 [main] DEBUG com.github.dockerjava.zerodep.shaded.org.apache.hc.client5.http.headers -- http-outgoing-2 << Ostype: linux
13:44:45.380 [main] DEBUG com.github.dockerjava.zerodep.shaded.org.apache.hc.client5.http.headers -- http-outgoing-2 << Server: Docker/28.1.1 (linux)
13:44:45.380 [main] DEBUG com.github.dockerjava.zerodep.shaded.org.apache.hc.client5.http.headers -- http-outgoing-2 << Transfer-Encoding: chunked
13:44:45.380 [main] DEBUG com.github.dockerjava.zerodep.shaded.org.apache.hc.client5.http.impl.classic.MainClientExec -- ex-00000021: connection can be kept alive for 3 MINUTES
13:44:45.380 [main] DEBUG com.github.dockerjava.zerodep.shaded.org.apache.hc.client5.http.wire -- http-outgoing-2 << "15af[\r][\n]"
13:44:45.380 [main] DEBUG com.github.dockerjava.zerodep.shaded.org.apache.hc.client5.http.wire -- http-outgoing-2 << "{"Id":"2588312df33108e5baaf8c1c406e6d531f2f7d339fd5ce139579a2f5c416b5e1","Created":"2025-06-26T12:44:45.227718253Z","Path":"tini","Args":["-g","--","/startup/docker-entrypoint.sh","neo4j"],"State":{"Status":"running","Running":true,"Paused":false,"Restarting":false,"OOMKilled":false,"Dead":false,"Pid":2155,"ExitCode":0,"Error":"","StartedAt":"2025-06-26T12:44:45.263122753Z","FinishedAt":"0001-01-01T00:00:00Z"},"Image":"sha256:16e72e7e36299f0e1ccb14d60a28203a76b868b71c0814735a7481675acc1936","ResolvConfPath":"/var/lib/docker/containers/2588312df33108e5baaf8c1c406e6d531f2f7d339fd5ce139579a2f5c416b5e1/resolv.conf","HostnamePath":"/var/lib/docker/containers/2588312df33108e5baaf8c1c406e6d531f2f7d339fd5ce139579a2f5c416b5e1/hostname","HostsPath":"/var/lib/docker/containers/2588312df33108e5baaf8c1c406e6d531f2f7d339fd5ce139579a2f5c416b5e1/hosts","LogPath":"/var/lib/docker/containers/2588312df33108e5baaf8c1c406e6d531f2f7d339fd5ce139579a2f5c416b5e1/2588312df33108e5baaf8c1c406e6d531f2f7d339fd5ce139579a2f5c416b5e1-json.log","Name":"/jolly_jennings","RestartCount":0,"Driver":"overlayfs","Platform":"linux","MountLabel":"","ProcessLabel":"","AppArmorProfile":"","ExecIDs":null,"HostConfig":{"Binds":[],"ContainerIDFile":"","LogConfig":{"Type":"json-file","Config":{}},"NetworkMode":"bridge","PortBindings":{"7473/tcp":[{"HostIp":"0.0.0.0","HostPort":"0"}],"7474/tcp":[{"HostIp":"0.0.0.0","HostPort":"0"}],"7687/tcp":[{"HostIp":"0.0.0.0","HostPort":"0"}]},"RestartPolicy":{"Name":"no","MaximumRetryCount":0},"AutoRemove":false,"VolumeDriver":"","VolumesFrom":[],"ConsoleSize":[0,0],"CapAdd":null,"CapDrop":null,"CgroupnsMode":"private","Dns":null,"DnsOptions":null,"DnsSearch":null,"ExtraHosts":[],"GroupAdd":null,"IpcMode":"shareable","Cgroup":"","Links":null,"OomScoreAdj":0,"PidMode":"","Privileged":false,"PublishAllPorts":false,"ReadonlyRootfs":false,"SecurityOpt":null,"UTSMode":"","UsernsMode":"","ShmSize":67108864,"Runtime":"runc","Isolation":"","CpuShares":0,"Memory":0,"NanoCpus":0,"CgroupParent":"","BlkioWeight":0,"BlkioWeightDevice":null,"BlkioDeviceReadBps":null,"BlkioDeviceWriteBps":null,"BlkioDeviceReadIOps":null,"BlkioDeviceWriteIOps":null,"CpuPeriod":0,"CpuQuota":0,"CpuRealtimePeriod":0,"CpuRealtimeRuntime":0,"CpusetCpus":"","CpusetMems":"","Devices":null,"DeviceCgroupRules":null,"DeviceRequests":null,"MemoryReservation":0,"MemorySwap":0,"MemorySwappiness":null,"OomKillDisable":null,"PidsLimit":null,"Ulimits":null,"CpuCount":0,"CpuPercent":0,"IOMaximumIOps":0,"IOMaximumBandwidth":0,"MaskedPaths":["/proc/asound","/proc/acpi","/proc/interrupts","/proc/kcore","/proc/keys","/proc/latency_stats","/proc/timer_list","/proc/timer_stats","/proc/sched_debug","/proc/scsi","/sys/firmware","/sys/devices/virtual/powercap"],"ReadonlyPaths":["/proc/bus","/proc/fs","/proc/irq","/proc/sys","/proc/sysrq-trigger"]},"GraphDriver":{"Data":null,"Name":"overlayfs"},"Mounts":[{"Type":"volume","Name":"be8fbbaf6200eeb89c471a0283bb287f2f52a05b0328d5d140675f4582e5107e","Source":"/var/lib/docker/volumes/be8fbbaf6200eeb89c471a0283bb287f2f52a05b0328d5d140675f4582e5107e/_data","Destination":"/data","Driver":"local","Mode":"","RW":true,"Propagation":""},{"Type":"volume","Name":"370012b56885a7d21e88856a4bdd39375b12e4d47c805405de1dbc3817fbac45","Source":"/var/lib/docker/volumes/370012b56885a7d21e88856a4bdd39375b12e4d47c805405de1dbc3817fbac45/_data","Destination":"/logs","Driver":"local","Mode":"","RW":true,"Propagation":""}],"Config":{"Hostname":"2588312df331","Domainname":"","User":"","AttachStdin":false,"AttachStdout":false,"AttachStderr":false,"ExposedPorts":{"7473/tcp":{},"7474/tcp":{},"7687/tcp":{}},"Tty":false,"OpenStdin":false,"StdinOnce":false,"Env":["NEO4J_AUTH=neo4j/testpassword","PATH=/var/lib/neo4j/bin:/opt/java/openjdk/bin:/usr/local/sbin:/usr/local/bin:/usr/sbin:/usr/bin:/sbin:/bin","JAVA_HOME=/opt/java/openjdk","NEO4J_SHA256=7a4652c869dd875bd843ab1204bdcb2c5816abd1b57e27f9d0c6b32e55704814","NEO4J_TARBALL=neo4j-community-4.4.44-unix.tar.gz","NEO4J_EDITION=community","NEO4J_HOME=/var/lib/neo4j","LANG=C.UTF-8"],"Cmd":["neo4j"],"Image":"neo4j:4.4","Volumes":{"/data":{},"/logs":{}},"WorkingDir":"/var/lib/neo4j","Entrypoint":["tini","-g","--","/startup/docker-entrypoint.sh"],"OnBuild":null,"Labels":{"org.testcontainers":"true","org.testcontainers.lang":"java","org.testcontainers.sessionId":"54378b7d-3a0f-415e-bde3-36e7018731d0","org.testcontainers.version":"1.19.3"}},"NetworkSettings":{"Bridge":"","SandboxID":"2dba3d4a2c70b44a2aa79bccbe478c0b7006fd829ef13410479b75c3092defcc","SandboxKey":"/var/run/docker/netns/2dba3d4a2c70","Ports":{"7473/tcp":[{"HostIp":"0.0.0.0","HostPort":"59477"}],"7474/tcp":[{"HostIp":"0.0.0.0","HostPort":"59478"}],"7687/tcp":[{"HostIp":"0.0.0.0","HostPort":"59479"}]},"HairpinMode":false,"LinkLocalIPv6Address":"","LinkLocalIPv6PrefixLen":0,"SecondaryIPAddresses":null,"SecondaryIPv6Addresses":null,"EndpointID":"d7425683800111f5924463d099469d1c81b703610225b7dff7c2464b2d5a04ef","Gateway":"172.17.0.1","GlobalIPv6Address":"","GlobalIPv6PrefixLen":0,"IPAddress":"172.17.0.3","IPPrefixLen":16,"IPv6Gateway":"","MacAddress":"92:ba:d4:15:60:1a","Networks":{"bridge":{"IPAMConfig":null,"Links":null,"Aliases":null,"MacAddress":"92:ba:d4:15:60:1a","DriverOpts":null,"GwPriority":0,"NetworkID":"a84fdec0fe3b830285aec5e493e6278c07f44db1d76a9263149ea6e5da22c0fa","EndpointID":"d7425683800111f5924463d099469d1c81b703610225b7dff7c2464b2d5a04ef","Gateway":"172.17.0.1","IPAddress":"172.17.0.3","IPPrefixLen":16,"IPv6Gateway":"","GlobalIPv6Address":"","GlobalIPv6PrefixLen":0,"DNSNames":null}}}}[\n]"
13:44:45.380 [main] DEBUG com.github.dockerjava.zerodep.shaded.org.apache.hc.client5.http.wire -- http-outgoing-2 << "[\r][\n]"
13:44:45.381 [main] DEBUG com.github.dockerjava.zerodep.shaded.org.apache.hc.client5.http.wire -- http-outgoing-2 << "0[\r][\n]"
13:44:45.381 [main] DEBUG com.github.dockerjava.zerodep.shaded.org.apache.hc.client5.http.wire -- http-outgoing-2 << "[\r][\n]"
13:44:45.381 [main] DEBUG com.github.dockerjava.zerodep.shaded.org.apache.hc.client5.http.impl.classic.InternalHttpClient -- ep-00000020: releasing valid endpoint
13:44:45.381 [main] DEBUG com.github.dockerjava.zerodep.shaded.org.apache.hc.client5.http.impl.io.PoolingHttpClientConnectionManager -- ep-00000020: releasing endpoint
13:44:45.381 [main] DEBUG com.github.dockerjava.zerodep.shaded.org.apache.hc.client5.http.impl.io.PoolingHttpClientConnectionManager -- ep-00000020: connection http-outgoing-2 can be kept alive for 3 MINUTES
13:44:45.381 [main] DEBUG com.github.dockerjava.zerodep.shaded.org.apache.hc.client5.http.impl.io.PoolingHttpClientConnectionManager -- ep-00000020: connection released [route: {}->unix://localhost:2375][total available: 1; route allocated: 1 of 2147483647; total allocated: 1 of 2147483647]
13:44:45.381 [main] DEBUG org.testcontainers.shaded.com.github.dockerjava.core.command.AbstrDockerCmd -- Cmd: sha256:16e72e7e36299f0e1ccb14d60a28203a76b868b71c0814735a7481675acc1936
13:44:45.381 [main] DEBUG com.github.dockerjava.zerodep.shaded.org.apache.hc.client5.http.impl.classic.InternalHttpClient -- ex-00000022: preparing request execution
13:44:45.381 [main] DEBUG com.github.dockerjava.zerodep.shaded.org.apache.hc.client5.http.protocol.RequestAddCookies -- Cookie spec selected: strict
13:44:45.381 [main] DEBUG com.github.dockerjava.zerodep.shaded.org.apache.hc.client5.http.protocol.RequestAuthCache -- Auth cache not set in the context
13:44:45.381 [main] DEBUG com.github.dockerjava.zerodep.shaded.org.apache.hc.client5.http.impl.classic.ProtocolExec -- ex-00000022: target auth state: UNCHALLENGED
13:44:45.381 [main] DEBUG com.github.dockerjava.zerodep.shaded.org.apache.hc.client5.http.impl.classic.ProtocolExec -- ex-00000022: proxy auth state: UNCHALLENGED
13:44:45.381 [main] DEBUG com.github.dockerjava.zerodep.shaded.org.apache.hc.client5.http.impl.classic.ConnectExec -- ex-00000022: acquiring connection with route {}->unix://localhost:2375
13:44:45.381 [main] DEBUG com.github.dockerjava.zerodep.shaded.org.apache.hc.client5.http.impl.classic.InternalHttpClient -- ex-00000022: acquiring endpoint (3 MINUTES)
13:44:45.381 [main] DEBUG com.github.dockerjava.zerodep.shaded.org.apache.hc.client5.http.impl.io.PoolingHttpClientConnectionManager -- ex-00000022: endpoint lease request (3 MINUTES) [route: {}->unix://localhost:2375][total available: 1; route allocated: 1 of 2147483647; total allocated: 1 of 2147483647]
13:44:45.381 [main] DEBUG com.github.dockerjava.zerodep.shaded.org.apache.hc.client5.http.impl.io.PoolingHttpClientConnectionManager -- ex-00000022: endpoint leased [route: {}->unix://localhost:2375][total available: 0; route allocated: 1 of 2147483647; total allocated: 1 of 2147483647]
13:44:45.381 [main] DEBUG com.github.dockerjava.zerodep.shaded.org.apache.hc.client5.http.impl.io.PoolingHttpClientConnectionManager -- ex-00000022: acquired ep-00000021
13:44:45.381 [main] DEBUG com.github.dockerjava.zerodep.shaded.org.apache.hc.client5.http.impl.classic.InternalHttpClient -- ex-00000022: acquired endpoint ep-00000021
13:44:45.381 [main] DEBUG com.github.dockerjava.zerodep.shaded.org.apache.hc.client5.http.impl.classic.MainClientExec -- ex-00000022: executing GET /v1.32/images/sha256:16e72e7e36299f0e1ccb14d60a28203a76b868b71c0814735a7481675acc1936/json HTTP/1.1
13:44:45.381 [main] DEBUG com.github.dockerjava.zerodep.shaded.org.apache.hc.client5.http.impl.classic.InternalHttpClient -- ep-00000021: start execution ex-00000022
13:44:45.382 [main] DEBUG com.github.dockerjava.zerodep.shaded.org.apache.hc.client5.http.impl.io.PoolingHttpClientConnectionManager -- ep-00000021: executing exchange ex-00000022 over http-outgoing-2
13:44:45.382 [main] DEBUG com.github.dockerjava.zerodep.shaded.org.apache.hc.client5.http.headers -- http-outgoing-2 >> GET /v1.32/images/sha256:16e72e7e36299f0e1ccb14d60a28203a76b868b71c0814735a7481675acc1936/json HTTP/1.1
13:44:45.382 [main] DEBUG com.github.dockerjava.zerodep.shaded.org.apache.hc.client5.http.headers -- http-outgoing-2 >> accept: application/json
13:44:45.382 [main] DEBUG com.github.dockerjava.zerodep.shaded.org.apache.hc.client5.http.headers -- http-outgoing-2 >> x-tc-sid: 54378b7d-3a0f-415e-bde3-36e7018731d0
13:44:45.382 [main] DEBUG com.github.dockerjava.zerodep.shaded.org.apache.hc.client5.http.headers -- http-outgoing-2 >> User-Agent: tc-java/1.19.3
13:44:45.382 [main] DEBUG com.github.dockerjava.zerodep.shaded.org.apache.hc.client5.http.headers -- http-outgoing-2 >> Accept-Encoding: gzip, x-gzip, deflate
13:44:45.382 [main] DEBUG com.github.dockerjava.zerodep.shaded.org.apache.hc.client5.http.headers -- http-outgoing-2 >> Host: localhost:2375
13:44:45.382 [main] DEBUG com.github.dockerjava.zerodep.shaded.org.apache.hc.client5.http.headers -- http-outgoing-2 >> Connection: keep-alive
13:44:45.382 [main] DEBUG com.github.dockerjava.zerodep.shaded.org.apache.hc.client5.http.wire -- http-outgoing-2 >> "GET /v1.32/images/sha256:16e72e7e36299f0e1ccb14d60a28203a76b868b71c0814735a7481675acc1936/json HTTP/1.1[\r][\n]"
13:44:45.382 [main] DEBUG com.github.dockerjava.zerodep.shaded.org.apache.hc.client5.http.wire -- http-outgoing-2 >> "accept: application/json[\r][\n]"
13:44:45.382 [main] DEBUG com.github.dockerjava.zerodep.shaded.org.apache.hc.client5.http.wire -- http-outgoing-2 >> "x-tc-sid: 54378b7d-3a0f-415e-bde3-36e7018731d0[\r][\n]"
13:44:45.382 [main] DEBUG com.github.dockerjava.zerodep.shaded.org.apache.hc.client5.http.wire -- http-outgoing-2 >> "User-Agent: tc-java/1.19.3[\r][\n]"
13:44:45.382 [main] DEBUG com.github.dockerjava.zerodep.shaded.org.apache.hc.client5.http.wire -- http-outgoing-2 >> "Accept-Encoding: gzip, x-gzip, deflate[\r][\n]"
13:44:45.382 [main] DEBUG com.github.dockerjava.zerodep.shaded.org.apache.hc.client5.http.wire -- http-outgoing-2 >> "Host: localhost:2375[\r][\n]"
13:44:45.382 [main] DEBUG com.github.dockerjava.zerodep.shaded.org.apache.hc.client5.http.wire -- http-outgoing-2 >> "Connection: keep-alive[\r][\n]"
13:44:45.382 [main] DEBUG com.github.dockerjava.zerodep.shaded.org.apache.hc.client5.http.wire -- http-outgoing-2 >> "[\r][\n]"
13:44:45.396 [main] DEBUG com.github.dockerjava.zerodep.shaded.org.apache.hc.client5.http.wire -- http-outgoing-2 << "HTTP/1.1 200 OK[\r][\n]"
13:44:45.396 [main] DEBUG com.github.dockerjava.zerodep.shaded.org.apache.hc.client5.http.wire -- http-outgoing-2 << "Api-Version: 1.49[\r][\n]"
13:44:45.396 [main] DEBUG com.github.dockerjava.zerodep.shaded.org.apache.hc.client5.http.wire -- http-outgoing-2 << "Content-Type: application/json[\r][\n]"
13:44:45.396 [main] DEBUG com.github.dockerjava.zerodep.shaded.org.apache.hc.client5.http.wire -- http-outgoing-2 << "Date: Thu, 26 Jun 2025 12:44:45 GMT[\r][\n]"
13:44:45.396 [main] DEBUG com.github.dockerjava.zerodep.shaded.org.apache.hc.client5.http.wire -- http-outgoing-2 << "Docker-Experimental: false[\r][\n]"
13:44:45.396 [main] DEBUG com.github.dockerjava.zerodep.shaded.org.apache.hc.client5.http.wire -- http-outgoing-2 << "Ostype: linux[\r][\n]"
13:44:45.396 [main] DEBUG com.github.dockerjava.zerodep.shaded.org.apache.hc.client5.http.wire -- http-outgoing-2 << "Server: Docker/28.1.1 (linux)[\r][\n]"
13:44:45.396 [main] DEBUG com.github.dockerjava.zerodep.shaded.org.apache.hc.client5.http.wire -- http-outgoing-2 << "Transfer-Encoding: chunked[\r][\n]"
13:44:45.396 [main] DEBUG com.github.dockerjava.zerodep.shaded.org.apache.hc.client5.http.wire -- http-outgoing-2 << "[\r][\n]"
13:44:45.396 [main] DEBUG com.github.dockerjava.zerodep.shaded.org.apache.hc.client5.http.headers -- http-outgoing-2 << HTTP/1.1 200 OK
13:44:45.396 [main] DEBUG com.github.dockerjava.zerodep.shaded.org.apache.hc.client5.http.headers -- http-outgoing-2 << Api-Version: 1.49
13:44:45.396 [main] DEBUG com.github.dockerjava.zerodep.shaded.org.apache.hc.client5.http.headers -- http-outgoing-2 << Content-Type: application/json
13:44:45.396 [main] DEBUG com.github.dockerjava.zerodep.shaded.org.apache.hc.client5.http.headers -- http-outgoing-2 << Date: Thu, 26 Jun 2025 12:44:45 GMT
13:44:45.396 [main] DEBUG com.github.dockerjava.zerodep.shaded.org.apache.hc.client5.http.headers -- http-outgoing-2 << Docker-Experimental: false
13:44:45.396 [main] DEBUG com.github.dockerjava.zerodep.shaded.org.apache.hc.client5.http.headers -- http-outgoing-2 << Ostype: linux
13:44:45.396 [main] DEBUG com.github.dockerjava.zerodep.shaded.org.apache.hc.client5.http.headers -- http-outgoing-2 << Server: Docker/28.1.1 (linux)
13:44:45.396 [main] DEBUG com.github.dockerjava.zerodep.shaded.org.apache.hc.client5.http.headers -- http-outgoing-2 << Transfer-Encoding: chunked
13:44:45.396 [main] DEBUG com.github.dockerjava.zerodep.shaded.org.apache.hc.client5.http.impl.classic.MainClientExec -- ex-00000022: connection can be kept alive for 3 MINUTES
13:44:45.396 [main] DEBUG com.github.dockerjava.zerodep.shaded.org.apache.hc.client5.http.wire -- http-outgoing-2 << "6d1[\r][\n]"
13:44:45.396 [main] DEBUG com.github.dockerjava.zerodep.shaded.org.apache.hc.client5.http.wire -- http-outgoing-2 << "{"Id":"sha256:16e72e7e36299f0e1ccb14d60a28203a76b868b71c0814735a7481675acc1936","RepoTags":["neo4j:4.4"],"RepoDigests":["neo4j@sha256:16e72e7e36299f0e1ccb14d60a28203a76b868b71c0814735a7481675acc1936"],"Parent":"","Comment":"buildkit.dockerfile.v0","Created":"2025-05-22T13:57:28Z","DockerVersion":"","Author":"","Config":{"Hostname":"","Domainname":"","User":"","AttachStdin":false,"AttachStdout":false,"AttachStderr":false,"ExposedPorts":{"7473/tcp":{},"7474/tcp":{},"7687/tcp":{}},"Tty":false,"OpenStdin":false,"StdinOnce":false,"Env":["PATH=/var/lib/neo4j/bin:/opt/java/openjdk/bin:/usr/local/sbin:/usr/local/bin:/usr/sbin:/usr/bin:/sbin:/bin","JAVA_HOME=/opt/java/openjdk","NEO4J_SHA256=7a4652c869dd875bd843ab1204bdcb2c5816abd1b57e27f9d0c6b32e55704814","NEO4J_TARBALL=neo4j-community-4.4.44-unix.tar.gz","NEO4J_EDITION=community","NEO4J_HOME=/var/lib/neo4j","LANG=C.UTF-8"],"Cmd":["neo4j"],"Image":"","Volumes":{"/data":{},"/logs":{}},"WorkingDir":"/var/lib/neo4j","Entrypoint":["tini","-g","--","/startup/docker-entrypoint.sh"],"OnBuild":null,"Labels":null},"Architecture":"arm64","Variant":"v8","Os":"linux","Size":320035869,"VirtualSize":320035869,"GraphDriver":{"Data":null,"Name":"overlayfs"},"RootFS":{"Type":"layers","Layers":["sha256:dab6d09609f50cdf575bf21aa1c580d43098099beeb89de47db2962a6b1ae43a","sha256:1f419b13e4d4b72368179e7ee8d25d7c0dee361d79778ea202cc84603750b6b1","sha256:077073b834feab0574fe44e939fae126143984ade4fe524b2a6842c24dc81c34","sha256:709bb83db1f91ddea0ff87c790fd66b63753f7f6564b05bf06ee9a80c45bb67c","sha256:01760cb161520c39c99fa12c975bbc87c69cd8fedd5b4ac9f26da58c43960757","sha256:5f70bf18a086007016e948b04aed3b82103a36bea41755b6cddfaf10ace3c6ef"]},"Metadata":{"LastTagTime":"2025-06-24T21:42:32.424850427Z"}}[\n]"
13:44:45.396 [main] DEBUG com.github.dockerjava.zerodep.shaded.org.apache.hc.client5.http.wire -- http-outgoing-2 << "[\r][\n]"
13:44:45.396 [main] DEBUG com.github.dockerjava.zerodep.shaded.org.apache.hc.client5.http.wire -- http-outgoing-2 << "0[\r][\n]"
13:44:45.396 [main] DEBUG com.github.dockerjava.zerodep.shaded.org.apache.hc.client5.http.wire -- http-outgoing-2 << "[\r][\n]"
13:44:45.396 [main] DEBUG com.github.dockerjava.zerodep.shaded.org.apache.hc.client5.http.impl.classic.InternalHttpClient -- ep-00000021: releasing valid endpoint
13:44:45.396 [main] DEBUG com.github.dockerjava.zerodep.shaded.org.apache.hc.client5.http.impl.io.PoolingHttpClientConnectionManager -- ep-00000021: releasing endpoint
13:44:45.396 [main] DEBUG com.github.dockerjava.zerodep.shaded.org.apache.hc.client5.http.impl.io.PoolingHttpClientConnectionManager -- ep-00000021: connection http-outgoing-2 can be kept alive for 3 MINUTES
13:44:45.396 [main] DEBUG com.github.dockerjava.zerodep.shaded.org.apache.hc.client5.http.impl.io.PoolingHttpClientConnectionManager -- ep-00000021: connection released [route: {}->unix://localhost:2375][total available: 1; route allocated: 1 of 2147483647; total allocated: 1 of 2147483647]
13:44:45.396 [main] DEBUG org.testcontainers.shaded.com.github.dockerjava.core.command.AbstrDockerCmd -- Cmd: 
13:44:45.396 [main] DEBUG com.github.dockerjava.zerodep.shaded.org.apache.hc.client5.http.impl.classic.InternalHttpClient -- ex-00000023: preparing request execution
13:44:45.396 [main] DEBUG com.github.dockerjava.zerodep.shaded.org.apache.hc.client5.http.protocol.RequestAddCookies -- Cookie spec selected: strict
13:44:45.396 [main] DEBUG com.github.dockerjava.zerodep.shaded.org.apache.hc.client5.http.protocol.RequestAuthCache -- Auth cache not set in the context
13:44:45.396 [main] DEBUG com.github.dockerjava.zerodep.shaded.org.apache.hc.client5.http.impl.classic.ProtocolExec -- ex-00000023: target auth state: UNCHALLENGED
13:44:45.396 [main] DEBUG com.github.dockerjava.zerodep.shaded.org.apache.hc.client5.http.impl.classic.ProtocolExec -- ex-00000023: proxy auth state: UNCHALLENGED
13:44:45.396 [main] DEBUG com.github.dockerjava.zerodep.shaded.org.apache.hc.client5.http.impl.classic.ConnectExec -- ex-00000023: acquiring connection with route {}->unix://localhost:2375
13:44:45.396 [main] DEBUG com.github.dockerjava.zerodep.shaded.org.apache.hc.client5.http.impl.classic.InternalHttpClient -- ex-00000023: acquiring endpoint (3 MINUTES)
13:44:45.396 [main] DEBUG com.github.dockerjava.zerodep.shaded.org.apache.hc.client5.http.impl.io.PoolingHttpClientConnectionManager -- ex-00000023: endpoint lease request (3 MINUTES) [route: {}->unix://localhost:2375][total available: 1; route allocated: 1 of 2147483647; total allocated: 1 of 2147483647]
13:44:45.396 [main] DEBUG com.github.dockerjava.zerodep.shaded.org.apache.hc.client5.http.impl.io.PoolingHttpClientConnectionManager -- ex-00000023: endpoint leased [route: {}->unix://localhost:2375][total available: 0; route allocated: 1 of 2147483647; total allocated: 1 of 2147483647]
13:44:45.396 [main] DEBUG com.github.dockerjava.zerodep.shaded.org.apache.hc.client5.http.impl.io.PoolingHttpClientConnectionManager -- ex-00000023: acquired ep-00000022
13:44:45.396 [main] DEBUG com.github.dockerjava.zerodep.shaded.org.apache.hc.client5.http.impl.classic.InternalHttpClient -- ex-00000023: acquired endpoint ep-00000022
13:44:45.396 [main] DEBUG com.github.dockerjava.zerodep.shaded.org.apache.hc.client5.http.impl.classic.MainClientExec -- ex-00000023: executing GET /v1.32/version HTTP/1.1
13:44:45.396 [main] DEBUG com.github.dockerjava.zerodep.shaded.org.apache.hc.client5.http.impl.classic.InternalHttpClient -- ep-00000022: start execution ex-00000023
13:44:45.396 [main] DEBUG com.github.dockerjava.zerodep.shaded.org.apache.hc.client5.http.impl.io.PoolingHttpClientConnectionManager -- ep-00000022: executing exchange ex-00000023 over http-outgoing-2
13:44:45.397 [main] DEBUG com.github.dockerjava.zerodep.shaded.org.apache.hc.client5.http.headers -- http-outgoing-2 >> GET /v1.32/version HTTP/1.1
13:44:45.397 [main] DEBUG com.github.dockerjava.zerodep.shaded.org.apache.hc.client5.http.headers -- http-outgoing-2 >> accept: application/json
13:44:45.397 [main] DEBUG com.github.dockerjava.zerodep.shaded.org.apache.hc.client5.http.headers -- http-outgoing-2 >> x-tc-sid: 54378b7d-3a0f-415e-bde3-36e7018731d0
13:44:45.397 [main] DEBUG com.github.dockerjava.zerodep.shaded.org.apache.hc.client5.http.headers -- http-outgoing-2 >> User-Agent: tc-java/1.19.3
13:44:45.397 [main] DEBUG com.github.dockerjava.zerodep.shaded.org.apache.hc.client5.http.headers -- http-outgoing-2 >> Accept-Encoding: gzip, x-gzip, deflate
13:44:45.397 [main] DEBUG com.github.dockerjava.zerodep.shaded.org.apache.hc.client5.http.headers -- http-outgoing-2 >> Host: localhost:2375
13:44:45.397 [main] DEBUG com.github.dockerjava.zerodep.shaded.org.apache.hc.client5.http.headers -- http-outgoing-2 >> Connection: keep-alive
13:44:45.397 [main] DEBUG com.github.dockerjava.zerodep.shaded.org.apache.hc.client5.http.wire -- http-outgoing-2 >> "GET /v1.32/version HTTP/1.1[\r][\n]"
13:44:45.397 [main] DEBUG com.github.dockerjava.zerodep.shaded.org.apache.hc.client5.http.wire -- http-outgoing-2 >> "accept: application/json[\r][\n]"
13:44:45.397 [main] DEBUG com.github.dockerjava.zerodep.shaded.org.apache.hc.client5.http.wire -- http-outgoing-2 >> "x-tc-sid: 54378b7d-3a0f-415e-bde3-36e7018731d0[\r][\n]"
13:44:45.397 [main] DEBUG com.github.dockerjava.zerodep.shaded.org.apache.hc.client5.http.wire -- http-outgoing-2 >> "User-Agent: tc-java/1.19.3[\r][\n]"
13:44:45.397 [main] DEBUG com.github.dockerjava.zerodep.shaded.org.apache.hc.client5.http.wire -- http-outgoing-2 >> "Accept-Encoding: gzip, x-gzip, deflate[\r][\n]"
13:44:45.397 [main] DEBUG com.github.dockerjava.zerodep.shaded.org.apache.hc.client5.http.wire -- http-outgoing-2 >> "Host: localhost:2375[\r][\n]"
13:44:45.397 [main] DEBUG com.github.dockerjava.zerodep.shaded.org.apache.hc.client5.http.wire -- http-outgoing-2 >> "Connection: keep-alive[\r][\n]"
13:44:45.397 [main] DEBUG com.github.dockerjava.zerodep.shaded.org.apache.hc.client5.http.wire -- http-outgoing-2 >> "[\r][\n]"
13:44:45.400 [main] DEBUG com.github.dockerjava.zerodep.shaded.org.apache.hc.client5.http.wire -- http-outgoing-2 << "HTTP/1.1 200 OK[\r][\n]"
13:44:45.400 [main] DEBUG com.github.dockerjava.zerodep.shaded.org.apache.hc.client5.http.wire -- http-outgoing-2 << "Api-Version: 1.49[\r][\n]"
13:44:45.400 [main] DEBUG com.github.dockerjava.zerodep.shaded.org.apache.hc.client5.http.wire -- http-outgoing-2 << "Content-Type: application/json[\r][\n]"
13:44:45.400 [main] DEBUG com.github.dockerjava.zerodep.shaded.org.apache.hc.client5.http.wire -- http-outgoing-2 << "Date: Thu, 26 Jun 2025 12:44:45 GMT[\r][\n]"
13:44:45.400 [main] DEBUG com.github.dockerjava.zerodep.shaded.org.apache.hc.client5.http.wire -- http-outgoing-2 << "Docker-Experimental: false[\r][\n]"
13:44:45.400 [main] DEBUG com.github.dockerjava.zerodep.shaded.org.apache.hc.client5.http.wire -- http-outgoing-2 << "Ostype: linux[\r][\n]"
13:44:45.400 [main] DEBUG com.github.dockerjava.zerodep.shaded.org.apache.hc.client5.http.wire -- http-outgoing-2 << "Server: Docker/28.1.1 (linux)[\r][\n]"
13:44:45.400 [main] DEBUG com.github.dockerjava.zerodep.shaded.org.apache.hc.client5.http.wire -- http-outgoing-2 << "Transfer-Encoding: chunked[\r][\n]"
13:44:45.400 [main] DEBUG com.github.dockerjava.zerodep.shaded.org.apache.hc.client5.http.wire -- http-outgoing-2 << "[\r][\n]"
13:44:45.400 [main] DEBUG com.github.dockerjava.zerodep.shaded.org.apache.hc.client5.http.headers -- http-outgoing-2 << HTTP/1.1 200 OK
13:44:45.400 [main] DEBUG com.github.dockerjava.zerodep.shaded.org.apache.hc.client5.http.headers -- http-outgoing-2 << Api-Version: 1.49
13:44:45.400 [main] DEBUG com.github.dockerjava.zerodep.shaded.org.apache.hc.client5.http.headers -- http-outgoing-2 << Content-Type: application/json
13:44:45.400 [main] DEBUG com.github.dockerjava.zerodep.shaded.org.apache.hc.client5.http.headers -- http-outgoing-2 << Date: Thu, 26 Jun 2025 12:44:45 GMT
13:44:45.400 [main] DEBUG com.github.dockerjava.zerodep.shaded.org.apache.hc.client5.http.headers -- http-outgoing-2 << Docker-Experimental: false
13:44:45.400 [main] DEBUG com.github.dockerjava.zerodep.shaded.org.apache.hc.client5.http.headers -- http-outgoing-2 << Ostype: linux
13:44:45.400 [main] DEBUG com.github.dockerjava.zerodep.shaded.org.apache.hc.client5.http.headers -- http-outgoing-2 << Server: Docker/28.1.1 (linux)
13:44:45.400 [main] DEBUG com.github.dockerjava.zerodep.shaded.org.apache.hc.client5.http.headers -- http-outgoing-2 << Transfer-Encoding: chunked
13:44:45.400 [main] DEBUG com.github.dockerjava.zerodep.shaded.org.apache.hc.client5.http.impl.classic.MainClientExec -- ex-00000023: connection can be kept alive for 3 MINUTES
13:44:45.400 [main] DEBUG com.github.dockerjava.zerodep.shaded.org.apache.hc.client5.http.wire -- http-outgoing-2 << "339[\r][\n]"
13:44:45.400 [main] DEBUG com.github.dockerjava.zerodep.shaded.org.apache.hc.client5.http.wire -- http-outgoing-2 << "{"Platform":{"Name":"Docker Desktop 4.41.1 (191279)"},"Components":[{"Name":"Engine","Version":"28.1.1","Details":{"ApiVersion":"1.49","Arch":"arm64","BuildTime":"2025-04-18T09:52:08.000000000+00:00","Experimental":"false","GitCommit":"01f442b","GoVersion":"go1.23.8","KernelVersion":"6.10.14-linuxkit","MinAPIVersion":"1.24","Os":"linux"}},{"Name":"containerd","Version":"1.7.27","Details":{"GitCommit":"05044ec0a9a75232cad458027ca83437aae3f4da"}},{"Name":"runc","Version":"1.2.5","Details":{"GitCommit":"v1.2.5-0-g59923ef"}},{"Name":"docker-init","Version":"0.19.0","Details":{"GitCommit":"de40ad0"}}],"Version":"28.1.1","ApiVersion":"1.49","MinAPIVersion":"1.24","GitCommit":"01f442b","GoVersion":"go1.23.8","Os":"linux","Arch":"arm64","KernelVersion":"6.10.14-linuxkit","BuildTime":"2025-04-18T09:52:08.000000000+00:00"}[\n]"
13:44:45.400 [main] DEBUG com.github.dockerjava.zerodep.shaded.org.apache.hc.client5.http.wire -- http-outgoing-2 << "[\r][\n]"
13:44:45.400 [main] DEBUG com.github.dockerjava.zerodep.shaded.org.apache.hc.client5.http.wire -- http-outgoing-2 << "0[\r][\n]"
13:44:45.400 [main] DEBUG com.github.dockerjava.zerodep.shaded.org.apache.hc.client5.http.wire -- http-outgoing-2 << "[\r][\n]"
13:44:45.400 [main] DEBUG com.github.dockerjava.zerodep.shaded.org.apache.hc.client5.http.impl.classic.InternalHttpClient -- ep-00000022: releasing valid endpoint
13:44:45.400 [main] DEBUG com.github.dockerjava.zerodep.shaded.org.apache.hc.client5.http.impl.io.PoolingHttpClientConnectionManager -- ep-00000022: releasing endpoint
13:44:45.400 [main] DEBUG com.github.dockerjava.zerodep.shaded.org.apache.hc.client5.http.impl.io.PoolingHttpClientConnectionManager -- ep-00000022: connection http-outgoing-2 can be kept alive for 3 MINUTES
13:44:45.400 [main] DEBUG com.github.dockerjava.zerodep.shaded.org.apache.hc.client5.http.impl.io.PoolingHttpClientConnectionManager -- ep-00000022: connection released [route: {}->unix://localhost:2375][total available: 1; route allocated: 1 of 2147483647; total allocated: 1 of 2147483647]
13:44:45.401 [docker-java-stream-2100818798] DEBUG com.github.dockerjava.zerodep.shaded.org.apache.hc.client5.http.impl.classic.InternalHttpClient -- ex-00000024: preparing request execution
13:44:45.401 [docker-java-stream-2100818798] DEBUG com.github.dockerjava.zerodep.shaded.org.apache.hc.client5.http.protocol.RequestAddCookies -- Cookie spec selected: strict
13:44:45.401 [docker-java-stream-2100818798] DEBUG com.github.dockerjava.zerodep.shaded.org.apache.hc.client5.http.protocol.RequestAuthCache -- Auth cache not set in the context
13:44:45.401 [docker-java-stream-2100818798] DEBUG com.github.dockerjava.zerodep.shaded.org.apache.hc.client5.http.impl.classic.ProtocolExec -- ex-00000024: target auth state: UNCHALLENGED
13:44:45.401 [docker-java-stream-2100818798] DEBUG com.github.dockerjava.zerodep.shaded.org.apache.hc.client5.http.impl.classic.ProtocolExec -- ex-00000024: proxy auth state: UNCHALLENGED
13:44:45.401 [docker-java-stream-2100818798] DEBUG com.github.dockerjava.zerodep.shaded.org.apache.hc.client5.http.impl.classic.ConnectExec -- ex-00000024: acquiring connection with route {}->unix://localhost:2375
13:44:45.401 [docker-java-stream-2100818798] DEBUG com.github.dockerjava.zerodep.shaded.org.apache.hc.client5.http.impl.classic.InternalHttpClient -- ex-00000024: acquiring endpoint (3 MINUTES)
13:44:45.401 [docker-java-stream-2100818798] DEBUG com.github.dockerjava.zerodep.shaded.org.apache.hc.client5.http.impl.io.PoolingHttpClientConnectionManager -- ex-00000024: endpoint lease request (3 MINUTES) [route: {}->unix://localhost:2375][total available: 1; route allocated: 1 of 2147483647; total allocated: 1 of 2147483647]
13:44:45.401 [docker-java-stream-2100818798] DEBUG com.github.dockerjava.zerodep.shaded.org.apache.hc.client5.http.impl.io.PoolingHttpClientConnectionManager -- ex-00000024: endpoint leased [route: {}->unix://localhost:2375][total available: 0; route allocated: 1 of 2147483647; total allocated: 1 of 2147483647]
13:44:45.401 [docker-java-stream-2100818798] DEBUG com.github.dockerjava.zerodep.shaded.org.apache.hc.client5.http.impl.io.PoolingHttpClientConnectionManager -- ex-00000024: acquired ep-00000023
13:44:45.401 [docker-java-stream-2100818798] DEBUG com.github.dockerjava.zerodep.shaded.org.apache.hc.client5.http.impl.classic.InternalHttpClient -- ex-00000024: acquired endpoint ep-00000023
13:44:45.401 [docker-java-stream-2100818798] DEBUG com.github.dockerjava.zerodep.shaded.org.apache.hc.client5.http.impl.classic.MainClientExec -- ex-00000024: executing GET /v1.32/containers/2588312df33108e5baaf8c1c406e6d531f2f7d339fd5ce139579a2f5c416b5e1/logs?stdout=true&stderr=true&follow=true&since=0 HTTP/1.1
13:44:45.401 [docker-java-stream-2100818798] DEBUG com.github.dockerjava.zerodep.shaded.org.apache.hc.client5.http.impl.classic.InternalHttpClient -- ep-00000023: start execution ex-00000024
13:44:45.401 [docker-java-stream-2100818798] DEBUG com.github.dockerjava.zerodep.shaded.org.apache.hc.client5.http.impl.io.PoolingHttpClientConnectionManager -- ep-00000023: executing exchange ex-00000024 over http-outgoing-2
13:44:45.401 [docker-java-stream-2100818798] DEBUG com.github.dockerjava.zerodep.shaded.org.apache.hc.client5.http.headers -- http-outgoing-2 >> GET /v1.32/containers/2588312df33108e5baaf8c1c406e6d531f2f7d339fd5ce139579a2f5c416b5e1/logs?stdout=true&stderr=true&follow=true&since=0 HTTP/1.1
13:44:45.401 [docker-java-stream-2100818798] DEBUG com.github.dockerjava.zerodep.shaded.org.apache.hc.client5.http.headers -- http-outgoing-2 >> x-tc-sid: 54378b7d-3a0f-415e-bde3-36e7018731d0
13:44:45.401 [docker-java-stream-2100818798] DEBUG com.github.dockerjava.zerodep.shaded.org.apache.hc.client5.http.headers -- http-outgoing-2 >> User-Agent: tc-java/1.19.3
13:44:45.401 [docker-java-stream-2100818798] DEBUG com.github.dockerjava.zerodep.shaded.org.apache.hc.client5.http.headers -- http-outgoing-2 >> Accept-Encoding: gzip, x-gzip, deflate
13:44:45.401 [docker-java-stream-2100818798] DEBUG com.github.dockerjava.zerodep.shaded.org.apache.hc.client5.http.headers -- http-outgoing-2 >> Host: localhost:2375
13:44:45.401 [docker-java-stream-2100818798] DEBUG com.github.dockerjava.zerodep.shaded.org.apache.hc.client5.http.headers -- http-outgoing-2 >> Connection: keep-alive
13:44:45.401 [docker-java-stream-2100818798] DEBUG com.github.dockerjava.zerodep.shaded.org.apache.hc.client5.http.wire -- http-outgoing-2 >> "GET /v1.32/containers/2588312df33108e5baaf8c1c406e6d531f2f7d339fd5ce139579a2f5c416b5e1/logs?stdout=true&stderr=true&follow=true&since=0 HTTP/1.1[\r][\n]"
13:44:45.401 [docker-java-stream-2100818798] DEBUG com.github.dockerjava.zerodep.shaded.org.apache.hc.client5.http.wire -- http-outgoing-2 >> "x-tc-sid: 54378b7d-3a0f-415e-bde3-36e7018731d0[\r][\n]"
13:44:45.401 [docker-java-stream-2100818798] DEBUG com.github.dockerjava.zerodep.shaded.org.apache.hc.client5.http.wire -- http-outgoing-2 >> "User-Agent: tc-java/1.19.3[\r][\n]"
13:44:45.401 [docker-java-stream-2100818798] DEBUG com.github.dockerjava.zerodep.shaded.org.apache.hc.client5.http.wire -- http-outgoing-2 >> "Accept-Encoding: gzip, x-gzip, deflate[\r][\n]"
13:44:45.401 [docker-java-stream-2100818798] DEBUG com.github.dockerjava.zerodep.shaded.org.apache.hc.client5.http.wire -- http-outgoing-2 >> "Host: localhost:2375[\r][\n]"
13:44:45.401 [docker-java-stream-2100818798] DEBUG com.github.dockerjava.zerodep.shaded.org.apache.hc.client5.http.wire -- http-outgoing-2 >> "Connection: keep-alive[\r][\n]"
13:44:45.401 [docker-java-stream-2100818798] DEBUG com.github.dockerjava.zerodep.shaded.org.apache.hc.client5.http.wire -- http-outgoing-2 >> "[\r][\n]"
13:44:45.402 [docker-java-stream-2100818798] DEBUG com.github.dockerjava.zerodep.shaded.org.apache.hc.client5.http.wire -- http-outgoing-2 << "HTTP/1.1 200 OK[\r][\n]"
13:44:45.402 [docker-java-stream-2100818798] DEBUG com.github.dockerjava.zerodep.shaded.org.apache.hc.client5.http.wire -- http-outgoing-2 << "Api-Version: 1.49[\r][\n]"
13:44:45.402 [docker-java-stream-2100818798] DEBUG com.github.dockerjava.zerodep.shaded.org.apache.hc.client5.http.wire -- http-outgoing-2 << "Content-Type: application/vnd.docker.raw-stream[\r][\n]"
13:44:45.402 [docker-java-stream-2100818798] DEBUG com.github.dockerjava.zerodep.shaded.org.apache.hc.client5.http.wire -- http-outgoing-2 << "Date: Thu, 26 Jun 2025 12:44:45 GMT[\r][\n]"
13:44:45.402 [docker-java-stream-2100818798] DEBUG com.github.dockerjava.zerodep.shaded.org.apache.hc.client5.http.wire -- http-outgoing-2 << "Docker-Experimental: false[\r][\n]"
13:44:45.402 [docker-java-stream-2100818798] DEBUG com.github.dockerjava.zerodep.shaded.org.apache.hc.client5.http.wire -- http-outgoing-2 << "Ostype: linux[\r][\n]"
13:44:45.402 [docker-java-stream-2100818798] DEBUG com.github.dockerjava.zerodep.shaded.org.apache.hc.client5.http.wire -- http-outgoing-2 << "Server: Docker/28.1.1 (linux)[\r][\n]"
13:44:45.402 [docker-java-stream-2100818798] DEBUG com.github.dockerjava.zerodep.shaded.org.apache.hc.client5.http.wire -- http-outgoing-2 << "Transfer-Encoding: chunked[\r][\n]"
13:44:45.402 [docker-java-stream-2100818798] DEBUG com.github.dockerjava.zerodep.shaded.org.apache.hc.client5.http.wire -- http-outgoing-2 << "[\r][\n]"
13:44:45.402 [docker-java-stream-2100818798] DEBUG com.github.dockerjava.zerodep.shaded.org.apache.hc.client5.http.headers -- http-outgoing-2 << HTTP/1.1 200 OK
13:44:45.402 [docker-java-stream-2100818798] DEBUG com.github.dockerjava.zerodep.shaded.org.apache.hc.client5.http.headers -- http-outgoing-2 << Api-Version: 1.49
13:44:45.402 [docker-java-stream-2100818798] DEBUG com.github.dockerjava.zerodep.shaded.org.apache.hc.client5.http.headers -- http-outgoing-2 << Content-Type: application/vnd.docker.raw-stream
13:44:45.402 [docker-java-stream-2100818798] DEBUG com.github.dockerjava.zerodep.shaded.org.apache.hc.client5.http.headers -- http-outgoing-2 << Date: Thu, 26 Jun 2025 12:44:45 GMT
13:44:45.402 [docker-java-stream-2100818798] DEBUG com.github.dockerjava.zerodep.shaded.org.apache.hc.client5.http.headers -- http-outgoing-2 << Docker-Experimental: false
13:44:45.402 [docker-java-stream-2100818798] DEBUG com.github.dockerjava.zerodep.shaded.org.apache.hc.client5.http.headers -- http-outgoing-2 << Ostype: linux
13:44:45.402 [docker-java-stream-2100818798] DEBUG com.github.dockerjava.zerodep.shaded.org.apache.hc.client5.http.headers -- http-outgoing-2 << Server: Docker/28.1.1 (linux)
13:44:45.402 [docker-java-stream-2100818798] DEBUG com.github.dockerjava.zerodep.shaded.org.apache.hc.client5.http.headers -- http-outgoing-2 << Transfer-Encoding: chunked
13:44:45.402 [docker-java-stream-2100818798] DEBUG com.github.dockerjava.zerodep.shaded.org.apache.hc.client5.http.impl.classic.MainClientExec -- ex-00000024: connection can be kept alive for 3 MINUTES
13:44:46.596 [docker-java-stream-2100818798] DEBUG com.github.dockerjava.zerodep.shaded.org.apache.hc.client5.http.wire -- http-outgoing-2 << "98[\r][\n]"
13:44:46.596 [docker-java-stream-2100818798] DEBUG com.github.dockerjava.zerodep.shaded.org.apache.hc.client5.http.wire -- http-outgoing-2 << "[0x1][0x0][0x0][0x0][0x0][0x0][0x0][0xffffff90]Changed password for user 'neo4j'. IMPORTANT: this change will only take effect if performed before the database is started for the first time.[\n]"
13:44:46.596 [docker-java-stream-2100818798] DEBUG com.github.dockerjava.zerodep.shaded.org.apache.hc.client5.http.wire -- http-outgoing-2 << "[\r][\n]"
13:44:46.596 [ducttape-0] DEBUG org.testcontainers.containers.output.WaitingConsumer -- STDOUT: Changed password for user 'neo4j'. IMPORTANT: this change will only take effect if performed before the database is started for the first time.
13:44:47.754 [docker-java-stream-2100818798] DEBUG com.github.dockerjava.zerodep.shaded.org.apache.hc.client5.http.wire -- http-outgoing-2 << "37[\r][\n]"
13:44:47.754 [docker-java-stream-2100818798] DEBUG com.github.dockerjava.zerodep.shaded.org.apache.hc.client5.http.wire -- http-outgoing-2 << "[0x1][0x0][0x0][0x0][0x0][0x0][0x0]/2025-06-26 12:44:47.752+0000 INFO  Starting...[\n]"
13:44:47.754 [docker-java-stream-2100818798] DEBUG com.github.dockerjava.zerodep.shaded.org.apache.hc.client5.http.wire -- http-outgoing-2 << "[\r][\n]"
13:44:47.757 [ducttape-0] DEBUG org.testcontainers.containers.output.WaitingConsumer -- STDOUT: 2025-06-26 12:44:47.752+0000 INFO  Starting...
13:44:47.967 [docker-java-stream-2100818798] DEBUG com.github.dockerjava.zerodep.shaded.org.apache.hc.client5.http.wire -- http-outgoing-2 << "76[\r][\n]"
13:44:47.967 [docker-java-stream-2100818798] DEBUG com.github.dockerjava.zerodep.shaded.org.apache.hc.client5.http.wire -- http-outgoing-2 << "[0x1][0x0][0x0][0x0][0x0][0x0][0x0]n2025-06-26 12:44:47.965+0000 INFO  This instance is ServerId{5f60404b} (5f60404b-10ad-4366-9c39-59421f2ba57d)[\n]"
13:44:47.967 [docker-java-stream-2100818798] DEBUG com.github.dockerjava.zerodep.shaded.org.apache.hc.client5.http.wire -- http-outgoing-2 << "[\r][\n]"
13:44:47.967 [ducttape-0] DEBUG org.testcontainers.containers.output.WaitingConsumer -- STDOUT: 2025-06-26 12:44:47.965+0000 INFO  This instance is ServerId{5f60404b} (5f60404b-10ad-4366-9c39-59421f2ba57d)
13:44:48.518 [docker-java-stream-2100818798] DEBUG com.github.dockerjava.zerodep.shaded.org.apache.hc.client5.http.wire -- http-outgoing-2 << "4a[\r][\n]"
13:44:48.518 [docker-java-stream-2100818798] DEBUG com.github.dockerjava.zerodep.shaded.org.apache.hc.client5.http.wire -- http-outgoing-2 << "[0x1][0x0][0x0][0x0][0x0][0x0][0x0]B2025-06-26 12:44:48.516+0000 INFO  ======== Neo4j 4.4.44 ========[\n]"
13:44:48.518 [docker-java-stream-2100818798] DEBUG com.github.dockerjava.zerodep.shaded.org.apache.hc.client5.http.wire -- http-outgoing-2 << "[\r][\n]"
13:44:48.518 [ducttape-0] DEBUG org.testcontainers.containers.output.WaitingConsumer -- STDOUT: 2025-06-26 12:44:48.516+0000 INFO  ======== Neo4j 4.4.44 ========
13:44:49.392 [docker-java-stream-2100818798] DEBUG com.github.dockerjava.zerodep.shaded.org.apache.hc.client5.http.wire -- http-outgoing-2 << "93[\r][\n]"
13:44:49.393 [docker-java-stream-2100818798] DEBUG com.github.dockerjava.zerodep.shaded.org.apache.hc.client5.http.wire -- http-outgoing-2 << "[0x1][0x0][0x0][0x0][0x0][0x0][0x0][0xffffff8b]2025-06-26 12:44:49.391+0000 INFO  Initializing system graph model for component 'security-users' with version -1 and status UNINITIALIZED[\n]"
13:44:49.393 [docker-java-stream-2100818798] DEBUG com.github.dockerjava.zerodep.shaded.org.apache.hc.client5.http.wire -- http-outgoing-2 << "[\r][\n]"
13:44:49.393 [ducttape-0] DEBUG org.testcontainers.containers.output.WaitingConsumer -- STDOUT: 2025-06-26 12:44:49.391+0000 INFO  Initializing system graph model for component 'security-users' with version -1 and status UNINITIALIZED
13:44:49.398 [docker-java-stream-2100818798] DEBUG com.github.dockerjava.zerodep.shaded.org.apache.hc.client5.http.wire -- http-outgoing-2 << "5f[\r][\n]"
13:44:49.398 [docker-java-stream-2100818798] DEBUG com.github.dockerjava.zerodep.shaded.org.apache.hc.client5.http.wire -- http-outgoing-2 << "[0x1][0x0][0x0][0x0][0x0][0x0][0x0]W2025-06-26 12:44:49.396+0000 INFO  Setting up initial user from `auth.ini` file: neo4j[\n]"
13:44:49.398 [docker-java-stream-2100818798] DEBUG com.github.dockerjava.zerodep.shaded.org.apache.hc.client5.http.wire -- http-outgoing-2 << "[\r][\n]"
13:44:49.398 [docker-java-stream-2100818798] DEBUG com.github.dockerjava.zerodep.shaded.org.apache.hc.client5.http.wire -- http-outgoing-2 << "75[\r][\n]"
13:44:49.398 [docker-java-stream-2100818798] DEBUG com.github.dockerjava.zerodep.shaded.org.apache.hc.client5.http.wire -- http-outgoing-2 << "[0x1][0x0][0x0][0x0][0x0][0x0][0x0]m2025-06-26 12:44:49.396+0000 INFO  Creating new user 'neo4j' (passwordChangeRequired=false, suspended=false)[\n]"
13:44:49.398 [docker-java-stream-2100818798] DEBUG com.github.dockerjava.zerodep.shaded.org.apache.hc.client5.http.wire -- http-outgoing-2 << "[\r][\n]"
13:44:49.402 [docker-java-stream-2100818798] DEBUG com.github.dockerjava.zerodep.shaded.org.apache.hc.client5.http.wire -- http-outgoing-2 << "55[\r][\n]"
13:44:49.402 [docker-java-stream-2100818798] DEBUG com.github.dockerjava.zerodep.shaded.org.apache.hc.client5.http.wire -- http-outgoing-2 << "[0x1][0x0][0x0][0x0][0x0][0x0][0x0]M2025-06-26 12:44:49.401+0000 INFO  Setting version for 'security-users' to 3[\n]"
13:44:49.402 [docker-java-stream-2100818798] DEBUG com.github.dockerjava.zerodep.shaded.org.apache.hc.client5.http.wire -- http-outgoing-2 << "[\r][\n]"
13:44:49.403 [docker-java-stream-2100818798] DEBUG com.github.dockerjava.zerodep.shaded.org.apache.hc.client5.http.wire -- http-outgoing-2 << "93[\r][\n]"
13:44:49.403 [docker-java-stream-2100818798] DEBUG com.github.dockerjava.zerodep.shaded.org.apache.hc.client5.http.wire -- http-outgoing-2 << "[0x1][0x0][0x0][0x0][0x0][0x0][0x0][0xffffff8b]2025-06-26 12:44:49.402+0000 INFO  After initialization of system graph model component 'security-users' have version 3 and status CURRENT[\n]"
13:44:49.403 [docker-java-stream-2100818798] DEBUG com.github.dockerjava.zerodep.shaded.org.apache.hc.client5.http.wire -- http-outgoing-2 << "[\r][\n]"
13:44:49.405 [docker-java-stream-2100818798] DEBUG com.github.dockerjava.zerodep.shaded.org.apache.hc.client5.http.wire -- http-outgoing-2 << "8f[\r][\n]"
13:44:49.406 [docker-java-stream-2100818798] DEBUG com.github.dockerjava.zerodep.shaded.org.apache.hc.client5.http.wire -- http-outgoing-2 << "[0x1][0x0][0x0][0x0][0x0][0x0][0x0][0xffffff87]2025-06-26 12:44:49.404+0000 INFO  Performing postInitialization step for component 'security-users' with version 3 and status CURRENT[\n]"
13:44:49.406 [docker-java-stream-2100818798] DEBUG com.github.dockerjava.zerodep.shaded.org.apache.hc.client5.http.wire -- http-outgoing-2 << "[\r][\n]"
13:44:49.406 [ducttape-0] DEBUG org.testcontainers.containers.output.WaitingConsumer -- STDOUT: 2025-06-26 12:44:49.404+0000 INFO  Performing postInitialization step for component 'security-users' with version 3 and status CURRENT
13:44:49.406 [ducttape-0] DEBUG org.testcontainers.containers.output.WaitingConsumer -- STDOUT: 2025-06-26 12:44:49.402+0000 INFO  After initialization of system graph model component 'security-users' have version 3 and status CURRENT
13:44:49.406 [ducttape-0] DEBUG org.testcontainers.containers.output.WaitingConsumer -- STDOUT: 2025-06-26 12:44:49.401+0000 INFO  Setting version for 'security-users' to 3
13:44:49.406 [ducttape-0] DEBUG org.testcontainers.containers.output.WaitingConsumer -- STDOUT: 2025-06-26 12:44:49.396+0000 INFO  Creating new user 'neo4j' (passwordChangeRequired=false, suspended=false)
13:44:49.406 [ducttape-0] DEBUG org.testcontainers.containers.output.WaitingConsumer -- STDOUT: 2025-06-26 12:44:49.396+0000 INFO  Setting up initial user from `auth.ini` file: neo4j
13:44:49.593 [docker-java-stream-2100818798] DEBUG com.github.dockerjava.zerodep.shaded.org.apache.hc.client5.http.wire -- http-outgoing-2 << "53[\r][\n]"
13:44:49.593 [docker-java-stream-2100818798] DEBUG com.github.dockerjava.zerodep.shaded.org.apache.hc.client5.http.wire -- http-outgoing-2 << "[0x1][0x0][0x0][0x0][0x0][0x0][0x0]K2025-06-26 12:44:49.591+0000 INFO  Bolt enabled on [0:0:0:0:0:0:0:0]:7687.[\n]"
13:44:49.593 [docker-java-stream-2100818798] DEBUG com.github.dockerjava.zerodep.shaded.org.apache.hc.client5.http.wire -- http-outgoing-2 << "[\r][\n]"
13:44:49.594 [ducttape-0] DEBUG org.testcontainers.containers.output.WaitingConsumer -- STDOUT: 2025-06-26 12:44:49.591+0000 INFO  Bolt enabled on [0:0:0:0:0:0:0:0]:7687.
13:44:49.594 [ducttape-0] DEBUG com.github.dockerjava.zerodep.shaded.org.apache.hc.client5.http.impl.classic.InternalHttpClient -- ep-00000023: cancel
13:44:49.594 [ducttape-0] DEBUG com.github.dockerjava.zerodep.shaded.org.apache.hc.client5.http.impl.io.DefaultManagedHttpClientConnection -- http-outgoing-2: close connection IMMEDIATE
13:44:49.594 [docker-java-stream-2100818798] DEBUG com.github.dockerjava.zerodep.shaded.org.apache.hc.client5.http.wire -- http-outgoing-2 << "[read] I/O error: null"
13:44:49.594 [ducttape-0] DEBUG com.github.dockerjava.zerodep.shaded.org.apache.hc.client5.http.impl.classic.InternalHttpClient -- ep-00000023: endpoint closed
13:44:49.594 [ducttape-0] DEBUG com.github.dockerjava.zerodep.shaded.org.apache.hc.client5.http.impl.classic.InternalHttpClient -- ep-00000023: discarding endpoint
13:44:49.594 [ducttape-0] DEBUG com.github.dockerjava.zerodep.shaded.org.apache.hc.client5.http.impl.io.PoolingHttpClientConnectionManager -- ep-00000023: releasing endpoint
13:44:49.594 [ducttape-0] DEBUG com.github.dockerjava.zerodep.shaded.org.apache.hc.client5.http.impl.io.PoolingHttpClientConnectionManager -- ep-00000023: connection is not kept alive
13:44:49.594 [docker-java-stream-2100818798] DEBUG com.github.dockerjava.zerodep.shaded.org.apache.hc.client5.http.wire -- http-outgoing-2 << "[read] I/O error: null"
13:44:49.594 [ducttape-0] DEBUG com.github.dockerjava.zerodep.shaded.org.apache.hc.client5.http.impl.io.PoolingHttpClientConnectionManager -- ep-00000023: connection released [route: {}->unix://localhost:2375][total available: 0; route allocated: 0 of 2147483647; total allocated: 0 of 2147483647]
13:44:49.594 [ducttape-0] INFO org.testcontainers.containers.wait.strategy.HttpWaitStrategy -- /jolly_jennings: Waiting for 120 seconds for URL: http://localhost:59478/ (where port 59478 maps to container port 7474)
13:44:49.594 [docker-java-stream-2100818798] DEBUG com.github.dockerjava.zerodep.ApacheDockerHttpClientImpl$ApacheResponse -- Failed to close the response
java.nio.channels.ClosedChannelException: null
	at java.base/sun.nio.ch.SocketChannelImpl.ensureOpenAndConnected(SocketChannelImpl.java:224)
	at java.base/sun.nio.ch.SocketChannelImpl.blockingRead(SocketChannelImpl.java:1400)
	at java.base/sun.nio.ch.SocketInputStream.implRead(SocketInputStream.java:70)
	at java.base/sun.nio.ch.SocketInputStream.read(SocketInputStream.java:78)
	at com.github.dockerjava.zerodep.shaded.org.apache.hc.client5.http.impl.io.LoggingInputStream.read(LoggingInputStream.java:81)
	at com.github.dockerjava.zerodep.shaded.org.apache.hc.core5.http.impl.io.SessionInputBufferImpl.fillBuffer(SessionInputBufferImpl.java:149)
	at com.github.dockerjava.zerodep.shaded.org.apache.hc.core5.http.impl.io.SessionInputBufferImpl.readLine(SessionInputBufferImpl.java:280)
	at com.github.dockerjava.zerodep.shaded.org.apache.hc.core5.http.impl.io.ChunkedInputStream.getChunkSize(ChunkedInputStream.java:261)
	at com.github.dockerjava.zerodep.shaded.org.apache.hc.core5.http.impl.io.ChunkedInputStream.nextChunk(ChunkedInputStream.java:222)
	at com.github.dockerjava.zerodep.shaded.org.apache.hc.core5.http.impl.io.ChunkedInputStream.read(ChunkedInputStream.java:147)
	at com.github.dockerjava.zerodep.shaded.org.apache.hc.core5.http.impl.io.ChunkedInputStream.close(ChunkedInputStream.java:314)
	at com.github.dockerjava.zerodep.shaded.org.apache.hc.core5.io.Closer.close(Closer.java:48)
	at com.github.dockerjava.zerodep.shaded.org.apache.hc.core5.http.impl.io.IncomingHttpEntity.close(IncomingHttpEntity.java:111)
	at com.github.dockerjava.zerodep.shaded.org.apache.hc.core5.http.io.entity.HttpEntityWrapper.close(HttpEntityWrapper.java:120)
	at com.github.dockerjava.zerodep.shaded.org.apache.hc.core5.io.Closer.close(Closer.java:48)
	at com.github.dockerjava.zerodep.shaded.org.apache.hc.core5.http.message.BasicClassicHttpResponse.close(BasicClassicHttpResponse.java:93)
	at com.github.dockerjava.zerodep.shaded.org.apache.hc.client5.http.impl.classic.CloseableHttpResponse.close(CloseableHttpResponse.java:200)
	at com.github.dockerjava.zerodep.ApacheDockerHttpClientImpl$ApacheResponse.close(ApacheDockerHttpClientImpl.java:256)
	at org.testcontainers.shaded.com.github.dockerjava.core.DefaultInvocationBuilder.lambda$executeAndStream$1(DefaultInvocationBuilder.java:277)
	at java.base/java.lang.Thread.run(Thread.java:1575)
13:44:50.693 [main] INFO tc.neo4j:4.4 -- Container neo4j:4.4 started in PT5.483544S
Preprocessing file multi.cbl with line format FIXED and charset UTF-8.
Parsing file multi.cbl.
Collecting units in file multi.cbl.
Analyzing program units of compilation unit Multi.
Analyzing data divisions of compilation unit Multi in step 1.
Analyzing data divisions of compilation unit Multi in step 2.
Analyzing file control clauses of compilation unit Multi.
Analyzing file description entries of compilation unit Multi.
Analyzing procedure divisions of compilation unit Multi.
Analyzing statements of compilation unit Multi.
13:44:52.094 [main] INFO com.cobolrag.graph.Neo4jDependencyGraphBuilder -- Added program MULTI to graph with 2 entities
13:44:52.098 [main] DEBUG dev.langchain4j.rag.DefaultRetrievalAugmentor -- Original query: 'What does this program do?'
13:44:52.098 [main] DEBUG dev.langchain4j.rag.DefaultRetrievalAugmentor -- Transformed queries:
- 'What does this program do?'
13:44:52.099 [pool-7-thread-1] DEBUG dev.langchain4j.rag.DefaultRetrievalAugmentor -- Routing query 'What does this program do?' to the following retrievers:
- dev.langchain4j.retriever.Retriever$$Lambda/0x00000800017a8620@2db0a2f
13:44:52.100 [pool-7-thread-2] DEBUG dev.langchain4j.rag.DefaultRetrievalAugmentor -- Retrieved the following contents using retriever 'dev.langchain4j.retriever.Retriever$$Lambda/0x00000800017a8620@2db0a2f' and query 'What does this program do?':
- TextSegment { text = "Code from unknown:
Mock COBOL code content
Dependencies:
No program name provided" metadata = {} }
13:44:52.100 [main] DEBUG dev.langchain4j.rag.DefaultRetrievalAugmentor -- Aggregated all contents into:
- TextSegment { text = "Code from unknown:
Mock COBOL code content
Dependencies:
No program name provided" metadata = {} }
13:44:52.100 [main] DEBUG dev.langchain4j.rag.DefaultRetrievalAugmentor -- Augmented user message: UserMessage { name = null contents = [TextContent { text = "You are a COBOL expert assistant. Answer the question based on the context below.
Include relevant code snippets and explain their purpose.

Context from codebase:
{context}

Dependency graph relations:
{dependencies}

Question: {question}

Answer in markdown format:" }] }
13:45:04.917 [main] DEBUG dev.langchain4j.rag.DefaultRetrievalAugmentor -- Original query: 'How is the data structured?'
13:45:04.917 [main] DEBUG dev.langchain4j.rag.DefaultRetrievalAugmentor -- Transformed queries:
- 'How is the data structured?'
13:45:04.917 [pool-7-thread-2] DEBUG dev.langchain4j.rag.DefaultRetrievalAugmentor -- Routing query 'How is the data structured?' to the following retrievers:
- dev.langchain4j.retriever.Retriever$$Lambda/0x00000800017a8620@2db0a2f
13:45:04.917 [pool-7-thread-1] DEBUG dev.langchain4j.rag.DefaultRetrievalAugmentor -- Retrieved the following contents using retriever 'dev.langchain4j.retriever.Retriever$$Lambda/0x00000800017a8620@2db0a2f' and query 'How is the data structured?':
- TextSegment { text = "Code from unknown:
Mock COBOL code content
Dependencies:
No program name provided" metadata = {} }
13:45:04.919 [main] DEBUG dev.langchain4j.rag.DefaultRetrievalAugmentor -- Aggregated all contents into:
- TextSegment { text = "Code from unknown:
Mock COBOL code content
Dependencies:
No program name provided" metadata = {} }
13:45:04.919 [main] DEBUG dev.langchain4j.rag.DefaultRetrievalAugmentor -- Augmented user message: UserMessage { name = null contents = [TextContent { text = "You are a COBOL expert assistant. Answer the question based on the context below.
Include relevant code snippets and explain their purpose.

Context from codebase:
{context}

Dependency graph relations:
{dependencies}

Question: {question}

Answer in markdown format:" }] }
13:45:18.356 [main] DEBUG dev.langchain4j.rag.DefaultRetrievalAugmentor -- Original query: 'What are the main procedures?'
13:45:18.356 [main] DEBUG dev.langchain4j.rag.DefaultRetrievalAugmentor -- Transformed queries:
- 'What are the main procedures?'
13:45:18.363 [pool-7-thread-1] DEBUG dev.langchain4j.rag.DefaultRetrievalAugmentor -- Routing query 'What are the main procedures?' to the following retrievers:
- dev.langchain4j.retriever.Retriever$$Lambda/0x00000800017a8620@2db0a2f
13:45:18.363 [pool-7-thread-2] DEBUG dev.langchain4j.rag.DefaultRetrievalAugmentor -- Retrieved the following contents using retriever 'dev.langchain4j.retriever.Retriever$$Lambda/0x00000800017a8620@2db0a2f' and query 'What are the main procedures?':
- TextSegment { text = "Code from unknown:
Mock COBOL code content
Dependencies:
No program name provided" metadata = {} }
13:45:18.363 [main] DEBUG dev.langchain4j.rag.DefaultRetrievalAugmentor -- Aggregated all contents into:
- TextSegment { text = "Code from unknown:
Mock COBOL code content
Dependencies:
No program name provided" metadata = {} }
13:45:18.363 [main] DEBUG dev.langchain4j.rag.DefaultRetrievalAugmentor -- Augmented user message: UserMessage { name = null contents = [TextContent { text = "You are a COBOL expert assistant. Answer the question based on the context below.
Include relevant code snippets and explain their purpose.

Context from codebase:
{context}

Dependency graph relations:
{dependencies}

Question: {question}

Answer in markdown format:" }] }
]]></system-out>
  </testcase>
  <testcase name="shouldHandleComplexQuery" classname="com.cobolrag.rag.RagServiceIntegrationTest" time="5.451">
    <system-out><![CDATA[Preprocessing file complex.cbl with line format FIXED and charset UTF-8.
Parsing file complex.cbl.
Collecting units in file complex.cbl.
Analyzing program units of compilation unit Complex.
Analyzing data divisions of compilation unit Complex in step 1.
Analyzing data divisions of compilation unit Complex in step 2.
Analyzing file control clauses of compilation unit Complex.
Analyzing file description entries of compilation unit Complex.
Analyzing procedure divisions of compilation unit Complex.
Analyzing statements of compilation unit Complex.
13:45:26.628 [main] INFO com.cobolrag.graph.Neo4jDependencyGraphBuilder -- Added program COMPLEX to graph with 10 entities
13:45:26.629 [main] DEBUG dev.langchain4j.rag.DefaultRetrievalAugmentor -- Original query: 'Explain the customer data structure and processing logic'
13:45:26.629 [main] DEBUG dev.langchain4j.rag.DefaultRetrievalAugmentor -- Transformed queries:
- 'Explain the customer data structure and processing logic'
13:45:26.629 [pool-8-thread-1] DEBUG dev.langchain4j.rag.DefaultRetrievalAugmentor -- Routing query 'Explain the customer data structure and processing logic' to the following retrievers:
- dev.langchain4j.retriever.Retriever$$Lambda/0x00000800017a8620@555b7c72
13:45:26.629 [pool-8-thread-2] DEBUG dev.langchain4j.rag.DefaultRetrievalAugmentor -- Retrieved the following contents using retriever 'dev.langchain4j.retriever.Retriever$$Lambda/0x00000800017a8620@555b7c72' and query 'Explain the customer data structure and processing logic':
- TextSegment { text = "Code from unknown:
Mock COBOL code content
Dependencies:
No program name provided" metadata = {} }
13:45:26.629 [main] DEBUG dev.langchain4j.rag.DefaultRetrievalAugmentor -- Aggregated all contents into:
- TextSegment { text = "Code from unknown:
Mock COBOL code content
Dependencies:
No program name provided" metadata = {} }
13:45:26.629 [main] DEBUG dev.langchain4j.rag.DefaultRetrievalAugmentor -- Augmented user message: UserMessage { name = null contents = [TextContent { text = "You are a COBOL expert assistant. Answer the question based on the context below.
Include relevant code snippets and explain their purpose.

Context from codebase:
{context}

Dependency graph relations:
{dependencies}

Question: {question}

Answer in markdown format:" }] }
]]></system-out>
  </testcase>
  <testcase name="shouldHandleQueryWithDependencies" classname="com.cobolrag.rag.RagServiceIntegrationTest" time="13.636">
    <system-out><![CDATA[Preprocessing file library.cbl with line format FIXED and charset UTF-8.
Parsing file library.cbl.
Collecting units in file library.cbl.
Analyzing program units of compilation unit Library.
Analyzing data divisions of compilation unit Library in step 1.
Analyzing data divisions of compilation unit Library in step 2.
Analyzing file control clauses of compilation unit Library.
Analyzing file description entries of compilation unit Library.
Analyzing procedure divisions of compilation unit Library.
Analyzing statements of compilation unit Library.
Preprocessing file application.cbl with line format FIXED and charset UTF-8.
Parsing file application.cbl.
Collecting units in file application.cbl.
Analyzing program units of compilation unit Application.
Analyzing data divisions of compilation unit Application in step 1.
Analyzing data divisions of compilation unit Application in step 2.
Analyzing file control clauses of compilation unit Application.
Analyzing file description entries of compilation unit Application.
Analyzing procedure divisions of compilation unit Application.
Analyzing statements of compilation unit Application.
13:45:31.934 [main] INFO com.cobolrag.graph.Neo4jDependencyGraphBuilder -- Added program LIBRARY to graph with 2 entities
13:45:31.962 [main] INFO com.cobolrag.graph.Neo4jDependencyGraphBuilder -- Added program APPLICATION to graph with 2 entities
Could not find file /var/folders/vz/xk1grx0n7j3d545nd0j9nr240000gn/T/junit14320733789969627253/multi.cbl
13:45:32.026 [main] INFO com.cobolrag.graph.Neo4jDependencyGraphBuilder -- Built 0 relationships for program MULTI
Could not find file /var/folders/vz/xk1grx0n7j3d545nd0j9nr240000gn/T/junit2434224660129745037/complex.cbl
13:45:32.026 [main] INFO com.cobolrag.graph.Neo4jDependencyGraphBuilder -- Built 0 relationships for program COMPLEX
Preprocessing file library.cbl with line format FIXED and charset UTF-8.
Parsing file library.cbl.
Collecting units in file library.cbl.
Analyzing program units of compilation unit Library.
Analyzing data divisions of compilation unit Library in step 1.
Analyzing data divisions of compilation unit Library in step 2.
Analyzing file control clauses of compilation unit Library.
Analyzing file description entries of compilation unit Library.
Analyzing procedure divisions of compilation unit Library.
Analyzing statements of compilation unit Library.
13:45:32.028 [main] INFO com.cobolrag.graph.Neo4jDependencyGraphBuilder -- Built 0 relationships for program LIBRARY
Preprocessing file application.cbl with line format FIXED and charset UTF-8.
Parsing file application.cbl.
Collecting units in file application.cbl.
Analyzing program units of compilation unit Application.
Analyzing data divisions of compilation unit Application in step 1.
Analyzing data divisions of compilation unit Application in step 2.
Analyzing file control clauses of compilation unit Application.
Analyzing file description entries of compilation unit Application.
Analyzing procedure divisions of compilation unit Application.
Analyzing statements of compilation unit Application.
13:45:32.098 [main] INFO com.cobolrag.graph.Neo4jDependencyGraphBuilder -- Built 1 relationships for program APPLICATION
13:45:32.099 [main] DEBUG dev.langchain4j.rag.DefaultRetrievalAugmentor -- Original query: 'What are the dependencies between programs?'
13:45:32.099 [main] DEBUG dev.langchain4j.rag.DefaultRetrievalAugmentor -- Transformed queries:
- 'What are the dependencies between programs?'
13:45:32.099 [pool-9-thread-1] DEBUG dev.langchain4j.rag.DefaultRetrievalAugmentor -- Routing query 'What are the dependencies between programs?' to the following retrievers:
- dev.langchain4j.retriever.Retriever$$Lambda/0x00000800017a8620@73afc15b
13:45:32.099 [pool-9-thread-2] DEBUG dev.langchain4j.rag.DefaultRetrievalAugmentor -- Retrieved the following contents using retriever 'dev.langchain4j.retriever.Retriever$$Lambda/0x00000800017a8620@73afc15b' and query 'What are the dependencies between programs?':
- TextSegment { text = "Code from unknown:
Mock COBOL code content
Dependencies:
No program name provided" metadata = {} }
13:45:32.099 [main] DEBUG dev.langchain4j.rag.DefaultRetrievalAugmentor -- Aggregated all contents into:
- TextSegment { text = "Code from unknown:
Mock COBOL code content
Dependencies:
No program name provided" metadata = {} }
13:45:32.099 [main] DEBUG dev.langchain4j.rag.DefaultRetrievalAugmentor -- Augmented user message: UserMessage { name = null contents = [TextContent { text = "You are a COBOL expert assistant. Answer the question based on the context below.
Include relevant code snippets and explain their purpose.

Context from codebase:
{context}

Dependency graph relations:
{dependencies}

Question: {question}

Answer in markdown format:" }] }
]]></system-out>
  </testcase>
  <testcase name="shouldHandleQueryWithNoRelevantCode" classname="com.cobolrag.rag.RagServiceIntegrationTest" time="2.801">
    <system-out><![CDATA[Preprocessing file simple.cbl with line format FIXED and charset UTF-8.
Parsing file simple.cbl.
Collecting units in file simple.cbl.
Analyzing program units of compilation unit Simple.
Analyzing data divisions of compilation unit Simple in step 1.
Analyzing data divisions of compilation unit Simple in step 2.
Analyzing file control clauses of compilation unit Simple.
Analyzing file description entries of compilation unit Simple.
Analyzing procedure divisions of compilation unit Simple.
Analyzing statements of compilation unit Simple.
13:45:45.508 [main] INFO com.cobolrag.graph.Neo4jDependencyGraphBuilder -- Added program SIMPLE to graph with 0 entities
13:45:45.510 [main] DEBUG dev.langchain4j.rag.DefaultRetrievalAugmentor -- Original query: 'How does the database connection work?'
13:45:45.510 [main] DEBUG dev.langchain4j.rag.DefaultRetrievalAugmentor -- Transformed queries:
- 'How does the database connection work?'
13:45:45.510 [pool-10-thread-1] DEBUG dev.langchain4j.rag.DefaultRetrievalAugmentor -- Routing query 'How does the database connection work?' to the following retrievers:
- dev.langchain4j.retriever.Retriever$$Lambda/0x00000800017a8620@5824cc3b
13:45:45.510 [pool-10-thread-2] DEBUG dev.langchain4j.rag.DefaultRetrievalAugmentor -- Retrieved the following contents using retriever 'dev.langchain4j.retriever.Retriever$$Lambda/0x00000800017a8620@5824cc3b' and query 'How does the database connection work?':
- TextSegment { text = "Code from unknown:
Mock COBOL code content
Dependencies:
No program name provided" metadata = {} }
13:45:45.510 [main] DEBUG dev.langchain4j.rag.DefaultRetrievalAugmentor -- Aggregated all contents into:
- TextSegment { text = "Code from unknown:
Mock COBOL code content
Dependencies:
No program name provided" metadata = {} }
13:45:45.510 [main] DEBUG dev.langchain4j.rag.DefaultRetrievalAugmentor -- Augmented user message: UserMessage { name = null contents = [TextContent { text = "You are a COBOL expert assistant. Answer the question based on the context below.
Include relevant code snippets and explain their purpose.

Context from codebase:
{context}

Dependency graph relations:
{dependencies}

Question: {question}

Answer in markdown format:" }] }
]]></system-out>
  </testcase>
  <testcase name="shouldHandleNullQuery" classname="com.cobolrag.rag.RagServiceIntegrationTest" time="0.135"/>
  <testcase name="shouldProcessQueryWithEmbeddedCode" classname="com.cobolrag.rag.RagServiceIntegrationTest" time="3.048">
    <system-out><![CDATA[Preprocessing file customer.cbl with line format FIXED and charset UTF-8.
Parsing file customer.cbl.
Collecting units in file customer.cbl.
Analyzing program units of compilation unit Customer.
Analyzing data divisions of compilation unit Customer in step 1.
Analyzing data divisions of compilation unit Customer in step 2.
Analyzing file control clauses of compilation unit Customer.
Analyzing file description entries of compilation unit Customer.
Analyzing procedure divisions of compilation unit Customer.
Analyzing statements of compilation unit Customer.
13:45:48.503 [main] INFO com.cobolrag.graph.Neo4jDependencyGraphBuilder -- Added program CUSTOMER to graph with 5 entities
13:45:48.504 [main] DEBUG dev.langchain4j.rag.DefaultRetrievalAugmentor -- Original query: 'How does the customer data processing work?'
13:45:48.504 [main] DEBUG dev.langchain4j.rag.DefaultRetrievalAugmentor -- Transformed queries:
- 'How does the customer data processing work?'
13:45:48.504 [pool-12-thread-1] DEBUG dev.langchain4j.rag.DefaultRetrievalAugmentor -- Routing query 'How does the customer data processing work?' to the following retrievers:
- dev.langchain4j.retriever.Retriever$$Lambda/0x00000800017a8620@5c092bc4
13:45:48.504 [pool-12-thread-2] DEBUG dev.langchain4j.rag.DefaultRetrievalAugmentor -- Retrieved the following contents using retriever 'dev.langchain4j.retriever.Retriever$$Lambda/0x00000800017a8620@5c092bc4' and query 'How does the customer data processing work?':
- TextSegment { text = "Code from unknown:
Mock COBOL code content
Dependencies:
No program name provided" metadata = {} }
13:45:48.504 [main] DEBUG dev.langchain4j.rag.DefaultRetrievalAugmentor -- Aggregated all contents into:
- TextSegment { text = "Code from unknown:
Mock COBOL code content
Dependencies:
No program name provided" metadata = {} }
13:45:48.504 [main] DEBUG dev.langchain4j.rag.DefaultRetrievalAugmentor -- Augmented user message: UserMessage { name = null contents = [TextContent { text = "You are a COBOL expert assistant. Answer the question based on the context below.
Include relevant code snippets and explain their purpose.

Context from codebase:
{context}

Dependency graph relations:
{dependencies}

Question: {question}

Answer in markdown format:" }] }
]]></system-out>
  </testcase>
  <testcase name="shouldHandleEmptyQuery" classname="com.cobolrag.rag.RagServiceIntegrationTest" time="0.155"/>
</testsuite>