<?xml version="1.0" encoding="UTF-8"?>
<testsuite xmlns:xsi="http://www.w3.org/2001/XMLSchema-instance" xsi:noNamespaceSchemaLocation="https://maven.apache.org/surefire/maven-surefire-plugin/xsd/surefire-test-report-3.0.xsd" version="3.0" name="com.cobolrag.rag.RagServiceTest" time="25.882" tests="4" errors="0" skipped="0" failures="0">
  <properties>
    <property name="java.specification.version" value="23"/>
    <property name="sun.jnu.encoding" value="UTF-8"/>
    <property name="java.class.path" value="/Users/amoghmargoor/src/luemyn/target/test-classes:/Users/amoghmargoor/src/luemyn/target/classes:/Users/amoghmargoor/.m2/repository/dev/langchain4j/langchain4j/0.27.1/langchain4j-0.27.1.jar:/Users/amoghmargoor/.m2/repository/dev/langchain4j/langchain4j-core/0.27.1/langchain4j-core-0.27.1.jar:/Users/amoghmargoor/.m2/repository/com/google/code/gson/gson/2.10.1/gson-2.10.1.jar:/Users/amoghmargoor/.m2/repository/com/squareup/retrofit2/retrofit/2.9.0/retrofit-2.9.0.jar:/Users/amoghmargoor/.m2/repository/org/apache/opennlp/opennlp-tools/1.9.4/opennlp-tools-1.9.4.jar:/Users/amoghmargoor/.m2/repository/org/jsoup/jsoup/1.16.1/jsoup-1.16.1.jar:/Users/amoghmargoor/.m2/repository/dev/langchain4j/langchain4j-open-ai/0.27.1/langchain4j-open-ai-0.27.1.jar:/Users/amoghmargoor/.m2/repository/dev/ai4j/openai4j/0.13.0/openai4j-0.13.0.jar:/Users/amoghmargoor/.m2/repository/com/squareup/retrofit2/converter-gson/2.9.0/converter-gson-2.9.0.jar:/Users/amoghmargoor/.m2/repository/com/squareup/okhttp3/okhttp-sse/4.10.0/okhttp-sse-4.10.0.jar:/Users/amoghmargoor/.m2/repository/com/knuddels/jtokkit/0.6.1/jtokkit-0.6.1.jar:/Users/amoghmargoor/.m2/repository/org/apache/commons/commons-lang3/3.12.0/commons-lang3-3.12.0.jar:/Users/amoghmargoor/.m2/repository/org/slf4j/slf4j-api/2.0.5/slf4j-api-2.0.5.jar:/Users/amoghmargoor/.m2/repository/ch/qos/logback/logback-classic/1.4.7/logback-classic-1.4.7.jar:/Users/amoghmargoor/.m2/repository/ch/qos/logback/logback-core/1.4.7/logback-core-1.4.7.jar:/Users/amoghmargoor/.m2/repository/org/neo4j/driver/neo4j-java-driver/5.14.0/neo4j-java-driver-5.14.0.jar:/Users/amoghmargoor/.m2/repository/org/reactivestreams/reactive-streams/1.0.4/reactive-streams-1.0.4.jar:/Users/amoghmargoor/.m2/repository/io/netty/netty-handler/4.1.100.Final/netty-handler-4.1.100.Final.jar:/Users/amoghmargoor/.m2/repository/io/netty/netty-common/4.1.100.Final/netty-common-4.1.100.Final.jar:/Users/amoghmargoor/.m2/repository/io/netty/netty-resolver/4.1.100.Final/netty-resolver-4.1.100.Final.jar:/Users/amoghmargoor/.m2/repository/io/netty/netty-buffer/4.1.100.Final/netty-buffer-4.1.100.Final.jar:/Users/amoghmargoor/.m2/repository/io/netty/netty-transport/4.1.100.Final/netty-transport-4.1.100.Final.jar:/Users/amoghmargoor/.m2/repository/io/netty/netty-transport-native-unix-common/4.1.100.Final/netty-transport-native-unix-common-4.1.100.Final.jar:/Users/amoghmargoor/.m2/repository/io/netty/netty-codec/4.1.100.Final/netty-codec-4.1.100.Final.jar:/Users/amoghmargoor/.m2/repository/io/netty/netty-tcnative-classes/2.0.61.Final/netty-tcnative-classes-2.0.61.Final.jar:/Users/amoghmargoor/.m2/repository/io/projectreactor/reactor-core/3.5.11/reactor-core-3.5.11.jar:/Users/amoghmargoor/.m2/repository/io/github/uwol/proleap-cobol-parser/2.4.0/proleap-cobol-parser-2.4.0.jar:/Users/amoghmargoor/.m2/repository/org/antlr/antlr4/4.7/antlr4-4.7.jar:/Users/amoghmargoor/.m2/repository/org/antlr/antlr-runtime/3.5.2/antlr-runtime-3.5.2.jar:/Users/amoghmargoor/.m2/repository/org/antlr/ST4/4.0.8/ST4-4.0.8.jar:/Users/amoghmargoor/.m2/repository/org/abego/treelayout/org.abego.treelayout.core/1.0.3/org.abego.treelayout.core-1.0.3.jar:/Users/amoghmargoor/.m2/repository/org/glassfish/javax.json/1.0.4/javax.json-1.0.4.jar:/Users/amoghmargoor/.m2/repository/com/ibm/icu/icu4j/58.2/icu4j-58.2.jar:/Users/amoghmargoor/.m2/repository/org/antlr/antlr4-runtime/4.7/antlr4-runtime-4.7.jar:/Users/amoghmargoor/.m2/repository/org/antlr/antlr4-maven-plugin/4.7/antlr4-maven-plugin-4.7.jar:/Users/amoghmargoor/.m2/repository/org/apache/maven/maven-plugin-api/3.0.5/maven-plugin-api-3.0.5.jar:/Users/amoghmargoor/.m2/repository/org/apache/maven/maven-model/3.0.5/maven-model-3.0.5.jar:/Users/amoghmargoor/.m2/repository/org/apache/maven/maven-artifact/3.0.5/maven-artifact-3.0.5.jar:/Users/amoghmargoor/.m2/repository/org/sonatype/sisu/sisu-inject-plexus/2.3.0/sisu-inject-plexus-2.3.0.jar:/Users/amoghmargoor/.m2/repository/org/codehaus/plexus/plexus-component-annotations/1.5.5/plexus-component-annotations-1.5.5.jar:/Users/amoghmargoor/.m2/repository/org/codehaus/plexus/plexus-classworlds/2.4/plexus-classworlds-2.4.jar:/Users/amoghmargoor/.m2/repository/org/sonatype/sisu/sisu-inject-bean/2.3.0/sisu-inject-bean-2.3.0.jar:/Users/amoghmargoor/.m2/repository/org/sonatype/sisu/sisu-guice/3.1.0/sisu-guice-3.1.0-no_aop.jar:/Users/amoghmargoor/.m2/repository/org/sonatype/sisu/sisu-guava/0.9.9/sisu-guava-0.9.9.jar:/Users/amoghmargoor/.m2/repository/org/codehaus/plexus/plexus-compiler-api/2.2/plexus-compiler-api-2.2.jar:/Users/amoghmargoor/.m2/repository/org/codehaus/plexus/plexus-utils/3.0.8/plexus-utils-3.0.8.jar:/Users/amoghmargoor/.m2/repository/org/sonatype/plexus/plexus-build-api/0.0.7/plexus-build-api-0.0.7.jar:/Users/amoghmargoor/.m2/repository/org/apache/maven/maven-project/2.2.1/maven-project-2.2.1.jar:/Users/amoghmargoor/.m2/repository/org/apache/maven/maven-settings/2.2.1/maven-settings-2.2.1.jar:/Users/amoghmargoor/.m2/repository/org/apache/maven/maven-profile/2.2.1/maven-profile-2.2.1.jar:/Users/amoghmargoor/.m2/repository/org/apache/maven/maven-artifact-manager/2.2.1/maven-artifact-manager-2.2.1.jar:/Users/amoghmargoor/.m2/repository/org/apache/maven/maven-repository-metadata/2.2.1/maven-repository-metadata-2.2.1.jar:/Users/amoghmargoor/.m2/repository/org/apache/maven/wagon/wagon-provider-api/1.0-beta-6/wagon-provider-api-1.0-beta-6.jar:/Users/amoghmargoor/.m2/repository/backport-util-concurrent/backport-util-concurrent/3.1/backport-util-concurrent-3.1.jar:/Users/amoghmargoor/.m2/repository/org/apache/maven/maven-plugin-registry/2.2.1/maven-plugin-registry-2.2.1.jar:/Users/amoghmargoor/.m2/repository/org/codehaus/plexus/plexus-interpolation/1.11/plexus-interpolation-1.11.jar:/Users/amoghmargoor/.m2/repository/org/codehaus/plexus/plexus-container-default/1.0-alpha-9-stable-1/plexus-container-default-1.0-alpha-9-stable-1.jar:/Users/amoghmargoor/.m2/repository/classworlds/classworlds/1.1-alpha-2/classworlds-1.1-alpha-2.jar:/Users/amoghmargoor/.m2/repository/commons-io/commons-io/2.5/commons-io-2.5.jar:/Users/amoghmargoor/.m2/repository/org/apache/logging/log4j/log4j-api/2.8.2/log4j-api-2.8.2.jar:/Users/amoghmargoor/.m2/repository/org/apache/logging/log4j/log4j-core/2.8.2/log4j-core-2.8.2.jar:/Users/amoghmargoor/.m2/repository/com/typesafe/config/1.4.3/config-1.4.3.jar:/Users/amoghmargoor/.m2/repository/org/junit/jupiter/junit-jupiter-api/5.8.2/junit-jupiter-api-5.8.2.jar:/Users/amoghmargoor/.m2/repository/org/opentest4j/opentest4j/1.2.0/opentest4j-1.2.0.jar:/Users/amoghmargoor/.m2/repository/org/junit/platform/junit-platform-commons/1.8.2/junit-platform-commons-1.8.2.jar:/Users/amoghmargoor/.m2/repository/org/apiguardian/apiguardian-api/1.1.2/apiguardian-api-1.1.2.jar:/Users/amoghmargoor/.m2/repository/org/junit/jupiter/junit-jupiter-engine/5.8.2/junit-jupiter-engine-5.8.2.jar:/Users/amoghmargoor/.m2/repository/org/junit/platform/junit-platform-engine/1.8.2/junit-platform-engine-1.8.2.jar:/Users/amoghmargoor/.m2/repository/org/mockito/mockito-core/5.17.0/mockito-core-5.17.0.jar:/Users/amoghmargoor/.m2/repository/net/bytebuddy/byte-buddy/1.15.11/byte-buddy-1.15.11.jar:/Users/amoghmargoor/.m2/repository/net/bytebuddy/byte-buddy-agent/1.15.11/byte-buddy-agent-1.15.11.jar:/Users/amoghmargoor/.m2/repository/org/objenesis/objenesis/3.3/objenesis-3.3.jar:/Users/amoghmargoor/.m2/repository/org/mockito/mockito-junit-jupiter/5.17.0/mockito-junit-jupiter-5.17.0.jar:/Users/amoghmargoor/.m2/repository/org/testcontainers/chromadb/1.20.0/chromadb-1.20.0.jar:/Users/amoghmargoor/.m2/repository/org/testcontainers/junit-jupiter/1.19.3/junit-jupiter-1.19.3.jar:/Users/amoghmargoor/.m2/repository/com/squareup/okhttp3/okhttp/4.12.0/okhttp-4.12.0.jar:/Users/amoghmargoor/.m2/repository/com/squareup/okio/okio/3.6.0/okio-3.6.0.jar:/Users/amoghmargoor/.m2/repository/com/squareup/okio/okio-jvm/3.6.0/okio-jvm-3.6.0.jar:/Users/amoghmargoor/.m2/repository/org/jetbrains/kotlin/kotlin-stdlib-common/1.9.10/kotlin-stdlib-common-1.9.10.jar:/Users/amoghmargoor/.m2/repository/org/jetbrains/kotlin/kotlin-stdlib-jdk8/1.8.21/kotlin-stdlib-jdk8-1.8.21.jar:/Users/amoghmargoor/.m2/repository/org/jetbrains/kotlin/kotlin-stdlib/1.8.21/kotlin-stdlib-1.8.21.jar:/Users/amoghmargoor/.m2/repository/org/jetbrains/kotlin/kotlin-stdlib-jdk7/1.8.21/kotlin-stdlib-jdk7-1.8.21.jar:/Users/amoghmargoor/.m2/repository/com/fasterxml/jackson/core/jackson-databind/2.15.2/jackson-databind-2.15.2.jar:/Users/amoghmargoor/.m2/repository/com/fasterxml/jackson/core/jackson-annotations/2.15.2/jackson-annotations-2.15.2.jar:/Users/amoghmargoor/.m2/repository/com/fasterxml/jackson/core/jackson-core/2.15.2/jackson-core-2.15.2.jar:/Users/amoghmargoor/.m2/repository/org/testcontainers/testcontainers/1.19.3/testcontainers-1.19.3.jar:/Users/amoghmargoor/.m2/repository/junit/junit/4.13.2/junit-4.13.2.jar:/Users/amoghmargoor/.m2/repository/org/hamcrest/hamcrest-core/1.3/hamcrest-core-1.3.jar:/Users/amoghmargoor/.m2/repository/org/apache/commons/commons-compress/1.24.0/commons-compress-1.24.0.jar:/Users/amoghmargoor/.m2/repository/org/rnorth/duct-tape/duct-tape/1.0.8/duct-tape-1.0.8.jar:/Users/amoghmargoor/.m2/repository/org/jetbrains/annotations/17.0.0/annotations-17.0.0.jar:/Users/amoghmargoor/.m2/repository/com/github/docker-java/docker-java-api/3.3.4/docker-java-api-3.3.4.jar:/Users/amoghmargoor/.m2/repository/com/github/docker-java/docker-java-transport-zerodep/3.3.4/docker-java-transport-zerodep-3.3.4.jar:/Users/amoghmargoor/.m2/repository/com/github/docker-java/docker-java-transport/3.3.4/docker-java-transport-3.3.4.jar:/Users/amoghmargoor/.m2/repository/net/java/dev/jna/jna/5.13.0/jna-5.13.0.jar:/Users/amoghmargoor/.m2/repository/org/testcontainers/neo4j/1.19.3/neo4j-1.19.3.jar:"/>
    <property name="java.vm.vendor" value="Homebrew"/>
    <property name="sun.arch.data.model" value="64"/>
    <property name="java.vendor.url" value="https://github.com/Homebrew/homebrew-core/issues"/>
    <property name="user.timezone" value="Europe/London"/>
    <property name="os.name" value="Mac OS X"/>
    <property name="java.vm.specification.version" value="23"/>
    <property name="sun.java.launcher" value="SUN_STANDARD"/>
    <property name="user.country" value="US"/>
    <property name="sun.boot.library.path" value="/opt/homebrew/Cellar/openjdk/23.0.2/libexec/openjdk.jdk/Contents/Home/lib"/>
    <property name="sun.java.command" value="/Users/amoghmargoor/src/luemyn/target/surefire/surefirebooter-20250626134405548_3.jar /Users/amoghmargoor/src/luemyn/target/surefire 2025-06-26T13-44-05_511-jvmRun1 surefire-20250626134405548_1tmp surefire_0-20250626134405548_2tmp"/>
    <property name="http.nonProxyHosts" value="local|*.local|169.254/16|*.169.254/16"/>
    <property name="jdk.debug" value="release"/>
    <property name="surefire.test.class.path" value="/Users/amoghmargoor/src/luemyn/target/test-classes:/Users/amoghmargoor/src/luemyn/target/classes:/Users/amoghmargoor/.m2/repository/dev/langchain4j/langchain4j/0.27.1/langchain4j-0.27.1.jar:/Users/amoghmargoor/.m2/repository/dev/langchain4j/langchain4j-core/0.27.1/langchain4j-core-0.27.1.jar:/Users/amoghmargoor/.m2/repository/com/google/code/gson/gson/2.10.1/gson-2.10.1.jar:/Users/amoghmargoor/.m2/repository/com/squareup/retrofit2/retrofit/2.9.0/retrofit-2.9.0.jar:/Users/amoghmargoor/.m2/repository/org/apache/opennlp/opennlp-tools/1.9.4/opennlp-tools-1.9.4.jar:/Users/amoghmargoor/.m2/repository/org/jsoup/jsoup/1.16.1/jsoup-1.16.1.jar:/Users/amoghmargoor/.m2/repository/dev/langchain4j/langchain4j-open-ai/0.27.1/langchain4j-open-ai-0.27.1.jar:/Users/amoghmargoor/.m2/repository/dev/ai4j/openai4j/0.13.0/openai4j-0.13.0.jar:/Users/amoghmargoor/.m2/repository/com/squareup/retrofit2/converter-gson/2.9.0/converter-gson-2.9.0.jar:/Users/amoghmargoor/.m2/repository/com/squareup/okhttp3/okhttp-sse/4.10.0/okhttp-sse-4.10.0.jar:/Users/amoghmargoor/.m2/repository/com/knuddels/jtokkit/0.6.1/jtokkit-0.6.1.jar:/Users/amoghmargoor/.m2/repository/org/apache/commons/commons-lang3/3.12.0/commons-lang3-3.12.0.jar:/Users/amoghmargoor/.m2/repository/org/slf4j/slf4j-api/2.0.5/slf4j-api-2.0.5.jar:/Users/amoghmargoor/.m2/repository/ch/qos/logback/logback-classic/1.4.7/logback-classic-1.4.7.jar:/Users/amoghmargoor/.m2/repository/ch/qos/logback/logback-core/1.4.7/logback-core-1.4.7.jar:/Users/amoghmargoor/.m2/repository/org/neo4j/driver/neo4j-java-driver/5.14.0/neo4j-java-driver-5.14.0.jar:/Users/amoghmargoor/.m2/repository/org/reactivestreams/reactive-streams/1.0.4/reactive-streams-1.0.4.jar:/Users/amoghmargoor/.m2/repository/io/netty/netty-handler/4.1.100.Final/netty-handler-4.1.100.Final.jar:/Users/amoghmargoor/.m2/repository/io/netty/netty-common/4.1.100.Final/netty-common-4.1.100.Final.jar:/Users/amoghmargoor/.m2/repository/io/netty/netty-resolver/4.1.100.Final/netty-resolver-4.1.100.Final.jar:/Users/amoghmargoor/.m2/repository/io/netty/netty-buffer/4.1.100.Final/netty-buffer-4.1.100.Final.jar:/Users/amoghmargoor/.m2/repository/io/netty/netty-transport/4.1.100.Final/netty-transport-4.1.100.Final.jar:/Users/amoghmargoor/.m2/repository/io/netty/netty-transport-native-unix-common/4.1.100.Final/netty-transport-native-unix-common-4.1.100.Final.jar:/Users/amoghmargoor/.m2/repository/io/netty/netty-codec/4.1.100.Final/netty-codec-4.1.100.Final.jar:/Users/amoghmargoor/.m2/repository/io/netty/netty-tcnative-classes/2.0.61.Final/netty-tcnative-classes-2.0.61.Final.jar:/Users/amoghmargoor/.m2/repository/io/projectreactor/reactor-core/3.5.11/reactor-core-3.5.11.jar:/Users/amoghmargoor/.m2/repository/io/github/uwol/proleap-cobol-parser/2.4.0/proleap-cobol-parser-2.4.0.jar:/Users/amoghmargoor/.m2/repository/org/antlr/antlr4/4.7/antlr4-4.7.jar:/Users/amoghmargoor/.m2/repository/org/antlr/antlr-runtime/3.5.2/antlr-runtime-3.5.2.jar:/Users/amoghmargoor/.m2/repository/org/antlr/ST4/4.0.8/ST4-4.0.8.jar:/Users/amoghmargoor/.m2/repository/org/abego/treelayout/org.abego.treelayout.core/1.0.3/org.abego.treelayout.core-1.0.3.jar:/Users/amoghmargoor/.m2/repository/org/glassfish/javax.json/1.0.4/javax.json-1.0.4.jar:/Users/amoghmargoor/.m2/repository/com/ibm/icu/icu4j/58.2/icu4j-58.2.jar:/Users/amoghmargoor/.m2/repository/org/antlr/antlr4-runtime/4.7/antlr4-runtime-4.7.jar:/Users/amoghmargoor/.m2/repository/org/antlr/antlr4-maven-plugin/4.7/antlr4-maven-plugin-4.7.jar:/Users/amoghmargoor/.m2/repository/org/apache/maven/maven-plugin-api/3.0.5/maven-plugin-api-3.0.5.jar:/Users/amoghmargoor/.m2/repository/org/apache/maven/maven-model/3.0.5/maven-model-3.0.5.jar:/Users/amoghmargoor/.m2/repository/org/apache/maven/maven-artifact/3.0.5/maven-artifact-3.0.5.jar:/Users/amoghmargoor/.m2/repository/org/sonatype/sisu/sisu-inject-plexus/2.3.0/sisu-inject-plexus-2.3.0.jar:/Users/amoghmargoor/.m2/repository/org/codehaus/plexus/plexus-component-annotations/1.5.5/plexus-component-annotations-1.5.5.jar:/Users/amoghmargoor/.m2/repository/org/codehaus/plexus/plexus-classworlds/2.4/plexus-classworlds-2.4.jar:/Users/amoghmargoor/.m2/repository/org/sonatype/sisu/sisu-inject-bean/2.3.0/sisu-inject-bean-2.3.0.jar:/Users/amoghmargoor/.m2/repository/org/sonatype/sisu/sisu-guice/3.1.0/sisu-guice-3.1.0-no_aop.jar:/Users/amoghmargoor/.m2/repository/org/sonatype/sisu/sisu-guava/0.9.9/sisu-guava-0.9.9.jar:/Users/amoghmargoor/.m2/repository/org/codehaus/plexus/plexus-compiler-api/2.2/plexus-compiler-api-2.2.jar:/Users/amoghmargoor/.m2/repository/org/codehaus/plexus/plexus-utils/3.0.8/plexus-utils-3.0.8.jar:/Users/amoghmargoor/.m2/repository/org/sonatype/plexus/plexus-build-api/0.0.7/plexus-build-api-0.0.7.jar:/Users/amoghmargoor/.m2/repository/org/apache/maven/maven-project/2.2.1/maven-project-2.2.1.jar:/Users/amoghmargoor/.m2/repository/org/apache/maven/maven-settings/2.2.1/maven-settings-2.2.1.jar:/Users/amoghmargoor/.m2/repository/org/apache/maven/maven-profile/2.2.1/maven-profile-2.2.1.jar:/Users/amoghmargoor/.m2/repository/org/apache/maven/maven-artifact-manager/2.2.1/maven-artifact-manager-2.2.1.jar:/Users/amoghmargoor/.m2/repository/org/apache/maven/maven-repository-metadata/2.2.1/maven-repository-metadata-2.2.1.jar:/Users/amoghmargoor/.m2/repository/org/apache/maven/wagon/wagon-provider-api/1.0-beta-6/wagon-provider-api-1.0-beta-6.jar:/Users/amoghmargoor/.m2/repository/backport-util-concurrent/backport-util-concurrent/3.1/backport-util-concurrent-3.1.jar:/Users/amoghmargoor/.m2/repository/org/apache/maven/maven-plugin-registry/2.2.1/maven-plugin-registry-2.2.1.jar:/Users/amoghmargoor/.m2/repository/org/codehaus/plexus/plexus-interpolation/1.11/plexus-interpolation-1.11.jar:/Users/amoghmargoor/.m2/repository/org/codehaus/plexus/plexus-container-default/1.0-alpha-9-stable-1/plexus-container-default-1.0-alpha-9-stable-1.jar:/Users/amoghmargoor/.m2/repository/classworlds/classworlds/1.1-alpha-2/classworlds-1.1-alpha-2.jar:/Users/amoghmargoor/.m2/repository/commons-io/commons-io/2.5/commons-io-2.5.jar:/Users/amoghmargoor/.m2/repository/org/apache/logging/log4j/log4j-api/2.8.2/log4j-api-2.8.2.jar:/Users/amoghmargoor/.m2/repository/org/apache/logging/log4j/log4j-core/2.8.2/log4j-core-2.8.2.jar:/Users/amoghmargoor/.m2/repository/com/typesafe/config/1.4.3/config-1.4.3.jar:/Users/amoghmargoor/.m2/repository/org/junit/jupiter/junit-jupiter-api/5.8.2/junit-jupiter-api-5.8.2.jar:/Users/amoghmargoor/.m2/repository/org/opentest4j/opentest4j/1.2.0/opentest4j-1.2.0.jar:/Users/amoghmargoor/.m2/repository/org/junit/platform/junit-platform-commons/1.8.2/junit-platform-commons-1.8.2.jar:/Users/amoghmargoor/.m2/repository/org/apiguardian/apiguardian-api/1.1.2/apiguardian-api-1.1.2.jar:/Users/amoghmargoor/.m2/repository/org/junit/jupiter/junit-jupiter-engine/5.8.2/junit-jupiter-engine-5.8.2.jar:/Users/amoghmargoor/.m2/repository/org/junit/platform/junit-platform-engine/1.8.2/junit-platform-engine-1.8.2.jar:/Users/amoghmargoor/.m2/repository/org/mockito/mockito-core/5.17.0/mockito-core-5.17.0.jar:/Users/amoghmargoor/.m2/repository/net/bytebuddy/byte-buddy/1.15.11/byte-buddy-1.15.11.jar:/Users/amoghmargoor/.m2/repository/net/bytebuddy/byte-buddy-agent/1.15.11/byte-buddy-agent-1.15.11.jar:/Users/amoghmargoor/.m2/repository/org/objenesis/objenesis/3.3/objenesis-3.3.jar:/Users/amoghmargoor/.m2/repository/org/mockito/mockito-junit-jupiter/5.17.0/mockito-junit-jupiter-5.17.0.jar:/Users/amoghmargoor/.m2/repository/org/testcontainers/chromadb/1.20.0/chromadb-1.20.0.jar:/Users/amoghmargoor/.m2/repository/org/testcontainers/junit-jupiter/1.19.3/junit-jupiter-1.19.3.jar:/Users/amoghmargoor/.m2/repository/com/squareup/okhttp3/okhttp/4.12.0/okhttp-4.12.0.jar:/Users/amoghmargoor/.m2/repository/com/squareup/okio/okio/3.6.0/okio-3.6.0.jar:/Users/amoghmargoor/.m2/repository/com/squareup/okio/okio-jvm/3.6.0/okio-jvm-3.6.0.jar:/Users/amoghmargoor/.m2/repository/org/jetbrains/kotlin/kotlin-stdlib-common/1.9.10/kotlin-stdlib-common-1.9.10.jar:/Users/amoghmargoor/.m2/repository/org/jetbrains/kotlin/kotlin-stdlib-jdk8/1.8.21/kotlin-stdlib-jdk8-1.8.21.jar:/Users/amoghmargoor/.m2/repository/org/jetbrains/kotlin/kotlin-stdlib/1.8.21/kotlin-stdlib-1.8.21.jar:/Users/amoghmargoor/.m2/repository/org/jetbrains/kotlin/kotlin-stdlib-jdk7/1.8.21/kotlin-stdlib-jdk7-1.8.21.jar:/Users/amoghmargoor/.m2/repository/com/fasterxml/jackson/core/jackson-databind/2.15.2/jackson-databind-2.15.2.jar:/Users/amoghmargoor/.m2/repository/com/fasterxml/jackson/core/jackson-annotations/2.15.2/jackson-annotations-2.15.2.jar:/Users/amoghmargoor/.m2/repository/com/fasterxml/jackson/core/jackson-core/2.15.2/jackson-core-2.15.2.jar:/Users/amoghmargoor/.m2/repository/org/testcontainers/testcontainers/1.19.3/testcontainers-1.19.3.jar:/Users/amoghmargoor/.m2/repository/junit/junit/4.13.2/junit-4.13.2.jar:/Users/amoghmargoor/.m2/repository/org/hamcrest/hamcrest-core/1.3/hamcrest-core-1.3.jar:/Users/amoghmargoor/.m2/repository/org/apache/commons/commons-compress/1.24.0/commons-compress-1.24.0.jar:/Users/amoghmargoor/.m2/repository/org/rnorth/duct-tape/duct-tape/1.0.8/duct-tape-1.0.8.jar:/Users/amoghmargoor/.m2/repository/org/jetbrains/annotations/17.0.0/annotations-17.0.0.jar:/Users/amoghmargoor/.m2/repository/com/github/docker-java/docker-java-api/3.3.4/docker-java-api-3.3.4.jar:/Users/amoghmargoor/.m2/repository/com/github/docker-java/docker-java-transport-zerodep/3.3.4/docker-java-transport-zerodep-3.3.4.jar:/Users/amoghmargoor/.m2/repository/com/github/docker-java/docker-java-transport/3.3.4/docker-java-transport-3.3.4.jar:/Users/amoghmargoor/.m2/repository/net/java/dev/jna/jna/5.13.0/jna-5.13.0.jar:/Users/amoghmargoor/.m2/repository/org/testcontainers/neo4j/1.19.3/neo4j-1.19.3.jar:"/>
    <property name="sun.cpu.endian" value="little"/>
    <property name="user.home" value="/Users/amoghmargoor"/>
    <property name="user.language" value="en"/>
    <property name="java.specification.vendor" value="Oracle Corporation"/>
    <property name="java.version.date" value="2025-01-21"/>
    <property name="java.home" value="/opt/homebrew/Cellar/openjdk/23.0.2/libexec/openjdk.jdk/Contents/Home"/>
    <property name="file.separator" value="/"/>
    <property name="basedir" value="/Users/amoghmargoor/src/luemyn"/>
    <property name="java.vm.compressedOopsMode" value="Zero based"/>
    <property name="line.separator" value="&#10;"/>
    <property name="java.vm.specification.vendor" value="Oracle Corporation"/>
    <property name="java.specification.name" value="Java Platform API Specification"/>
    <property name="apple.awt.application.name" value="ForkedBooter"/>
    <property name="surefire.real.class.path" value="/Users/amoghmargoor/src/luemyn/target/surefire/surefirebooter-20250626134405548_3.jar"/>
    <property name="sun.management.compiler" value="HotSpot 64-Bit Tiered Compilers"/>
    <property name="ftp.nonProxyHosts" value="local|*.local|169.254/16|*.169.254/16"/>
    <property name="java.runtime.version" value="23.0.2"/>
    <property name="user.name" value="amoghmargoor"/>
    <property name="stdout.encoding" value="UTF-8"/>
    <property name="path.separator" value=":"/>
    <property name="os.version" value="14.4.1"/>
    <property name="java.runtime.name" value="OpenJDK Runtime Environment"/>
    <property name="file.encoding" value="UTF-8"/>
    <property name="java.vm.name" value="OpenJDK 64-Bit Server VM"/>
    <property name="java.vendor.version" value="Homebrew"/>
    <property name="localRepository" value="/Users/amoghmargoor/.m2/repository"/>
    <property name="java.vendor.url.bug" value="https://github.com/Homebrew/homebrew-core/issues"/>
    <property name="java.io.tmpdir" value="/var/folders/vz/xk1grx0n7j3d545nd0j9nr240000gn/T/"/>
    <property name="java.version" value="23.0.2"/>
    <property name="user.dir" value="/Users/amoghmargoor/src/luemyn"/>
    <property name="os.arch" value="aarch64"/>
    <property name="java.vm.specification.name" value="Java Virtual Machine Specification"/>
    <property name="native.encoding" value="UTF-8"/>
    <property name="java.library.path" value="/Users/amoghmargoor/Library/Java/Extensions:/Library/Java/Extensions:/Network/Library/Java/Extensions:/System/Library/Java/Extensions:/usr/lib/java:."/>
    <property name="java.vm.info" value="mixed mode, sharing"/>
    <property name="stderr.encoding" value="UTF-8"/>
    <property name="java.vendor" value="Homebrew"/>
    <property name="java.vm.version" value="23.0.2"/>
    <property name="sun.io.unicode.encoding" value="UnicodeBig"/>
    <property name="socksNonProxyHosts" value="local|*.local|169.254/16|*.169.254/16"/>
    <property name="java.class.version" value="67.0"/>
  </properties>
  <testcase name="shouldHandleNoContextFound" classname="com.cobolrag.rag.RagServiceTest" time="2.41">
    <system-out><![CDATA[13:44:19.522 [main] DEBUG dev.langchain4j.rag.DefaultRetrievalAugmentor -- Original query: 'What does this program do?'
13:44:19.522 [main] DEBUG dev.langchain4j.rag.DefaultRetrievalAugmentor -- Transformed queries:
- 'What does this program do?'
13:44:19.523 [pool-3-thread-1] DEBUG dev.langchain4j.rag.DefaultRetrievalAugmentor -- Routing query 'What does this program do?' to the following retrievers:
- dev.langchain4j.retriever.Retriever$$Lambda/0x00000800017a8620@5e10530f
13:44:19.525 [pool-3-thread-2] DEBUG dev.langchain4j.rag.DefaultRetrievalAugmentor -- Retrieved the following contents using retriever 'dev.langchain4j.retriever.Retriever$$Lambda/0x00000800017a8620@5e10530f' and query 'What does this program do?':

13:44:19.526 [main] DEBUG dev.langchain4j.rag.DefaultRetrievalAugmentor -- Aggregated all contents into:

13:44:19.526 [main] DEBUG dev.langchain4j.rag.DefaultRetrievalAugmentor -- Augmented user message: UserMessage { name = null contents = [TextContent { text = "What does this program do?" }] }
]]></system-out>
  </testcase>
  <testcase name="shouldHandleDependencyRetrievalFailure" classname="com.cobolrag.rag.RagServiceTest" time="3.198">
    <system-out><![CDATA[13:44:21.843 [main] DEBUG dev.langchain4j.rag.DefaultRetrievalAugmentor -- Original query: 'Show dependencies for INVALID_PROG'
13:44:21.843 [main] DEBUG dev.langchain4j.rag.DefaultRetrievalAugmentor -- Transformed queries:
- 'Show dependencies for INVALID_PROG'
13:44:21.843 [pool-4-thread-1] DEBUG dev.langchain4j.rag.DefaultRetrievalAugmentor -- Routing query 'Show dependencies for INVALID_PROG' to the following retrievers:
- dev.langchain4j.retriever.Retriever$$Lambda/0x00000800017a8620@58697f69
13:44:21.844 [pool-4-thread-2] WARN com.cobolrag.rag.RagService -- Failed to retrieve dependencies for INVALID_PROG
org.neo4j.driver.exceptions.ServiceUnavailableException: DB connection failed
	at com.cobolrag.graph.Neo4jDependencyGraphBuilder.executeQuery(Neo4jDependencyGraphBuilder.java:167)
	at com.cobolrag.rag.RagService.getProgramDependencies(RagService.java:202)
	at com.cobolrag.rag.RagService.createEnhancedTextSegment(RagService.java:132)
	at com.cobolrag.rag.RagService.lambda$buildEnhancedRetriever$1(RagService.java:120)
	at java.base/java.util.stream.ReferencePipeline$3$1.accept(ReferencePipeline.java:215)
	at java.base/java.util.AbstractList$RandomAccessSpliterator.forEachRemaining(AbstractList.java:722)
	at java.base/java.util.stream.AbstractPipeline.copyInto(AbstractPipeline.java:570)
	at java.base/java.util.stream.AbstractPipeline.wrapAndCopyInto(AbstractPipeline.java:560)
	at java.base/java.util.stream.ReduceOps$ReduceOp.evaluateSequential(ReduceOps.java:921)
	at java.base/java.util.stream.AbstractPipeline.evaluate(AbstractPipeline.java:265)
	at java.base/java.util.stream.ReferencePipeline.collect(ReferencePipeline.java:727)
	at com.cobolrag.rag.RagService.lambda$buildEnhancedRetriever$0(RagService.java:121)
	at dev.langchain4j.retriever.Retriever.lambda$toContentRetriever$0(Retriever.java:45)
	at dev.langchain4j.rag.DefaultRetrievalAugmentor.retrieve(DefaultRetrievalAugmentor.java:170)
	at dev.langchain4j.rag.DefaultRetrievalAugmentor.lambda$retrieveFromAll$3(DefaultRetrievalAugmentor.java:158)
	at java.base/java.util.concurrent.CompletableFuture$AsyncSupply.run(CompletableFuture.java:1812)
	at java.base/java.util.concurrent.ThreadPoolExecutor.runWorker(ThreadPoolExecutor.java:1144)
	at java.base/java.util.concurrent.ThreadPoolExecutor$Worker.run(ThreadPoolExecutor.java:642)
	at java.base/java.lang.Thread.run(Thread.java:1575)
13:44:21.844 [pool-4-thread-2] DEBUG dev.langchain4j.rag.DefaultRetrievalAugmentor -- Retrieved the following contents using retriever 'dev.langchain4j.retriever.Retriever$$Lambda/0x00000800017a8620@58697f69' and query 'Show dependencies for INVALID_PROG':
- TextSegment { text = "Code from unknown:

Dependencies:
Dependency retrieval error: DB connection failed" metadata = {} }
13:44:21.844 [main] DEBUG dev.langchain4j.rag.DefaultRetrievalAugmentor -- Aggregated all contents into:
- TextSegment { text = "Code from unknown:

Dependencies:
Dependency retrieval error: DB connection failed" metadata = {} }
13:44:21.844 [main] DEBUG dev.langchain4j.rag.DefaultRetrievalAugmentor -- Augmented user message: UserMessage { name = null contents = [TextContent { text = "You are a COBOL expert assistant. Answer the question based on the context below.
Include relevant code snippets and explain their purpose.

Context from codebase:
{context}

Dependency graph relations:
{dependencies}

Question: {question}

Answer in markdown format:" }] }
]]></system-out>
  </testcase>
  <testcase name="shouldProcessQueryWithValidContext" classname="com.cobolrag.rag.RagServiceTest" time="20.145">
    <system-out><![CDATA[13:44:25.066 [main] DEBUG dev.langchain4j.rag.DefaultRetrievalAugmentor -- Original query: 'What does CUST001 do?'
13:44:25.066 [main] DEBUG dev.langchain4j.rag.DefaultRetrievalAugmentor -- Transformed queries:
- 'What does CUST001 do?'
13:44:25.066 [pool-5-thread-1] DEBUG dev.langchain4j.rag.DefaultRetrievalAugmentor -- Routing query 'What does CUST001 do?' to the following retrievers:
- dev.langchain4j.retriever.Retriever$$Lambda/0x00000800017a8620@3c78f323
13:44:25.066 [pool-5-thread-2] DEBUG dev.langchain4j.rag.DefaultRetrievalAugmentor -- Retrieved the following contents using retriever 'dev.langchain4j.retriever.Retriever$$Lambda/0x00000800017a8620@3c78f323' and query 'What does CUST001 do?':
- TextSegment { text = "Code from CUST001.cbl:
01 CUSTOMER-RECORD PIC X(50).
Dependencies:
"Calls: CUST002, CUST003"" metadata = {} }
13:44:25.067 [main] DEBUG dev.langchain4j.rag.DefaultRetrievalAugmentor -- Aggregated all contents into:
- TextSegment { text = "Code from CUST001.cbl:
01 CUSTOMER-RECORD PIC X(50).
Dependencies:
"Calls: CUST002, CUST003"" metadata = {} }
13:44:25.067 [main] DEBUG dev.langchain4j.rag.DefaultRetrievalAugmentor -- Augmented user message: UserMessage { name = null contents = [TextContent { text = "You are a COBOL expert assistant. Answer the question based on the context below.
Include relevant code snippets and explain their purpose.

Context from codebase:
{context}

Dependency graph relations:
{dependencies}

Question: {question}

Answer in markdown format:" }] }
]]></system-out>
  </testcase>
  <testcase name="shouldThrowExceptionOnInvalidApiKey" classname="com.cobolrag.rag.RagServiceTest" time="0.121"/>
</testsuite>