<?xml version="1.0" encoding="UTF-8"?>
<testsuite xmlns:xsi="http://www.w3.org/2001/XMLSchema-instance" xsi:noNamespaceSchemaLocation="https://maven.apache.org/surefire/maven-surefire-plugin/xsd/surefire-test-report-3.0.xsd" version="3.0" name="io.proleap.cobol.transform.valuestmt.relation.tandem.RelationCombinedGreaterAndTest" time="0.789" tests="1" errors="0" skipped="0" failures="0">
  <properties>
    <property name="java.specification.version" value="23"/>
    <property name="sun.jnu.encoding" value="UTF-8"/>
    <property name="java.class.path" value="/Users/amoghmargoor/src/luemyn/proleap-cobol-transform/target/test-classes:/Users/amoghmargoor/src/luemyn/proleap-cobol-transform/target/classes:/Users/amoghmargoor/src/luemyn/proleap-cobol-commons/target/classes:/Users/amoghmargoor/.m2/repository/io/github/uwol/proleap-cobol-parser/4.0.0/proleap-cobol-parser-4.0.0.jar:/Users/amoghmargoor/.m2/repository/org/antlr/antlr4/4.7.2/antlr4-4.7.2.jar:/Users/amoghmargoor/.m2/repository/org/antlr/antlr-runtime/3.5.2/antlr-runtime-3.5.2.jar:/Users/amoghmargoor/.m2/repository/org/antlr/ST4/4.1/ST4-4.1.jar:/Users/amoghmargoor/.m2/repository/org/abego/treelayout/org.abego.treelayout.core/1.0.3/org.abego.treelayout.core-1.0.3.jar:/Users/amoghmargoor/.m2/repository/org/glassfish/javax.json/1.0.4/javax.json-1.0.4.jar:/Users/amoghmargoor/.m2/repository/com/ibm/icu/icu4j/61.1/icu4j-61.1.jar:/Users/amoghmargoor/.m2/repository/org/antlr/antlr4-runtime/4.7.2/antlr4-runtime-4.7.2.jar:/Users/amoghmargoor/src/luemyn/proleap-cobol-commons/target/test-classes:/Users/amoghmargoor/.m2/repository/org/junit/platform/junit-platform-launcher/1.9.3/junit-platform-launcher-1.9.3.jar:/Users/amoghmargoor/.m2/repository/org/junit/platform/junit-platform-engine/1.9.3/junit-platform-engine-1.9.3.jar:/Users/amoghmargoor/.m2/repository/org/apiguardian/apiguardian-api/1.1.2/apiguardian-api-1.1.2.jar:/Users/amoghmargoor/.m2/repository/org/junit/jupiter/junit-jupiter-api/5.9.3/junit-jupiter-api-5.9.3.jar:/Users/amoghmargoor/.m2/repository/org/opentest4j/opentest4j/1.2.0/opentest4j-1.2.0.jar:/Users/amoghmargoor/.m2/repository/org/junit/platform/junit-platform-commons/1.9.3/junit-platform-commons-1.9.3.jar:/Users/amoghmargoor/.m2/repository/org/junit/jupiter/junit-jupiter-engine/5.9.3/junit-jupiter-engine-5.9.3.jar:/Users/amoghmargoor/.m2/repository/io/micronaut/micronaut-inject-java/4.1.9/micronaut-inject-java-4.1.9.jar:/Users/amoghmargoor/.m2/repository/io/micronaut/micronaut-core-processor/4.1.9/micronaut-core-processor-4.1.9.jar:/Users/amoghmargoor/.m2/repository/io/micronaut/micronaut-aop/4.1.9/micronaut-aop-4.1.9.jar:/Users/amoghmargoor/.m2/repository/org/ow2/asm/asm-tree/9.5/asm-tree-9.5.jar:/Users/amoghmargoor/.m2/repository/org/ow2/asm/asm/9.5/asm-9.5.jar:/Users/amoghmargoor/.m2/repository/org/ow2/asm/asm-commons/9.5/asm-commons-9.5.jar:/Users/amoghmargoor/.m2/repository/com/github/javaparser/javaparser-symbol-solver-core/3.25.5/javaparser-symbol-solver-core-3.25.5.jar:/Users/amoghmargoor/.m2/repository/com/github/javaparser/javaparser-core/3.25.5/javaparser-core-3.25.5.jar:/Users/amoghmargoor/.m2/repository/io/micronaut/micronaut-core-reactive/4.1.9/micronaut-core-reactive-4.1.9.jar:/Users/amoghmargoor/.m2/repository/org/reactivestreams/reactive-streams/1.0.4/reactive-streams-1.0.4.jar:/Users/amoghmargoor/.m2/repository/jakarta/inject/jakarta.inject-api/2.0.1/jakarta.inject-api-2.0.1.jar:/Users/amoghmargoor/.m2/repository/org/slf4j/slf4j-api/2.0.9/slf4j-api-2.0.9.jar:/Users/amoghmargoor/.m2/repository/org/slf4j/jcl-over-slf4j/2.0.9/jcl-over-slf4j-2.0.9.jar:/Users/amoghmargoor/.m2/repository/org/slf4j/jul-to-slf4j/2.0.9/jul-to-slf4j-2.0.9.jar:/Users/amoghmargoor/.m2/repository/org/slf4j/log4j-over-slf4j/2.0.9/log4j-over-slf4j-2.0.9.jar:/Users/amoghmargoor/.m2/repository/ch/qos/logback/logback-classic/1.4.14/logback-classic-1.4.14.jar:/Users/amoghmargoor/.m2/repository/ch/qos/logback/logback-core/1.4.14/logback-core-1.4.14.jar:/Users/amoghmargoor/.m2/repository/io/micronaut/test/micronaut-test-junit5/4.0.2/micronaut-test-junit5-4.0.2.jar:/Users/amoghmargoor/.m2/repository/io/micronaut/micronaut-inject/4.1.9/micronaut-inject-4.1.9.jar:/Users/amoghmargoor/.m2/repository/jakarta/annotation/jakarta.annotation-api/2.1.1/jakarta.annotation-api-2.1.1.jar:/Users/amoghmargoor/.m2/repository/io/micronaut/micronaut-core/4.1.9/micronaut-core-4.1.9.jar:/Users/amoghmargoor/.m2/repository/io/micronaut/test/micronaut-test-core/4.0.2/micronaut-test-core-4.0.2.jar:/Users/amoghmargoor/.m2/repository/io/micronaut/micronaut-context/4.0.0/micronaut-context-4.0.0.jar:"/>
    <property name="java.vm.vendor" value="Homebrew"/>
    <property name="sun.arch.data.model" value="64"/>
    <property name="java.vendor.url" value="https://github.com/Homebrew/homebrew-core/issues"/>
    <property name="user.timezone" value="Europe/London"/>
    <property name="os.name" value="Mac OS X"/>
    <property name="java.vm.specification.version" value="23"/>
    <property name="sun.java.launcher" value="SUN_STANDARD"/>
    <property name="user.country" value="US"/>
    <property name="sun.boot.library.path" value="/opt/homebrew/Cellar/openjdk/23.0.2/libexec/openjdk.jdk/Contents/Home/lib"/>
    <property name="sun.java.command" value="/Users/amoghmargoor/src/luemyn/proleap-cobol-transform/target/surefire/surefirebooter-20250628230048975_3.jar /Users/amoghmargoor/src/luemyn/proleap-cobol-transform/target/surefire 2025-06-28T23-00-48_935-jvmRun1 surefire-20250628230048975_1tmp surefire_0-20250628230048975_2tmp"/>
    <property name="http.nonProxyHosts" value="local|*.local|169.254/16|*.169.254/16"/>
    <property name="jdk.debug" value="release"/>
    <property name="surefire.test.class.path" value="/Users/amoghmargoor/src/luemyn/proleap-cobol-transform/target/test-classes:/Users/amoghmargoor/src/luemyn/proleap-cobol-transform/target/classes:/Users/amoghmargoor/src/luemyn/proleap-cobol-commons/target/classes:/Users/amoghmargoor/.m2/repository/io/github/uwol/proleap-cobol-parser/4.0.0/proleap-cobol-parser-4.0.0.jar:/Users/amoghmargoor/.m2/repository/org/antlr/antlr4/4.7.2/antlr4-4.7.2.jar:/Users/amoghmargoor/.m2/repository/org/antlr/antlr-runtime/3.5.2/antlr-runtime-3.5.2.jar:/Users/amoghmargoor/.m2/repository/org/antlr/ST4/4.1/ST4-4.1.jar:/Users/amoghmargoor/.m2/repository/org/abego/treelayout/org.abego.treelayout.core/1.0.3/org.abego.treelayout.core-1.0.3.jar:/Users/amoghmargoor/.m2/repository/org/glassfish/javax.json/1.0.4/javax.json-1.0.4.jar:/Users/amoghmargoor/.m2/repository/com/ibm/icu/icu4j/61.1/icu4j-61.1.jar:/Users/amoghmargoor/.m2/repository/org/antlr/antlr4-runtime/4.7.2/antlr4-runtime-4.7.2.jar:/Users/amoghmargoor/src/luemyn/proleap-cobol-commons/target/test-classes:/Users/amoghmargoor/.m2/repository/org/junit/platform/junit-platform-launcher/1.9.3/junit-platform-launcher-1.9.3.jar:/Users/amoghmargoor/.m2/repository/org/junit/platform/junit-platform-engine/1.9.3/junit-platform-engine-1.9.3.jar:/Users/amoghmargoor/.m2/repository/org/apiguardian/apiguardian-api/1.1.2/apiguardian-api-1.1.2.jar:/Users/amoghmargoor/.m2/repository/org/junit/jupiter/junit-jupiter-api/5.9.3/junit-jupiter-api-5.9.3.jar:/Users/amoghmargoor/.m2/repository/org/opentest4j/opentest4j/1.2.0/opentest4j-1.2.0.jar:/Users/amoghmargoor/.m2/repository/org/junit/platform/junit-platform-commons/1.9.3/junit-platform-commons-1.9.3.jar:/Users/amoghmargoor/.m2/repository/org/junit/jupiter/junit-jupiter-engine/5.9.3/junit-jupiter-engine-5.9.3.jar:/Users/amoghmargoor/.m2/repository/io/micronaut/micronaut-inject-java/4.1.9/micronaut-inject-java-4.1.9.jar:/Users/amoghmargoor/.m2/repository/io/micronaut/micronaut-core-processor/4.1.9/micronaut-core-processor-4.1.9.jar:/Users/amoghmargoor/.m2/repository/io/micronaut/micronaut-aop/4.1.9/micronaut-aop-4.1.9.jar:/Users/amoghmargoor/.m2/repository/org/ow2/asm/asm-tree/9.5/asm-tree-9.5.jar:/Users/amoghmargoor/.m2/repository/org/ow2/asm/asm/9.5/asm-9.5.jar:/Users/amoghmargoor/.m2/repository/org/ow2/asm/asm-commons/9.5/asm-commons-9.5.jar:/Users/amoghmargoor/.m2/repository/com/github/javaparser/javaparser-symbol-solver-core/3.25.5/javaparser-symbol-solver-core-3.25.5.jar:/Users/amoghmargoor/.m2/repository/com/github/javaparser/javaparser-core/3.25.5/javaparser-core-3.25.5.jar:/Users/amoghmargoor/.m2/repository/io/micronaut/micronaut-core-reactive/4.1.9/micronaut-core-reactive-4.1.9.jar:/Users/amoghmargoor/.m2/repository/org/reactivestreams/reactive-streams/1.0.4/reactive-streams-1.0.4.jar:/Users/amoghmargoor/.m2/repository/jakarta/inject/jakarta.inject-api/2.0.1/jakarta.inject-api-2.0.1.jar:/Users/amoghmargoor/.m2/repository/org/slf4j/slf4j-api/2.0.9/slf4j-api-2.0.9.jar:/Users/amoghmargoor/.m2/repository/org/slf4j/jcl-over-slf4j/2.0.9/jcl-over-slf4j-2.0.9.jar:/Users/amoghmargoor/.m2/repository/org/slf4j/jul-to-slf4j/2.0.9/jul-to-slf4j-2.0.9.jar:/Users/amoghmargoor/.m2/repository/org/slf4j/log4j-over-slf4j/2.0.9/log4j-over-slf4j-2.0.9.jar:/Users/amoghmargoor/.m2/repository/ch/qos/logback/logback-classic/1.4.14/logback-classic-1.4.14.jar:/Users/amoghmargoor/.m2/repository/ch/qos/logback/logback-core/1.4.14/logback-core-1.4.14.jar:/Users/amoghmargoor/.m2/repository/io/micronaut/test/micronaut-test-junit5/4.0.2/micronaut-test-junit5-4.0.2.jar:/Users/amoghmargoor/.m2/repository/io/micronaut/micronaut-inject/4.1.9/micronaut-inject-4.1.9.jar:/Users/amoghmargoor/.m2/repository/jakarta/annotation/jakarta.annotation-api/2.1.1/jakarta.annotation-api-2.1.1.jar:/Users/amoghmargoor/.m2/repository/io/micronaut/micronaut-core/4.1.9/micronaut-core-4.1.9.jar:/Users/amoghmargoor/.m2/repository/io/micronaut/test/micronaut-test-core/4.0.2/micronaut-test-core-4.0.2.jar:/Users/amoghmargoor/.m2/repository/io/micronaut/micronaut-context/4.0.0/micronaut-context-4.0.0.jar:"/>
    <property name="sun.cpu.endian" value="little"/>
    <property name="user.home" value="/Users/amoghmargoor"/>
    <property name="user.language" value="en"/>
    <property name="java.specification.vendor" value="Oracle Corporation"/>
    <property name="java.version.date" value="2025-01-21"/>
    <property name="java.home" value="/opt/homebrew/Cellar/openjdk/23.0.2/libexec/openjdk.jdk/Contents/Home"/>
    <property name="file.separator" value="/"/>
    <property name="basedir" value="/Users/amoghmargoor/src/luemyn/proleap-cobol-transform"/>
    <property name="java.vm.compressedOopsMode" value="Zero based"/>
    <property name="line.separator" value="&#10;"/>
    <property name="java.vm.specification.vendor" value="Oracle Corporation"/>
    <property name="java.specification.name" value="Java Platform API Specification"/>
    <property name="apple.awt.application.name" value="ForkedBooter"/>
    <property name="surefire.real.class.path" value="/Users/amoghmargoor/src/luemyn/proleap-cobol-transform/target/surefire/surefirebooter-20250628230048975_3.jar"/>
    <property name="sun.management.compiler" value="HotSpot 64-Bit Tiered Compilers"/>
    <property name="ftp.nonProxyHosts" value="local|*.local|169.254/16|*.169.254/16"/>
    <property name="java.runtime.version" value="23.0.2"/>
    <property name="user.name" value="amoghmargoor"/>
    <property name="stdout.encoding" value="UTF-8"/>
    <property name="path.separator" value=":"/>
    <property name="os.version" value="14.4.1"/>
    <property name="java.runtime.name" value="OpenJDK Runtime Environment"/>
    <property name="file.encoding" value="UTF-8"/>
    <property name="java.vm.name" value="OpenJDK 64-Bit Server VM"/>
    <property name="java.vendor.version" value="Homebrew"/>
    <property name="localRepository" value="/Users/amoghmargoor/.m2/repository"/>
    <property name="micronaut.classloader.logging" value="true"/>
    <property name="java.vendor.url.bug" value="https://github.com/Homebrew/homebrew-core/issues"/>
    <property name="java.io.tmpdir" value="/var/folders/vz/xk1grx0n7j3d545nd0j9nr240000gn/T/"/>
    <property name="java.version" value="23.0.2"/>
    <property name="micronaut.environments" value="test"/>
    <property name="user.dir" value="/Users/amoghmargoor/src/luemyn/proleap-cobol-transform"/>
    <property name="os.arch" value="aarch64"/>
    <property name="java.vm.specification.name" value="Java Virtual Machine Specification"/>
    <property name="native.encoding" value="UTF-8"/>
    <property name="java.library.path" value="/Users/amoghmargoor/Library/Java/Extensions:/Library/Java/Extensions:/Network/Library/Java/Extensions:/System/Library/Java/Extensions:/usr/lib/java:."/>
    <property name="java.vm.info" value="mixed mode, sharing"/>
    <property name="stderr.encoding" value="UTF-8"/>
    <property name="java.vendor" value="Homebrew"/>
    <property name="java.vm.version" value="23.0.2"/>
    <property name="sun.io.unicode.encoding" value="UnicodeBig"/>
    <property name="socksNonProxyHosts" value="local|*.local|169.254/16|*.169.254/16"/>
    <property name="java.class.version" value="67.0"/>
  </properties>
  <testcase name="test" classname="io.proleap.cobol.transform.valuestmt.relation.tandem.RelationCombinedGreaterAndTest" time="0.545">
    <system-out><![CDATA[23:00:49,329 |-INFO in ch.qos.logback.classic.LoggerContext[default] - This is logback-classic version 1.4.14
23:00:49,329 |-INFO in ch.qos.logback.classic.util.ContextInitializer@7c214cc0 - No custom configurators were discovered as a service.
23:00:49,329 |-INFO in ch.qos.logback.classic.util.ContextInitializer@7c214cc0 - Trying to configure with ch.qos.logback.classic.joran.SerializedModelConfigurator
23:00:49,329 |-INFO in ch.qos.logback.classic.util.ContextInitializer@7c214cc0 - Constructed configurator of type class ch.qos.logback.classic.joran.SerializedModelConfigurator
23:00:49,332 |-INFO in ch.qos.logback.classic.LoggerContext[default] - Could NOT find resource [logback-test.scmo]
23:00:49,333 |-INFO in ch.qos.logback.classic.LoggerContext[default] - Could NOT find resource [logback.scmo]
23:00:49,336 |-INFO in ch.qos.logback.classic.util.ContextInitializer@7c214cc0 - ch.qos.logback.classic.joran.SerializedModelConfigurator.configure() call lasted 4 milliseconds. ExecutionStatus=INVOKE_NEXT_IF_ANY
23:00:49,336 |-INFO in ch.qos.logback.classic.util.ContextInitializer@7c214cc0 - Trying to configure with ch.qos.logback.classic.util.DefaultJoranConfigurator
23:00:49,337 |-INFO in ch.qos.logback.classic.util.ContextInitializer@7c214cc0 - Constructed configurator of type class ch.qos.logback.classic.util.DefaultJoranConfigurator
23:00:49,338 |-INFO in ch.qos.logback.classic.LoggerContext[default] - Found resource [logback-test.xml] at [file:/Users/amoghmargoor/src/luemyn/proleap-cobol-transform/target/test-classes/logback-test.xml]
23:00:49,338 |-WARN in ch.qos.logback.classic.util.DefaultJoranConfigurator@5b67bb7e - Resource [logback-test.xml] occurs multiple times on the classpath.
23:00:49,339 |-WARN in ch.qos.logback.classic.util.DefaultJoranConfigurator@5b67bb7e - Resource [logback-test.xml] occurs at [file:/Users/amoghmargoor/src/luemyn/proleap-cobol-commons/target/test-classes/logback-test.xml]
23:00:49,339 |-WARN in ch.qos.logback.classic.util.DefaultJoranConfigurator@5b67bb7e - Resource [logback-test.xml] occurs at [file:/Users/amoghmargoor/src/luemyn/proleap-cobol-transform/target/test-classes/logback-test.xml]
23:00:49,380 |-INFO in ch.qos.logback.core.model.processor.AppenderModelHandler - Processing appender named [STDOUT]
23:00:49,380 |-INFO in ch.qos.logback.core.model.processor.AppenderModelHandler - About to instantiate appender of type [ch.qos.logback.core.ConsoleAppender]
23:00:49,382 |-INFO in ch.qos.logback.core.model.processor.ImplicitModelHandler - Assuming default type [ch.qos.logback.classic.encoder.PatternLayoutEncoder] for [encoder] property
23:00:49,401 |-INFO in ch.qos.logback.classic.model.processor.RootLoggerModelHandler - Setting level of ROOT logger to INFO
23:00:49,401 |-INFO in ch.qos.logback.core.model.processor.AppenderRefModelHandler - Attaching appender named [STDOUT] to Logger[ROOT]
23:00:49,401 |-INFO in ch.qos.logback.core.model.processor.DefaultProcessor@609db546 - End of configuration.
23:00:49,402 |-INFO in ch.qos.logback.classic.joran.JoranConfigurator@20f5281c - Registering current configuration as safe fallback point
23:00:49,402 |-INFO in ch.qos.logback.classic.util.ContextInitializer@7c214cc0 - ch.qos.logback.classic.util.DefaultJoranConfigurator.configure() call lasted 65 milliseconds. ExecutionStatus=DO_NOT_INVOKE_NEXT_IF_ANY

2025-06-28 23:00:49 [main] INFO  i.m.c.DefaultApplicationContext$RuntimeConfiguredEnvironment - Established active environments: [test]
2025-06-28 23:00:49 [main] INFO  i.p.c.t.r.i.CobolTransformRuleMatcherImpl - Initialized 119 COBOL transformation rules as [DataDescriptionEntryGroupRenameRule, GoToStatementSimpleLoopRule, ParagraphRule, SourceComputerParagraphRule, DateWrittenParagraphRule, FileControlEntryRule, QualifiedDataCallRule, SectionRule, StatementRule, MnemonicCallRule, ArithmeticValueStmtRuleImpl, MoveCorrespondingPhraseRule, FigurativeConstantRule, MultiplyStatementRule, DataDivisionRule, ProgramCallRule, IntegerLiteralRule, ReceiveStatementRule, MultDivRuleImpl, EnvironmentDivisionRule, GoToStatementDependingRule, ExecSqlStatementRule, ParagraphsRule, StoreRule, CdCallRule, StopStatementRule, SubtractStatementRule, DisplayStatementRule, RelationConditionRuleImpl, SimpleConditionRuleImpl, InputOutputSectionParagraphRule, PlusMinusRuleImpl, SecurityParagraphRule, EnvironmentCallRule, OperandRule, FileControlParagraphRule, RecordCallRule, AndOrConditionRuleImpl, SentenceRule, SetToRule, SetStatementRule, SpecialRegisterCallRule, CompilationUnitRule, SendStatementRule, AddStatementRule, AcceptStatementRule, CombinableConditionRuleImpl, GoToStatementRule, PerformInlineStatementRule, DataDescCallRule, EnvironmentDivisionBodyRule, AddToGivingStatementRule, RemarksParagraphRule, WriteStatementRule, ContinueRule, GoToStatementSimpleRule, BooleanLiteralRule, CallStatementRule, ClassCallRule, IdentificationDivisionBodyRule, MoveStatementRule, WorkingStorageSectionRule, EvaluateStatementRule, InstallationParagraphRule, FileCallRule, LocalCallRule, ProgramIdParagraphRule, ProgramUnitRule, DataValueIntervalClauseRule, ProcedureDivisionBodyRule, MultDivsRuleImpl, BasisRuleImpl, MoveToPhraseRule, SystemCallRule, CobolLiteralRule, DateCompiledParagraphRule, ConditionValueStmtRuleImpl, AddCorrespondingStatementRule, SetByRule, RelationArithmeticComparisonRuleImpl, ProcedureDivisionRule, AlphabetCallRule, AddToStatementRule, PerformStatementRule, PerformProcedureStatementRule, ExitStatementRule, OpenStatementRule, CobolWordRule, ByReferencePhraseRule, ProcedureCallRule, DataCallRule, ReadStatementRule, NumericLiteralRule, DivideStatementRule, IdentificationDivisionRule, ConfigurationSectionParagraphRule, AssignmentCallRule, LibraryCallRule, AuthorParagraphRule, ConfigurationSectionRule, ConditionCallRule, InputOutputSectionRule, TableCallRule, ObjectComputerParagraphRule, PowersRuleImpl, ComputeStatementRule, IdentifierCallRule, ParameterRule, FileSectionRule, IfStatementRule, UsingPhraseRule, LinkageSectionRule, FileDescriptionEntryRule, ReportCallRule, CloseStatementRule, DataDivisionSectionRule, DataDescriptionEntryRule, DataDescriptionEntryGroupRule, ByReferenceRule].
2025-06-28 23:00:49 [main] INFO  i.p.c.t.r.i.CobolTransformationTestRunnerImpl - Transforming file RelationCombinedGreaterAnd.cbl.
2025-06-28 23:00:49 [main] INFO  i.p.c.a.r.impl.CobolParserRunnerImpl - Parsing compilation unit RelationCombinedGreaterAnd.
2025-06-28 23:00:49 [main] INFO  i.p.c.p.impl.CobolPreprocessorImpl - Preprocessing file RelationCombinedGreaterAnd.cbl with line format TANDEM and charset UTF-8.
2025-06-28 23:00:50 [main] INFO  i.p.c.a.r.impl.CobolParserRunnerImpl - Analyzing program units of compilation unit RelationCombinedGreaterAnd.
2025-06-28 23:00:50 [main] INFO  i.p.c.a.r.impl.CobolParserRunnerImpl - Analyzing data divisions of compilation unit RelationCombinedGreaterAnd in step 1.
2025-06-28 23:00:50 [main] INFO  i.p.c.a.r.impl.CobolParserRunnerImpl - Analyzing data divisions of compilation unit RelationCombinedGreaterAnd in step 2.
2025-06-28 23:00:50 [main] INFO  i.p.c.a.r.impl.CobolParserRunnerImpl - Analyzing file control clauses of compilation unit RelationCombinedGreaterAnd.
2025-06-28 23:00:50 [main] INFO  i.p.c.a.r.impl.CobolParserRunnerImpl - Analyzing file description entries of compilation unit RelationCombinedGreaterAnd.
2025-06-28 23:00:50 [main] INFO  i.p.c.a.r.impl.CobolParserRunnerImpl - Analyzing procedure divisions of compilation unit RelationCombinedGreaterAnd.
2025-06-28 23:00:50 [main] INFO  i.p.c.a.r.impl.CobolParserRunnerImpl - Analyzing statements of compilation unit RelationCombinedGreaterAnd.
2025-06-28 23:00:50 [main] INFO  i.p.c.t.j.r.i.CobolTransformationRunnerImpl - Transforming compilation unit RelationCombinedGreaterAnd.
2025-06-28 23:00:50 [main] INFO  i.p.c.t.r.i.CobolTransformationTestRunnerImpl - Comparing artifact file with file RelationCombinedGreaterAnd.java.
]]></system-out>
  </testcase>
</testsuite>