<?xml version="1.0" encoding="UTF-8"?>
<testsuite xmlns:xsi="http://www.w3.org/2001/XMLSchema-instance" xsi:noNamespaceSchemaLocation="https://maven.apache.org/surefire/maven-surefire-plugin/xsd/surefire-test-report-3.0.xsd" version="3.0" name="com.cobolrag.parser.CobolParserIntegrationTest$ComplexStructureTests" time="0.022" tests="1" errors="0" skipped="0" failures="0">
  <properties>
    <property name="java.specification.version" value="23"/>
    <property name="sun.jnu.encoding" value="UTF-8"/>
    <property name="java.class.path" value="/Users/amoghmargoor/src/luemyn/luemyn-app/target/test-classes:/Users/amoghmargoor/src/luemyn/luemyn-app/target/classes:/Users/amoghmargoor/.m2/repository/io/micronaut/micronaut-inject-java/4.1.9/micronaut-inject-java-4.1.9.jar:/Users/amoghmargoor/.m2/repository/io/micronaut/micronaut-core-processor/4.1.9/micronaut-core-processor-4.1.9.jar:/Users/amoghmargoor/.m2/repository/io/micronaut/micronaut-aop/4.1.9/micronaut-aop-4.1.9.jar:/Users/amoghmargoor/.m2/repository/org/ow2/asm/asm-tree/9.5/asm-tree-9.5.jar:/Users/amoghmargoor/.m2/repository/org/ow2/asm/asm/9.5/asm-9.5.jar:/Users/amoghmargoor/.m2/repository/org/ow2/asm/asm-commons/9.5/asm-commons-9.5.jar:/Users/amoghmargoor/.m2/repository/com/github/javaparser/javaparser-symbol-solver-core/3.25.5/javaparser-symbol-solver-core-3.25.5.jar:/Users/amoghmargoor/.m2/repository/com/github/javaparser/javaparser-core/3.25.5/javaparser-core-3.25.5.jar:/Users/amoghmargoor/.m2/repository/io/micronaut/micronaut-core-reactive/4.1.9/micronaut-core-reactive-4.1.9.jar:/Users/amoghmargoor/.m2/repository/jakarta/inject/jakarta.inject-api/2.0.1/jakarta.inject-api-2.0.1.jar:/Users/amoghmargoor/.m2/repository/org/slf4j/slf4j-api/2.0.9/slf4j-api-2.0.9.jar:/Users/amoghmargoor/.m2/repository/org/slf4j/jcl-over-slf4j/2.0.9/jcl-over-slf4j-2.0.9.jar:/Users/amoghmargoor/.m2/repository/org/slf4j/jul-to-slf4j/2.0.9/jul-to-slf4j-2.0.9.jar:/Users/amoghmargoor/.m2/repository/org/slf4j/log4j-over-slf4j/2.0.9/log4j-over-slf4j-2.0.9.jar:/Users/amoghmargoor/.m2/repository/ch/qos/logback/logback-classic/1.4.14/logback-classic-1.4.14.jar:/Users/amoghmargoor/.m2/repository/ch/qos/logback/logback-core/1.4.14/logback-core-1.4.14.jar:/Users/amoghmargoor/.m2/repository/io/micronaut/test/micronaut-test-junit5/4.0.2/micronaut-test-junit5-4.0.2.jar:/Users/amoghmargoor/.m2/repository/io/micronaut/micronaut-inject/4.1.9/micronaut-inject-4.1.9.jar:/Users/amoghmargoor/.m2/repository/jakarta/annotation/jakarta.annotation-api/2.1.1/jakarta.annotation-api-2.1.1.jar:/Users/amoghmargoor/.m2/repository/io/micronaut/micronaut-core/4.1.9/micronaut-core-4.1.9.jar:/Users/amoghmargoor/.m2/repository/io/micronaut/test/micronaut-test-core/4.0.2/micronaut-test-core-4.0.2.jar:/Users/amoghmargoor/.m2/repository/io/micronaut/micronaut-context/4.0.0/micronaut-context-4.0.0.jar:/Users/amoghmargoor/.m2/repository/org/junit/jupiter/junit-jupiter-engine/5.8.2/junit-jupiter-engine-5.8.2.jar:/Users/amoghmargoor/.m2/repository/org/junit/platform/junit-platform-engine/1.8.2/junit-platform-engine-1.8.2.jar:/Users/amoghmargoor/.m2/repository/org/apiguardian/apiguardian-api/1.1.2/apiguardian-api-1.1.2.jar:/Users/amoghmargoor/.m2/repository/dev/langchain4j/langchain4j/0.27.1/langchain4j-0.27.1.jar:/Users/amoghmargoor/.m2/repository/dev/langchain4j/langchain4j-core/0.27.1/langchain4j-core-0.27.1.jar:/Users/amoghmargoor/.m2/repository/com/google/code/gson/gson/2.10.1/gson-2.10.1.jar:/Users/amoghmargoor/.m2/repository/com/squareup/retrofit2/retrofit/2.9.0/retrofit-2.9.0.jar:/Users/amoghmargoor/.m2/repository/org/apache/opennlp/opennlp-tools/1.9.4/opennlp-tools-1.9.4.jar:/Users/amoghmargoor/.m2/repository/org/jsoup/jsoup/1.16.1/jsoup-1.16.1.jar:/Users/amoghmargoor/.m2/repository/dev/langchain4j/langchain4j-open-ai/0.27.1/langchain4j-open-ai-0.27.1.jar:/Users/amoghmargoor/.m2/repository/dev/ai4j/openai4j/0.13.0/openai4j-0.13.0.jar:/Users/amoghmargoor/.m2/repository/com/squareup/retrofit2/converter-gson/2.9.0/converter-gson-2.9.0.jar:/Users/amoghmargoor/.m2/repository/com/squareup/okhttp3/okhttp-sse/4.10.0/okhttp-sse-4.10.0.jar:/Users/amoghmargoor/.m2/repository/com/knuddels/jtokkit/0.6.1/jtokkit-0.6.1.jar:/Users/amoghmargoor/.m2/repository/org/apache/commons/commons-lang3/3.12.0/commons-lang3-3.12.0.jar:/Users/amoghmargoor/.m2/repository/org/neo4j/driver/neo4j-java-driver/5.14.0/neo4j-java-driver-5.14.0.jar:/Users/amoghmargoor/.m2/repository/org/reactivestreams/reactive-streams/1.0.4/reactive-streams-1.0.4.jar:/Users/amoghmargoor/.m2/repository/io/netty/netty-handler/4.1.100.Final/netty-handler-4.1.100.Final.jar:/Users/amoghmargoor/.m2/repository/io/netty/netty-common/4.1.100.Final/netty-common-4.1.100.Final.jar:/Users/amoghmargoor/.m2/repository/io/netty/netty-resolver/4.1.100.Final/netty-resolver-4.1.100.Final.jar:/Users/amoghmargoor/.m2/repository/io/netty/netty-buffer/4.1.100.Final/netty-buffer-4.1.100.Final.jar:/Users/amoghmargoor/.m2/repository/io/netty/netty-transport/4.1.100.Final/netty-transport-4.1.100.Final.jar:/Users/amoghmargoor/.m2/repository/io/netty/netty-transport-native-unix-common/4.1.100.Final/netty-transport-native-unix-common-4.1.100.Final.jar:/Users/amoghmargoor/.m2/repository/io/netty/netty-codec/4.1.100.Final/netty-codec-4.1.100.Final.jar:/Users/amoghmargoor/.m2/repository/io/netty/netty-tcnative-classes/2.0.61.Final/netty-tcnative-classes-2.0.61.Final.jar:/Users/amoghmargoor/.m2/repository/io/projectreactor/reactor-core/3.5.11/reactor-core-3.5.11.jar:/Users/amoghmargoor/.m2/repository/io/github/uwol/proleap-cobol-parser/4.0.0/proleap-cobol-parser-4.0.0.jar:/Users/amoghmargoor/.m2/repository/org/antlr/antlr4/4.7.2/antlr4-4.7.2.jar:/Users/amoghmargoor/.m2/repository/org/antlr/antlr-runtime/3.5.2/antlr-runtime-3.5.2.jar:/Users/amoghmargoor/.m2/repository/org/antlr/ST4/4.1/ST4-4.1.jar:/Users/amoghmargoor/.m2/repository/org/abego/treelayout/org.abego.treelayout.core/1.0.3/org.abego.treelayout.core-1.0.3.jar:/Users/amoghmargoor/.m2/repository/org/glassfish/javax.json/1.0.4/javax.json-1.0.4.jar:/Users/amoghmargoor/.m2/repository/com/ibm/icu/icu4j/61.1/icu4j-61.1.jar:/Users/amoghmargoor/.m2/repository/org/antlr/antlr4-runtime/4.7.2/antlr4-runtime-4.7.2.jar:/Users/amoghmargoor/.m2/repository/com/typesafe/config/1.4.3/config-1.4.3.jar:/Users/amoghmargoor/.m2/repository/org/junit/jupiter/junit-jupiter-api/5.8.2/junit-jupiter-api-5.8.2.jar:/Users/amoghmargoor/.m2/repository/org/opentest4j/opentest4j/1.2.0/opentest4j-1.2.0.jar:/Users/amoghmargoor/.m2/repository/org/junit/platform/junit-platform-commons/1.8.2/junit-platform-commons-1.8.2.jar:/Users/amoghmargoor/.m2/repository/org/mockito/mockito-core/5.17.0/mockito-core-5.17.0.jar:/Users/amoghmargoor/.m2/repository/net/bytebuddy/byte-buddy/1.15.11/byte-buddy-1.15.11.jar:/Users/amoghmargoor/.m2/repository/net/bytebuddy/byte-buddy-agent/1.15.11/byte-buddy-agent-1.15.11.jar:/Users/amoghmargoor/.m2/repository/org/objenesis/objenesis/3.3/objenesis-3.3.jar:/Users/amoghmargoor/.m2/repository/org/mockito/mockito-junit-jupiter/5.17.0/mockito-junit-jupiter-5.17.0.jar:/Users/amoghmargoor/.m2/repository/org/testcontainers/chromadb/1.20.6/chromadb-1.20.6.jar:/Users/amoghmargoor/.m2/repository/org/testcontainers/junit-jupiter/1.20.6/junit-jupiter-1.20.6.jar:/Users/amoghmargoor/.m2/repository/com/squareup/okhttp3/okhttp/4.12.0/okhttp-4.12.0.jar:/Users/amoghmargoor/.m2/repository/com/squareup/okio/okio/3.6.0/okio-3.6.0.jar:/Users/amoghmargoor/.m2/repository/com/squareup/okio/okio-jvm/3.6.0/okio-jvm-3.6.0.jar:/Users/amoghmargoor/.m2/repository/org/jetbrains/kotlin/kotlin-stdlib-common/1.9.10/kotlin-stdlib-common-1.9.10.jar:/Users/amoghmargoor/.m2/repository/org/jetbrains/kotlin/kotlin-stdlib-jdk8/1.8.21/kotlin-stdlib-jdk8-1.8.21.jar:/Users/amoghmargoor/.m2/repository/org/jetbrains/kotlin/kotlin-stdlib/1.8.21/kotlin-stdlib-1.8.21.jar:/Users/amoghmargoor/.m2/repository/org/jetbrains/kotlin/kotlin-stdlib-jdk7/1.8.21/kotlin-stdlib-jdk7-1.8.21.jar:/Users/amoghmargoor/.m2/repository/com/fasterxml/jackson/core/jackson-databind/2.15.2/jackson-databind-2.15.2.jar:/Users/amoghmargoor/.m2/repository/com/fasterxml/jackson/core/jackson-annotations/2.15.2/jackson-annotations-2.15.2.jar:/Users/amoghmargoor/.m2/repository/com/fasterxml/jackson/core/jackson-core/2.15.2/jackson-core-2.15.2.jar:/Users/amoghmargoor/.m2/repository/org/testcontainers/testcontainers/1.20.6/testcontainers-1.20.6.jar:/Users/amoghmargoor/.m2/repository/junit/junit/4.13.2/junit-4.13.2.jar:/Users/amoghmargoor/.m2/repository/org/hamcrest/hamcrest-core/1.3/hamcrest-core-1.3.jar:/Users/amoghmargoor/.m2/repository/org/apache/commons/commons-compress/1.24.0/commons-compress-1.24.0.jar:/Users/amoghmargoor/.m2/repository/org/rnorth/duct-tape/duct-tape/1.0.8/duct-tape-1.0.8.jar:/Users/amoghmargoor/.m2/repository/org/jetbrains/annotations/17.0.0/annotations-17.0.0.jar:/Users/amoghmargoor/.m2/repository/com/github/docker-java/docker-java-api/3.4.1/docker-java-api-3.4.1.jar:/Users/amoghmargoor/.m2/repository/com/github/docker-java/docker-java-transport-zerodep/3.4.1/docker-java-transport-zerodep-3.4.1.jar:/Users/amoghmargoor/.m2/repository/com/github/docker-java/docker-java-transport/3.4.1/docker-java-transport-3.4.1.jar:/Users/amoghmargoor/.m2/repository/net/java/dev/jna/jna/5.13.0/jna-5.13.0.jar:/Users/amoghmargoor/.m2/repository/org/testcontainers/neo4j/1.20.6/neo4j-1.20.6.jar:"/>
    <property name="java.vm.vendor" value="Homebrew"/>
    <property name="sun.arch.data.model" value="64"/>
    <property name="java.vendor.url" value="https://github.com/Homebrew/homebrew-core/issues"/>
    <property name="user.timezone" value="Europe/London"/>
    <property name="os.name" value="Mac OS X"/>
    <property name="java.vm.specification.version" value="23"/>
    <property name="sun.java.launcher" value="SUN_STANDARD"/>
    <property name="user.country" value="US"/>
    <property name="sun.boot.library.path" value="/opt/homebrew/Cellar/openjdk/23.0.2/libexec/openjdk.jdk/Contents/Home/lib"/>
    <property name="sun.java.command" value="/Users/amoghmargoor/src/luemyn/luemyn-app/target/surefire/surefirebooter-20250628230052867_3.jar /Users/amoghmargoor/src/luemyn/luemyn-app/target/surefire 2025-06-28T23-00-52_840-jvmRun1 surefire-20250628230052867_1tmp surefire_0-20250628230052867_2tmp"/>
    <property name="http.nonProxyHosts" value="local|*.local|169.254/16|*.169.254/16"/>
    <property name="jdk.debug" value="release"/>
    <property name="surefire.test.class.path" value="/Users/amoghmargoor/src/luemyn/luemyn-app/target/test-classes:/Users/amoghmargoor/src/luemyn/luemyn-app/target/classes:/Users/amoghmargoor/.m2/repository/io/micronaut/micronaut-inject-java/4.1.9/micronaut-inject-java-4.1.9.jar:/Users/amoghmargoor/.m2/repository/io/micronaut/micronaut-core-processor/4.1.9/micronaut-core-processor-4.1.9.jar:/Users/amoghmargoor/.m2/repository/io/micronaut/micronaut-aop/4.1.9/micronaut-aop-4.1.9.jar:/Users/amoghmargoor/.m2/repository/org/ow2/asm/asm-tree/9.5/asm-tree-9.5.jar:/Users/amoghmargoor/.m2/repository/org/ow2/asm/asm/9.5/asm-9.5.jar:/Users/amoghmargoor/.m2/repository/org/ow2/asm/asm-commons/9.5/asm-commons-9.5.jar:/Users/amoghmargoor/.m2/repository/com/github/javaparser/javaparser-symbol-solver-core/3.25.5/javaparser-symbol-solver-core-3.25.5.jar:/Users/amoghmargoor/.m2/repository/com/github/javaparser/javaparser-core/3.25.5/javaparser-core-3.25.5.jar:/Users/amoghmargoor/.m2/repository/io/micronaut/micronaut-core-reactive/4.1.9/micronaut-core-reactive-4.1.9.jar:/Users/amoghmargoor/.m2/repository/jakarta/inject/jakarta.inject-api/2.0.1/jakarta.inject-api-2.0.1.jar:/Users/amoghmargoor/.m2/repository/org/slf4j/slf4j-api/2.0.9/slf4j-api-2.0.9.jar:/Users/amoghmargoor/.m2/repository/org/slf4j/jcl-over-slf4j/2.0.9/jcl-over-slf4j-2.0.9.jar:/Users/amoghmargoor/.m2/repository/org/slf4j/jul-to-slf4j/2.0.9/jul-to-slf4j-2.0.9.jar:/Users/amoghmargoor/.m2/repository/org/slf4j/log4j-over-slf4j/2.0.9/log4j-over-slf4j-2.0.9.jar:/Users/amoghmargoor/.m2/repository/ch/qos/logback/logback-classic/1.4.14/logback-classic-1.4.14.jar:/Users/amoghmargoor/.m2/repository/ch/qos/logback/logback-core/1.4.14/logback-core-1.4.14.jar:/Users/amoghmargoor/.m2/repository/io/micronaut/test/micronaut-test-junit5/4.0.2/micronaut-test-junit5-4.0.2.jar:/Users/amoghmargoor/.m2/repository/io/micronaut/micronaut-inject/4.1.9/micronaut-inject-4.1.9.jar:/Users/amoghmargoor/.m2/repository/jakarta/annotation/jakarta.annotation-api/2.1.1/jakarta.annotation-api-2.1.1.jar:/Users/amoghmargoor/.m2/repository/io/micronaut/micronaut-core/4.1.9/micronaut-core-4.1.9.jar:/Users/amoghmargoor/.m2/repository/io/micronaut/test/micronaut-test-core/4.0.2/micronaut-test-core-4.0.2.jar:/Users/amoghmargoor/.m2/repository/io/micronaut/micronaut-context/4.0.0/micronaut-context-4.0.0.jar:/Users/amoghmargoor/.m2/repository/org/junit/jupiter/junit-jupiter-engine/5.8.2/junit-jupiter-engine-5.8.2.jar:/Users/amoghmargoor/.m2/repository/org/junit/platform/junit-platform-engine/1.8.2/junit-platform-engine-1.8.2.jar:/Users/amoghmargoor/.m2/repository/org/apiguardian/apiguardian-api/1.1.2/apiguardian-api-1.1.2.jar:/Users/amoghmargoor/.m2/repository/dev/langchain4j/langchain4j/0.27.1/langchain4j-0.27.1.jar:/Users/amoghmargoor/.m2/repository/dev/langchain4j/langchain4j-core/0.27.1/langchain4j-core-0.27.1.jar:/Users/amoghmargoor/.m2/repository/com/google/code/gson/gson/2.10.1/gson-2.10.1.jar:/Users/amoghmargoor/.m2/repository/com/squareup/retrofit2/retrofit/2.9.0/retrofit-2.9.0.jar:/Users/amoghmargoor/.m2/repository/org/apache/opennlp/opennlp-tools/1.9.4/opennlp-tools-1.9.4.jar:/Users/amoghmargoor/.m2/repository/org/jsoup/jsoup/1.16.1/jsoup-1.16.1.jar:/Users/amoghmargoor/.m2/repository/dev/langchain4j/langchain4j-open-ai/0.27.1/langchain4j-open-ai-0.27.1.jar:/Users/amoghmargoor/.m2/repository/dev/ai4j/openai4j/0.13.0/openai4j-0.13.0.jar:/Users/amoghmargoor/.m2/repository/com/squareup/retrofit2/converter-gson/2.9.0/converter-gson-2.9.0.jar:/Users/amoghmargoor/.m2/repository/com/squareup/okhttp3/okhttp-sse/4.10.0/okhttp-sse-4.10.0.jar:/Users/amoghmargoor/.m2/repository/com/knuddels/jtokkit/0.6.1/jtokkit-0.6.1.jar:/Users/amoghmargoor/.m2/repository/org/apache/commons/commons-lang3/3.12.0/commons-lang3-3.12.0.jar:/Users/amoghmargoor/.m2/repository/org/neo4j/driver/neo4j-java-driver/5.14.0/neo4j-java-driver-5.14.0.jar:/Users/amoghmargoor/.m2/repository/org/reactivestreams/reactive-streams/1.0.4/reactive-streams-1.0.4.jar:/Users/amoghmargoor/.m2/repository/io/netty/netty-handler/4.1.100.Final/netty-handler-4.1.100.Final.jar:/Users/amoghmargoor/.m2/repository/io/netty/netty-common/4.1.100.Final/netty-common-4.1.100.Final.jar:/Users/amoghmargoor/.m2/repository/io/netty/netty-resolver/4.1.100.Final/netty-resolver-4.1.100.Final.jar:/Users/amoghmargoor/.m2/repository/io/netty/netty-buffer/4.1.100.Final/netty-buffer-4.1.100.Final.jar:/Users/amoghmargoor/.m2/repository/io/netty/netty-transport/4.1.100.Final/netty-transport-4.1.100.Final.jar:/Users/amoghmargoor/.m2/repository/io/netty/netty-transport-native-unix-common/4.1.100.Final/netty-transport-native-unix-common-4.1.100.Final.jar:/Users/amoghmargoor/.m2/repository/io/netty/netty-codec/4.1.100.Final/netty-codec-4.1.100.Final.jar:/Users/amoghmargoor/.m2/repository/io/netty/netty-tcnative-classes/2.0.61.Final/netty-tcnative-classes-2.0.61.Final.jar:/Users/amoghmargoor/.m2/repository/io/projectreactor/reactor-core/3.5.11/reactor-core-3.5.11.jar:/Users/amoghmargoor/.m2/repository/io/github/uwol/proleap-cobol-parser/4.0.0/proleap-cobol-parser-4.0.0.jar:/Users/amoghmargoor/.m2/repository/org/antlr/antlr4/4.7.2/antlr4-4.7.2.jar:/Users/amoghmargoor/.m2/repository/org/antlr/antlr-runtime/3.5.2/antlr-runtime-3.5.2.jar:/Users/amoghmargoor/.m2/repository/org/antlr/ST4/4.1/ST4-4.1.jar:/Users/amoghmargoor/.m2/repository/org/abego/treelayout/org.abego.treelayout.core/1.0.3/org.abego.treelayout.core-1.0.3.jar:/Users/amoghmargoor/.m2/repository/org/glassfish/javax.json/1.0.4/javax.json-1.0.4.jar:/Users/amoghmargoor/.m2/repository/com/ibm/icu/icu4j/61.1/icu4j-61.1.jar:/Users/amoghmargoor/.m2/repository/org/antlr/antlr4-runtime/4.7.2/antlr4-runtime-4.7.2.jar:/Users/amoghmargoor/.m2/repository/com/typesafe/config/1.4.3/config-1.4.3.jar:/Users/amoghmargoor/.m2/repository/org/junit/jupiter/junit-jupiter-api/5.8.2/junit-jupiter-api-5.8.2.jar:/Users/amoghmargoor/.m2/repository/org/opentest4j/opentest4j/1.2.0/opentest4j-1.2.0.jar:/Users/amoghmargoor/.m2/repository/org/junit/platform/junit-platform-commons/1.8.2/junit-platform-commons-1.8.2.jar:/Users/amoghmargoor/.m2/repository/org/mockito/mockito-core/5.17.0/mockito-core-5.17.0.jar:/Users/amoghmargoor/.m2/repository/net/bytebuddy/byte-buddy/1.15.11/byte-buddy-1.15.11.jar:/Users/amoghmargoor/.m2/repository/net/bytebuddy/byte-buddy-agent/1.15.11/byte-buddy-agent-1.15.11.jar:/Users/amoghmargoor/.m2/repository/org/objenesis/objenesis/3.3/objenesis-3.3.jar:/Users/amoghmargoor/.m2/repository/org/mockito/mockito-junit-jupiter/5.17.0/mockito-junit-jupiter-5.17.0.jar:/Users/amoghmargoor/.m2/repository/org/testcontainers/chromadb/1.20.6/chromadb-1.20.6.jar:/Users/amoghmargoor/.m2/repository/org/testcontainers/junit-jupiter/1.20.6/junit-jupiter-1.20.6.jar:/Users/amoghmargoor/.m2/repository/com/squareup/okhttp3/okhttp/4.12.0/okhttp-4.12.0.jar:/Users/amoghmargoor/.m2/repository/com/squareup/okio/okio/3.6.0/okio-3.6.0.jar:/Users/amoghmargoor/.m2/repository/com/squareup/okio/okio-jvm/3.6.0/okio-jvm-3.6.0.jar:/Users/amoghmargoor/.m2/repository/org/jetbrains/kotlin/kotlin-stdlib-common/1.9.10/kotlin-stdlib-common-1.9.10.jar:/Users/amoghmargoor/.m2/repository/org/jetbrains/kotlin/kotlin-stdlib-jdk8/1.8.21/kotlin-stdlib-jdk8-1.8.21.jar:/Users/amoghmargoor/.m2/repository/org/jetbrains/kotlin/kotlin-stdlib/1.8.21/kotlin-stdlib-1.8.21.jar:/Users/amoghmargoor/.m2/repository/org/jetbrains/kotlin/kotlin-stdlib-jdk7/1.8.21/kotlin-stdlib-jdk7-1.8.21.jar:/Users/amoghmargoor/.m2/repository/com/fasterxml/jackson/core/jackson-databind/2.15.2/jackson-databind-2.15.2.jar:/Users/amoghmargoor/.m2/repository/com/fasterxml/jackson/core/jackson-annotations/2.15.2/jackson-annotations-2.15.2.jar:/Users/amoghmargoor/.m2/repository/com/fasterxml/jackson/core/jackson-core/2.15.2/jackson-core-2.15.2.jar:/Users/amoghmargoor/.m2/repository/org/testcontainers/testcontainers/1.20.6/testcontainers-1.20.6.jar:/Users/amoghmargoor/.m2/repository/junit/junit/4.13.2/junit-4.13.2.jar:/Users/amoghmargoor/.m2/repository/org/hamcrest/hamcrest-core/1.3/hamcrest-core-1.3.jar:/Users/amoghmargoor/.m2/repository/org/apache/commons/commons-compress/1.24.0/commons-compress-1.24.0.jar:/Users/amoghmargoor/.m2/repository/org/rnorth/duct-tape/duct-tape/1.0.8/duct-tape-1.0.8.jar:/Users/amoghmargoor/.m2/repository/org/jetbrains/annotations/17.0.0/annotations-17.0.0.jar:/Users/amoghmargoor/.m2/repository/com/github/docker-java/docker-java-api/3.4.1/docker-java-api-3.4.1.jar:/Users/amoghmargoor/.m2/repository/com/github/docker-java/docker-java-transport-zerodep/3.4.1/docker-java-transport-zerodep-3.4.1.jar:/Users/amoghmargoor/.m2/repository/com/github/docker-java/docker-java-transport/3.4.1/docker-java-transport-3.4.1.jar:/Users/amoghmargoor/.m2/repository/net/java/dev/jna/jna/5.13.0/jna-5.13.0.jar:/Users/amoghmargoor/.m2/repository/org/testcontainers/neo4j/1.20.6/neo4j-1.20.6.jar:"/>
    <property name="sun.cpu.endian" value="little"/>
    <property name="user.home" value="/Users/amoghmargoor"/>
    <property name="user.language" value="en"/>
    <property name="java.specification.vendor" value="Oracle Corporation"/>
    <property name="java.version.date" value="2025-01-21"/>
    <property name="java.home" value="/opt/homebrew/Cellar/openjdk/23.0.2/libexec/openjdk.jdk/Contents/Home"/>
    <property name="file.separator" value="/"/>
    <property name="basedir" value="/Users/amoghmargoor/src/luemyn/luemyn-app"/>
    <property name="java.vm.compressedOopsMode" value="Zero based"/>
    <property name="line.separator" value="&#10;"/>
    <property name="java.vm.specification.vendor" value="Oracle Corporation"/>
    <property name="java.specification.name" value="Java Platform API Specification"/>
    <property name="apple.awt.application.name" value="ForkedBooter"/>
    <property name="surefire.real.class.path" value="/Users/amoghmargoor/src/luemyn/luemyn-app/target/surefire/surefirebooter-20250628230052867_3.jar"/>
    <property name="sun.management.compiler" value="HotSpot 64-Bit Tiered Compilers"/>
    <property name="ftp.nonProxyHosts" value="local|*.local|169.254/16|*.169.254/16"/>
    <property name="java.runtime.version" value="23.0.2"/>
    <property name="user.name" value="amoghmargoor"/>
    <property name="stdout.encoding" value="UTF-8"/>
    <property name="path.separator" value=":"/>
    <property name="os.version" value="14.4.1"/>
    <property name="java.runtime.name" value="OpenJDK Runtime Environment"/>
    <property name="file.encoding" value="UTF-8"/>
    <property name="java.vm.name" value="OpenJDK 64-Bit Server VM"/>
    <property name="java.vendor.version" value="Homebrew"/>
    <property name="localRepository" value="/Users/amoghmargoor/.m2/repository"/>
    <property name="java.vendor.url.bug" value="https://github.com/Homebrew/homebrew-core/issues"/>
    <property name="java.io.tmpdir" value="/var/folders/vz/xk1grx0n7j3d545nd0j9nr240000gn/T/"/>
    <property name="java.version" value="23.0.2"/>
    <property name="user.dir" value="/Users/amoghmargoor/src/luemyn/luemyn-app"/>
    <property name="os.arch" value="aarch64"/>
    <property name="java.vm.specification.name" value="Java Virtual Machine Specification"/>
    <property name="native.encoding" value="UTF-8"/>
    <property name="java.library.path" value="/Users/amoghmargoor/Library/Java/Extensions:/Library/Java/Extensions:/Network/Library/Java/Extensions:/System/Library/Java/Extensions:/usr/lib/java:."/>
    <property name="java.vm.info" value="mixed mode, sharing"/>
    <property name="stderr.encoding" value="UTF-8"/>
    <property name="java.vendor" value="Homebrew"/>
    <property name="java.vm.version" value="23.0.2"/>
    <property name="sun.io.unicode.encoding" value="UnicodeBig"/>
    <property name="socksNonProxyHosts" value="local|*.local|169.254/16|*.169.254/16"/>
    <property name="java.class.version" value="67.0"/>
  </properties>
  <testcase name="shouldHandleNestedCopybooks(Path)" classname="com.cobolrag.parser.CobolParserIntegrationTest$ComplexStructureTests" time="0.021">
    <system-out><![CDATA[23:01:08.716 [main] INFO io.proleap.cobol.asg.runner.impl.CobolParserRunnerImpl -- Parsing compilation unit INVOICE.
23:01:08.717 [main] INFO io.proleap.cobol.preprocessor.impl.CobolPreprocessorImpl -- Preprocessing file INVOICE.cbl with line format FIXED and charset UTF-8.
23:01:08.718 [main] INFO io.proleap.cobol.preprocessor.impl.CobolPreprocessorImpl -- Preprocessing file CUSTOMER.cpy with line format FIXED and charset UTF-8.
23:01:08.719 [main] INFO io.proleap.cobol.preprocessor.impl.CobolPreprocessorImpl -- Preprocessing file PRODUCT.cpy with line format FIXED and charset UTF-8.
23:01:08.735 [main] INFO io.proleap.cobol.asg.runner.impl.CobolParserRunnerImpl -- Analyzing program units of compilation unit INVOICE.
23:01:08.735 [main] INFO io.proleap.cobol.asg.runner.impl.CobolParserRunnerImpl -- Analyzing data divisions of compilation unit INVOICE in step 1.
23:01:08.735 [main] INFO io.proleap.cobol.asg.runner.impl.CobolParserRunnerImpl -- Analyzing data divisions of compilation unit INVOICE in step 2.
23:01:08.735 [main] INFO io.proleap.cobol.asg.runner.impl.CobolParserRunnerImpl -- Analyzing file control clauses of compilation unit INVOICE.
23:01:08.735 [main] INFO io.proleap.cobol.asg.runner.impl.CobolParserRunnerImpl -- Analyzing file description entries of compilation unit INVOICE.
23:01:08.735 [main] INFO io.proleap.cobol.asg.runner.impl.CobolParserRunnerImpl -- Analyzing procedure divisions of compilation unit INVOICE.
23:01:08.735 [main] INFO io.proleap.cobol.asg.runner.impl.CobolParserRunnerImpl -- Analyzing statements of compilation unit INVOICE.
]]></system-out>
  </testcase>
</testsuite>